[ 2017-09-12T09:57:07+08:00 ] ::1 /shengu/
INFO: [ app_init ] --START--
INFO: Run Behavior\BuildLiteBehavior [ RunTime:0.000000s ]
INFO: [ app_init ] --END-- [ RunTime:0.000000s ]
INFO: [ app_begin ] --START--
INFO: Run Behavior\ReadHtmlCacheBehavior [ RunTime:0.001000s ]
INFO: [ app_begin ] --END-- [ RunTime:0.001000s ]
INFO: [ view_parse ] --START--
INFO: [ template_filter ] --START--
INFO: Run Behavior\ContentReplaceBehavior [ RunTime:0.000000s ]
INFO: [ template_filter ] --END-- [ RunTime:0.000000s ]
INFO: Run Behavior\ParseTemplateBehavior [ RunTime:0.007000s ]
INFO: [ view_parse ] --END-- [ RunTime:0.007000s ]
INFO: [ view_filter ] --START--
INFO: Run Behavior\WriteHtmlCacheBehavior [ RunTime:0.000000s ]
INFO: [ view_filter ] --END-- [ RunTime:0.001000s ]
INFO: [ app_end ] --START--
INFO: Run Behavior\ShowPageTraceBehavior [ RunTime:0.000000s ]
INFO: [ app_end ] --END-- [ RunTime:0.001000s ]

[ 2017-09-12T09:57:15+08:00 ] ::1 /shengu/Home/user
INFO: [ app_init ] --START--
INFO: Run Behavior\BuildLiteBehavior [ RunTime:0.000000s ]
INFO: [ app_init ] --END-- [ RunTime:0.001000s ]
INFO: [ app_begin ] --START--
INFO: Run Behavior\ReadHtmlCacheBehavior [ RunTime:0.001000s ]
INFO: [ app_begin ] --END-- [ RunTime:0.001000s ]
ERR: 无法加载控制器:User

[ 2017-09-12T09:57:36+08:00 ] ::1 /shengu/Home/login
INFO: [ app_init ] --START--
INFO: Run Behavior\BuildLiteBehavior [ RunTime:0.000000s ]
INFO: [ app_init ] --END-- [ RunTime:0.000000s ]
INFO: [ app_begin ] --START--
INFO: Run Behavior\ReadHtmlCacheBehavior [ RunTime:0.000000s ]
INFO: [ app_begin ] --END-- [ RunTime:0.000000s ]
SQL: SHOW COLUMNS FROM `user` [ RunTime:0.0170s ]
SQL: SELECT * FROM `user` WHERE ( id=1 )  [ RunTime:0.0000s ]
NOTIC: [8] Array to string conversion F:\wamp\www\shengu\Application\Home\Controller\LoginController.class.php 第 9 行.

[ 2017-09-12T09:57:52+08:00 ] ::1 /shengu/Home/login
INFO: [ app_init ] --START--
INFO: Run Behavior\BuildLiteBehavior [ RunTime:0.000000s ]
INFO: [ app_init ] --END-- [ RunTime:0.001000s ]
INFO: [ app_begin ] --START--
INFO: Run Behavior\ReadHtmlCacheBehavior [ RunTime:0.001000s ]
INFO: [ app_begin ] --END-- [ RunTime:0.001000s ]
SQL: SHOW COLUMNS FROM `user` [ RunTime:0.0030s ]
SQL: SELECT * FROM `user` WHERE ( id=1 )  [ RunTime:0.0010s ]

[ 2017-09-12T10:16:39+08:00 ] ::1 /shengu/Home/login
INFO: [ app_init ] --START--
INFO: Run Behavior\BuildLiteBehavior [ RunTime:0.000000s ]
INFO: [ app_init ] --END-- [ RunTime:0.001000s ]
INFO: [ app_begin ] --START--
INFO: Run Behavior\ReadHtmlCacheBehavior [ RunTime:0.001000s ]
INFO: [ app_begin ] --END-- [ RunTime:0.002000s ]
SQL: SHOW COLUMNS FROM `user` [ RunTime:0.0030s ]
SQL: SELECT * FROM `user`  [ RunTime:0.0000s ]

[ 2017-09-12T10:16:42+08:00 ] ::1 /shengu/Home/login
INFO: [ app_init ] --START--
INFO: Run Behavior\BuildLiteBehavior [ RunTime:0.000000s ]
INFO: [ app_init ] --END-- [ RunTime:0.000000s ]
INFO: [ app_begin ] --START--
INFO: Run Behavior\ReadHtmlCacheBehavior [ RunTime:0.000000s ]
INFO: [ app_begin ] --END-- [ RunTime:0.000000s ]
SQL: SHOW COLUMNS FROM `user` [ RunTime:0.0000s ]
SQL: SELECT * FROM `user`  [ RunTime:0.0000s ]

[ 2017-09-12T10:16:53+08:00 ] ::1 /shengu/Home/login
INFO: [ app_init ] --START--
INFO: Run Behavior\BuildLiteBehavior [ RunTime:0.000000s ]
INFO: [ app_init ] --END-- [ RunTime:0.000000s ]
INFO: [ app_begin ] --START--
INFO: Run Behavior\ReadHtmlCacheBehavior [ RunTime:0.000000s ]
INFO: [ app_begin ] --END-- [ RunTime:0.000000s ]
SQL: SHOW COLUMNS FROM `user` [ RunTime:0.0020s ]
SQL: SELECT * FROM `user` WHERE ( id=1 )  [ RunTime:0.0000s ]

[ 2017-09-12T10:26:05+08:00 ] ::1 /shengu/Home/login
INFO: [ app_init ] --START--
INFO: Run Behavior\BuildLiteBehavior [ RunTime:0.000000s ]
INFO: [ app_init ] --END-- [ RunTime:0.000000s ]
INFO: [ app_begin ] --START--
INFO: Run Behavior\ReadHtmlCacheBehavior [ RunTime:0.000000s ]
INFO: [ app_begin ] --END-- [ RunTime:0.000000s ]
SQL: SHOW COLUMNS FROM `user` [ RunTime:0.0030s ]
SQL: SELECT * FROM `user` WHERE ( id=1 )  [ RunTime:0.0010s ]

[ 2017-09-12T10:26:18+08:00 ] ::1 /shengu/Home/register
INFO: [ app_init ] --START--
INFO: Run Behavior\BuildLiteBehavior [ RunTime:0.000000s ]
INFO: [ app_init ] --END-- [ RunTime:0.000000s ]
INFO: [ app_begin ] --START--
INFO: Run Behavior\ReadHtmlCacheBehavior [ RunTime:0.000000s ]
INFO: [ app_begin ] --END-- [ RunTime:0.000000s ]
SQL: SHOW COLUMNS FROM `user` [ RunTime:0.0030s ]
NOTIC: [8] Undefined index: user F:\wamp\www\shengu\Application\Home\Controller\RegisterController.class.php 第 22 行.
SQL: SELECT * FROM `user` WHERE ( user='%s' )  [ RunTime:0.0010s ]
NOTIC: [8] Undefined index: user F:\wamp\www\shengu\Application\Home\Controller\RegisterController.class.php 第 31 行.
NOTIC: [8] Undefined index: pswd F:\wamp\www\shengu\Application\Home\Controller\RegisterController.class.php 第 32 行.

[ 2017-09-12T10:26:51+08:00 ] ::1 /shengu/Home/register
INFO: [ app_init ] --START--
INFO: Run Behavior\BuildLiteBehavior [ RunTime:0.000000s ]
INFO: [ app_init ] --END-- [ RunTime:0.000000s ]
INFO: [ app_begin ] --START--
INFO: Run Behavior\ReadHtmlCacheBehavior [ RunTime:0.000000s ]
INFO: [ app_begin ] --END-- [ RunTime:0.000000s ]

[ 2017-09-12T10:27:15+08:00 ] ::1 /shengu/Home/register
INFO: [ app_init ] --START--
INFO: Run Behavior\BuildLiteBehavior [ RunTime:0.000000s ]
INFO: [ app_init ] --END-- [ RunTime:0.000000s ]
INFO: [ app_begin ] --START--
INFO: Run Behavior\ReadHtmlCacheBehavior [ RunTime:0.000000s ]
INFO: [ app_begin ] --END-- [ RunTime:0.000000s ]

[ 2017-09-12T10:27:42+08:00 ] ::1 /shengu/Home/register
INFO: [ app_init ] --START--
INFO: Run Behavior\BuildLiteBehavior [ RunTime:0.000000s ]
INFO: [ app_init ] --END-- [ RunTime:0.000000s ]
INFO: [ app_begin ] --START--
INFO: Run Behavior\ReadHtmlCacheBehavior [ RunTime:0.000000s ]
INFO: [ app_begin ] --END-- [ RunTime:0.000000s ]
SQL: SHOW COLUMNS FROM `user` [ RunTime:0.0000s ]
NOTIC: [8] Undefined index: user F:\wamp\www\shengu\Application\Home\Controller\RegisterController.class.php 第 22 行.
SQL: SELECT * FROM `user` WHERE ( user='%s' )  [ RunTime:0.0000s ]
NOTIC: [8] Undefined index: user F:\wamp\www\shengu\Application\Home\Controller\RegisterController.class.php 第 31 行.
NOTIC: [8] Undefined index: pswd F:\wamp\www\shengu\Application\Home\Controller\RegisterController.class.php 第 32 行.

[ 2017-09-12T10:29:05+08:00 ] ::1 /shengu/Home/register
INFO: [ app_init ] --START--
INFO: Run Behavior\BuildLiteBehavior [ RunTime:0.000000s ]
INFO: [ app_init ] --END-- [ RunTime:0.000000s ]
INFO: [ app_begin ] --START--
INFO: Run Behavior\ReadHtmlCacheBehavior [ RunTime:0.000000s ]
INFO: [ app_begin ] --END-- [ RunTime:0.000000s ]
SQL: SHOW COLUMNS FROM `user` [ RunTime:0.0030s ]
NOTIC: [8] Undefined index: user F:\wamp\www\shengu\Application\Home\Controller\RegisterController.class.php 第 22 行.
SQL: SELECT * FROM `user` WHERE ( user='%s' )  [ RunTime:0.0010s ]
NOTIC: [8] Undefined index: user F:\wamp\www\shengu\Application\Home\Controller\RegisterController.class.php 第 31 行.
NOTIC: [8] Undefined index: pswd F:\wamp\www\shengu\Application\Home\Controller\RegisterController.class.php 第 32 行.
SQL: INSERT INTO `user` (`user`,`pswd`,`time`,`type`) VALUES (NULL,NULL,'1505183345','2') [ RunTime:0.0010s ]
NOTIC: [8] Undefined index: user F:\wamp\www\shengu\Application\Home\Controller\RegisterController.class.php 第 38 行.
NOTIC: [8] Undefined index: pswd F:\wamp\www\shengu\Application\Home\Controller\RegisterController.class.php 第 39 行.
INFO: [ app_end ] --START--
INFO: Run Behavior\ShowPageTraceBehavior [ RunTime:0.000000s ]
INFO: [ app_end ] --END-- [ RunTime:0.000000s ]

[ 2017-09-12T10:30:59+08:00 ] ::1 /shengu/Home/register
INFO: [ app_init ] --START--
INFO: Run Behavior\BuildLiteBehavior [ RunTime:0.000000s ]
INFO: [ app_init ] --END-- [ RunTime:0.000000s ]
INFO: [ app_begin ] --START--
INFO: Run Behavior\ReadHtmlCacheBehavior [ RunTime:0.000000s ]
INFO: [ app_begin ] --END-- [ RunTime:0.000000s ]
SQL: SHOW COLUMNS FROM `user` [ RunTime:0.0166s ]
NOTIC: [8] Undefined index: user F:\wamp\www\shengu\Application\Home\Controller\RegisterController.class.php 第 22 行.
SQL: SELECT * FROM `user` WHERE ( user='%s' )  [ RunTime:0.0010s ]
SQL: INSERT INTO `user` (`user`,`pswd`,`time`,`type`) VALUES ('root','63a9f0ea7bb98050796b649e85481845','1505183459','1') [ RunTime:0.0120s ]
NOTIC: [8] Undefined index: user F:\wamp\www\shengu\Application\Home\Controller\RegisterController.class.php 第 40 行.
NOTIC: [8] Undefined index: pswd F:\wamp\www\shengu\Application\Home\Controller\RegisterController.class.php 第 41 行.
INFO: [ app_end ] --START--
INFO: Run Behavior\ShowPageTraceBehavior [ RunTime:0.001000s ]
INFO: [ app_end ] --END-- [ RunTime:0.001000s ]

[ 2017-09-12T10:31:02+08:00 ] ::1 /shengu/Home/register
INFO: [ app_init ] --START--
INFO: Run Behavior\BuildLiteBehavior [ RunTime:0.000000s ]
INFO: [ app_init ] --END-- [ RunTime:0.000000s ]
INFO: [ app_begin ] --START--
INFO: Run Behavior\ReadHtmlCacheBehavior [ RunTime:0.000000s ]
INFO: [ app_begin ] --END-- [ RunTime:0.000000s ]
SQL: SHOW COLUMNS FROM `user` [ RunTime:0.0030s ]
NOTIC: [8] Undefined index: user F:\wamp\www\shengu\Application\Home\Controller\RegisterController.class.php 第 22 行.
SQL: SELECT * FROM `user` WHERE ( user='%s' )  [ RunTime:0.0010s ]
SQL: INSERT INTO `user` (`user`,`pswd`,`time`,`type`) VALUES ('root','63a9f0ea7bb98050796b649e85481845','1505183462','1') [ RunTime:0.0120s ]
NOTIC: [8] Undefined index: user F:\wamp\www\shengu\Application\Home\Controller\RegisterController.class.php 第 40 行.
NOTIC: [8] Undefined index: pswd F:\wamp\www\shengu\Application\Home\Controller\RegisterController.class.php 第 41 行.
INFO: [ app_end ] --START--
INFO: Run Behavior\ShowPageTraceBehavior [ RunTime:0.000000s ]
INFO: [ app_end ] --END-- [ RunTime:0.001000s ]

[ 2017-09-12T10:31:04+08:00 ] ::1 /shengu/Home/register
INFO: [ app_init ] --START--
INFO: Run Behavior\BuildLiteBehavior [ RunTime:0.000000s ]
INFO: [ app_init ] --END-- [ RunTime:0.000000s ]
INFO: [ app_begin ] --START--
INFO: Run Behavior\ReadHtmlCacheBehavior [ RunTime:0.000000s ]
INFO: [ app_begin ] --END-- [ RunTime:0.000000s ]
SQL: SHOW COLUMNS FROM `user` [ RunTime:0.0030s ]
NOTIC: [8] Undefined index: user F:\wamp\www\shengu\Application\Home\Controller\RegisterController.class.php 第 22 行.
SQL: SELECT * FROM `user` WHERE ( user='%s' )  [ RunTime:0.0010s ]
SQL: INSERT INTO `user` (`user`,`pswd`,`time`,`type`) VALUES ('root','63a9f0ea7bb98050796b649e85481845','1505183464','1') [ RunTime:0.0120s ]
NOTIC: [8] Undefined index: user F:\wamp\www\shengu\Application\Home\Controller\RegisterController.class.php 第 40 行.
NOTIC: [8] Undefined index: pswd F:\wamp\www\shengu\Application\Home\Controller\RegisterController.class.php 第 41 行.
INFO: [ app_end ] --START--
INFO: Run Behavior\ShowPageTraceBehavior [ RunTime:0.001000s ]
INFO: [ app_end ] --END-- [ RunTime:0.001000s ]

[ 2017-09-12T10:31:32+08:00 ] ::1 /shengu/Home/register
INFO: [ app_init ] --START--
INFO: Run Behavior\BuildLiteBehavior [ RunTime:0.000000s ]
INFO: [ app_init ] --END-- [ RunTime:0.000000s ]
INFO: [ app_begin ] --START--
INFO: Run Behavior\ReadHtmlCacheBehavior [ RunTime:0.000000s ]
INFO: [ app_begin ] --END-- [ RunTime:0.000000s ]
SQL: SHOW COLUMNS FROM `user` [ RunTime:0.0030s ]
NOTIC: [8] Undefined index: user F:\wamp\www\shengu\Application\Home\Controller\RegisterController.class.php 第 22 行.
SQL: SELECT * FROM `user` WHERE ( user='%s' )  [ RunTime:0.0010s ]
SQL: INSERT INTO `user` (`time`,`type`) VALUES ('1505183492','1') [ RunTime:0.0120s ]
NOTIC: [8] Undefined index: user F:\wamp\www\shengu\Application\Home\Controller\RegisterController.class.php 第 40 行.
NOTIC: [8] Undefined index: pswd F:\wamp\www\shengu\Application\Home\Controller\RegisterController.class.php 第 41 行.
INFO: [ app_end ] --START--
INFO: Run Behavior\ShowPageTraceBehavior [ RunTime:0.000000s ]
INFO: [ app_end ] --END-- [ RunTime:0.000000s ]

[ 2017-09-12T10:34:53+08:00 ] ::1 /shengu/Home/register
INFO: [ app_init ] --START--
INFO: Run Behavior\BuildLiteBehavior [ RunTime:0.000000s ]
INFO: [ app_init ] --END-- [ RunTime:0.000000s ]
INFO: [ app_begin ] --START--
INFO: Run Behavior\ReadHtmlCacheBehavior [ RunTime:0.000000s ]
INFO: [ app_begin ] --END-- [ RunTime:0.000000s ]
SQL: SHOW COLUMNS FROM `user` [ RunTime:0.0020s ]
NOTIC: [8] Undefined index: user F:\wamp\www\shengu\Application\Home\Controller\RegisterController.class.php 第 22 行.
SQL: SELECT * FROM `user` WHERE ( user='%s' )  [ RunTime:0.0000s ]
ERR: 1364:Field 'user' doesn't have a default value
 [ SQL语句 ] : INSERT INTO `user` (`time`,`type`) VALUES ('1505183693','1')
ERR: 1364:Field 'user' doesn't have a default value
 [ SQL语句 ] : INSERT INTO `user` (`time`,`type`) VALUES ('1505183693','1')

[ 2017-09-12T10:35:32+08:00 ] ::1 /shengu/Home/register
INFO: [ app_init ] --START--
INFO: Run Behavior\BuildLiteBehavior [ RunTime:0.000000s ]
INFO: [ app_init ] --END-- [ RunTime:0.000000s ]
INFO: [ app_begin ] --START--
INFO: Run Behavior\ReadHtmlCacheBehavior [ RunTime:0.000000s ]
INFO: [ app_begin ] --END-- [ RunTime:0.000000s ]
SQL: SHOW COLUMNS FROM `user` [ RunTime:0.0030s ]
NOTIC: [8] Undefined index: user F:\wamp\www\shengu\Application\Home\Controller\RegisterController.class.php 第 22 行.
SQL: SELECT * FROM `user` WHERE ( user='%s' )  [ RunTime:0.0000s ]
SQL: INSERT INTO `user` (`user`,`pswd`,`time`,`type`) VALUES ('root','63a9f0ea7bb98050796b649e85481845','1505183732','1') [ RunTime:0.0110s ]
NOTIC: [8] Undefined index: user F:\wamp\www\shengu\Application\Home\Controller\RegisterController.class.php 第 40 行.
NOTIC: [8] Undefined index: pswd F:\wamp\www\shengu\Application\Home\Controller\RegisterController.class.php 第 41 行.
INFO: [ app_end ] --START--
INFO: Run Behavior\ShowPageTraceBehavior [ RunTime:0.001000s ]
INFO: [ app_end ] --END-- [ RunTime:0.001000s ]

[ 2017-09-12T10:39:46+08:00 ] ::1 /shengu/Home/register
INFO: [ app_init ] --START--
INFO: Run Behavior\BuildLiteBehavior [ RunTime:0.000000s ]
INFO: [ app_init ] --END-- [ RunTime:0.000000s ]
INFO: [ app_begin ] --START--
INFO: Run Behavior\ReadHtmlCacheBehavior [ RunTime:0.000000s ]
INFO: [ app_begin ] --END-- [ RunTime:0.000000s ]
NOTIC: [8] Undefined variable: res F:\wamp\www\shengu\Application\Home\Controller\RegisterController.class.php 第 20 行.
SQL: SHOW COLUMNS FROM `user` [ RunTime:0.0030s ]
NOTIC: [8] Undefined index: user F:\wamp\www\shengu\Application\Home\Controller\RegisterController.class.php 第 22 行.
SQL: SELECT * FROM `user` WHERE ( user='%s' )  [ RunTime:0.0010s ]
NOTIC: [8] Undefined index: user F:\wamp\www\shengu\Application\Home\Controller\RegisterController.class.php 第 31 行.
NOTIC: [8] Undefined index: pswd F:\wamp\www\shengu\Application\Home\Controller\RegisterController.class.php 第 32 行.
ERR: 1048:Column 'user' cannot be null
 [ SQL语句 ] : INSERT INTO `user` (`user`,`pswd`,`time`,`type`) VALUES (NULL,NULL,'1505183986','2')
ERR: 1048:Column 'user' cannot be null
 [ SQL语句 ] : INSERT INTO `user` (`user`,`pswd`,`time`,`type`) VALUES (NULL,NULL,'1505183986','2')

[ 2017-09-12T10:40:03+08:00 ] ::1 /shengu/Home/register
INFO: [ app_init ] --START--
INFO: Run Behavior\BuildLiteBehavior [ RunTime:0.000000s ]
INFO: [ app_init ] --END-- [ RunTime:0.000000s ]
INFO: [ app_begin ] --START--
INFO: Run Behavior\ReadHtmlCacheBehavior [ RunTime:0.000000s ]
INFO: [ app_begin ] --END-- [ RunTime:0.000000s ]

[ 2017-09-12T10:40:12+08:00 ] ::1 /shengu/Home/register
INFO: [ app_init ] --START--
INFO: Run Behavior\BuildLiteBehavior [ RunTime:0.000000s ]
INFO: [ app_init ] --END-- [ RunTime:0.000000s ]
INFO: [ app_begin ] --START--
INFO: Run Behavior\ReadHtmlCacheBehavior [ RunTime:0.000000s ]
INFO: [ app_begin ] --END-- [ RunTime:0.000000s ]

[ 2017-09-12T10:40:27+08:00 ] ::1 /shengu/Home/register
INFO: [ app_init ] --START--
INFO: Run Behavior\BuildLiteBehavior [ RunTime:0.000000s ]
INFO: [ app_init ] --END-- [ RunTime:0.000000s ]
INFO: [ app_begin ] --START--
INFO: Run Behavior\ReadHtmlCacheBehavior [ RunTime:0.000000s ]
INFO: [ app_begin ] --END-- [ RunTime:0.000000s ]

[ 2017-09-12T10:40:46+08:00 ] ::1 /shengu/Home/register
INFO: [ app_init ] --START--
INFO: Run Behavior\BuildLiteBehavior [ RunTime:0.000000s ]
INFO: [ app_init ] --END-- [ RunTime:0.000000s ]
INFO: [ app_begin ] --START--
INFO: Run Behavior\ReadHtmlCacheBehavior [ RunTime:0.000000s ]
INFO: [ app_begin ] --END-- [ RunTime:0.000000s ]
SQL: SHOW COLUMNS FROM `user` [ RunTime:0.0020s ]
NOTIC: [8] Undefined index: user F:\wamp\www\shengu\Application\Home\Controller\RegisterController.class.php 第 22 行.
SQL: SELECT * FROM `user` WHERE ( user='%s' )  [ RunTime:0.0000s ]
NOTIC: [8] Undefined index: user F:\wamp\www\shengu\Application\Home\Controller\RegisterController.class.php 第 31 行.
NOTIC: [8] Undefined index: pswd F:\wamp\www\shengu\Application\Home\Controller\RegisterController.class.php 第 32 行.
ERR: 1048:Column 'user' cannot be null
 [ SQL语句 ] : INSERT INTO `user` (`user`,`pswd`,`time`,`type`) VALUES (NULL,NULL,'1505184046','2')
ERR: 1048:Column 'user' cannot be null
 [ SQL语句 ] : INSERT INTO `user` (`user`,`pswd`,`time`,`type`) VALUES (NULL,NULL,'1505184046','2')

[ 2017-09-12T10:42:09+08:00 ] ::1 /shengu/Home/register
INFO: [ app_init ] --START--
INFO: Run Behavior\BuildLiteBehavior [ RunTime:0.000000s ]
INFO: [ app_init ] --END-- [ RunTime:0.000000s ]
INFO: [ app_begin ] --START--
INFO: Run Behavior\ReadHtmlCacheBehavior [ RunTime:0.000000s ]
INFO: [ app_begin ] --END-- [ RunTime:0.000000s ]
SQL: SHOW COLUMNS FROM `user` [ RunTime:0.0010s ]
NOTIC: [8] Undefined index: user F:\wamp\www\shengu\Application\Home\Controller\RegisterController.class.php 第 22 行.
SQL: SELECT * FROM `user` WHERE ( user='%s' )  [ RunTime:0.0010s ]
NOTIC: [8] Undefined index: user F:\wamp\www\shengu\Application\Home\Controller\RegisterController.class.php 第 31 行.
NOTIC: [8] Undefined index: pswd F:\wamp\www\shengu\Application\Home\Controller\RegisterController.class.php 第 32 行.
ERR: 1048:Column 'user' cannot be null
 [ SQL语句 ] : INSERT INTO `user` (`user`,`pswd`,`time`,`type`) VALUES (NULL,NULL,'1505184129','2')
ERR: 1048:Column 'user' cannot be null
 [ SQL语句 ] : INSERT INTO `user` (`user`,`pswd`,`time`,`type`) VALUES (NULL,NULL,'1505184129','2')

[ 2017-09-12T10:44:18+08:00 ] ::1 /shengu/Home/register
INFO: [ app_init ] --START--
INFO: Run Behavior\BuildLiteBehavior [ RunTime:0.000000s ]
INFO: [ app_init ] --END-- [ RunTime:0.000000s ]
INFO: [ app_begin ] --START--
INFO: Run Behavior\ReadHtmlCacheBehavior [ RunTime:0.001000s ]
INFO: [ app_begin ] --END-- [ RunTime:0.001000s ]
SQL: SHOW COLUMNS FROM `user` [ RunTime:0.0030s ]
NOTIC: [8] Undefined index: user F:\wamp\www\shengu\Application\Home\Controller\RegisterController.class.php 第 22 行.
SQL: SELECT * FROM `user` WHERE ( user='%s' )  [ RunTime:0.0010s ]
NOTIC: [8] Undefined index: user F:\wamp\www\shengu\Application\Home\Controller\RegisterController.class.php 第 31 行.
NOTIC: [8] Undefined index: pswd F:\wamp\www\shengu\Application\Home\Controller\RegisterController.class.php 第 32 行.
ERR: 1048:Column 'user' cannot be null
 [ SQL语句 ] : INSERT INTO `user` (`user`,`pswd`,`time`,`type`) VALUES (NULL,NULL,'1505184258','2')
ERR: 1048:Column 'user' cannot be null
 [ SQL语句 ] : INSERT INTO `user` (`user`,`pswd`,`time`,`type`) VALUES (NULL,NULL,'1505184258','2')

[ 2017-09-12T10:44:22+08:00 ] ::1 /shengu/Home/register
INFO: [ app_init ] --START--
INFO: Run Behavior\BuildLiteBehavior [ RunTime:0.000000s ]
INFO: [ app_init ] --END-- [ RunTime:0.000000s ]
INFO: [ app_begin ] --START--
INFO: Run Behavior\ReadHtmlCacheBehavior [ RunTime:0.000000s ]
INFO: [ app_begin ] --END-- [ RunTime:0.000000s ]
SQL: SHOW COLUMNS FROM `user` [ RunTime:0.0020s ]
NOTIC: [8] Undefined index: user F:\wamp\www\shengu\Application\Home\Controller\RegisterController.class.php 第 22 行.
SQL: SELECT * FROM `user` WHERE ( user='%s' )  [ RunTime:0.0000s ]
NOTIC: [8] Undefined index: user F:\wamp\www\shengu\Application\Home\Controller\RegisterController.class.php 第 31 行.
NOTIC: [8] Undefined index: pswd F:\wamp\www\shengu\Application\Home\Controller\RegisterController.class.php 第 32 行.
ERR: 1048:Column 'user' cannot be null
 [ SQL语句 ] : INSERT INTO `user` (`user`,`pswd`,`time`,`type`) VALUES (NULL,NULL,'1505184262','2')
ERR: 1048:Column 'user' cannot be null
 [ SQL语句 ] : INSERT INTO `user` (`user`,`pswd`,`time`,`type`) VALUES (NULL,NULL,'1505184262','2')

[ 2017-09-12T10:44:25+08:00 ] ::1 /shengu/Home/register
INFO: [ app_init ] --START--
INFO: Run Behavior\BuildLiteBehavior [ RunTime:0.000000s ]
INFO: [ app_init ] --END-- [ RunTime:0.000000s ]
INFO: [ app_begin ] --START--
INFO: Run Behavior\ReadHtmlCacheBehavior [ RunTime:0.000000s ]
INFO: [ app_begin ] --END-- [ RunTime:0.000000s ]
SQL: SHOW COLUMNS FROM `user` [ RunTime:0.0030s ]
NOTIC: [8] Undefined index: user F:\wamp\www\shengu\Application\Home\Controller\RegisterController.class.php 第 22 行.
SQL: SELECT * FROM `user` WHERE ( user='%s' )  [ RunTime:0.0010s ]
NOTIC: [8] Undefined index: user F:\wamp\www\shengu\Application\Home\Controller\RegisterController.class.php 第 31 行.
NOTIC: [8] Undefined index: pswd F:\wamp\www\shengu\Application\Home\Controller\RegisterController.class.php 第 32 行.
ERR: 1048:Column 'user' cannot be null
 [ SQL语句 ] : INSERT INTO `user` (`user`,`pswd`,`time`,`type`) VALUES (NULL,NULL,'1505184265','2')
ERR: 1048:Column 'user' cannot be null
 [ SQL语句 ] : INSERT INTO `user` (`user`,`pswd`,`time`,`type`) VALUES (NULL,NULL,'1505184265','2')

[ 2017-09-12T10:44:40+08:00 ] ::1 /shengu/Home/register
INFO: [ app_init ] --START--
INFO: Run Behavior\BuildLiteBehavior [ RunTime:0.000000s ]
INFO: [ app_init ] --END-- [ RunTime:0.000000s ]
INFO: [ app_begin ] --START--
INFO: Run Behavior\ReadHtmlCacheBehavior [ RunTime:0.000000s ]
INFO: [ app_begin ] --END-- [ RunTime:0.000000s ]
SQL: SHOW COLUMNS FROM `user` [ RunTime:0.0030s ]
NOTIC: [8] Undefined index: user F:\wamp\www\shengu\Application\Home\Controller\RegisterController.class.php 第 22 行.
SQL: SELECT * FROM `user` WHERE ( user='%s' )  [ RunTime:0.0010s ]
NOTIC: [8] Undefined index: user F:\wamp\www\shengu\Application\Home\Controller\RegisterController.class.php 第 31 行.
NOTIC: [8] Undefined index: pswd F:\wamp\www\shengu\Application\Home\Controller\RegisterController.class.php 第 32 行.
ERR: 1048:Column 'user' cannot be null
 [ SQL语句 ] : INSERT INTO `user` (`user`,`pswd`,`time`,`type`) VALUES (NULL,NULL,'1505184280','2')
ERR: 1048:Column 'user' cannot be null
 [ SQL语句 ] : INSERT INTO `user` (`user`,`pswd`,`time`,`type`) VALUES (NULL,NULL,'1505184280','2')

[ 2017-09-12T10:44:44+08:00 ] ::1 /shengu/Home/register
INFO: [ app_init ] --START--
INFO: Run Behavior\BuildLiteBehavior [ RunTime:0.000000s ]
INFO: [ app_init ] --END-- [ RunTime:0.000000s ]
INFO: [ app_begin ] --START--
INFO: Run Behavior\ReadHtmlCacheBehavior [ RunTime:0.000000s ]
INFO: [ app_begin ] --END-- [ RunTime:0.000000s ]
SQL: SHOW COLUMNS FROM `user` [ RunTime:0.0020s ]
NOTIC: [8] Undefined index: user F:\wamp\www\shengu\Application\Home\Controller\RegisterController.class.php 第 22 行.
SQL: SELECT * FROM `user` WHERE ( user='%s' )  [ RunTime:0.0000s ]
NOTIC: [8] Undefined index: user F:\wamp\www\shengu\Application\Home\Controller\RegisterController.class.php 第 31 行.
NOTIC: [8] Undefined index: pswd F:\wamp\www\shengu\Application\Home\Controller\RegisterController.class.php 第 32 行.
ERR: 1048:Column 'user' cannot be null
 [ SQL语句 ] : INSERT INTO `user` (`user`,`pswd`,`time`,`type`) VALUES (NULL,NULL,'1505184284','2')
ERR: 1048:Column 'user' cannot be null
 [ SQL语句 ] : INSERT INTO `user` (`user`,`pswd`,`time`,`type`) VALUES (NULL,NULL,'1505184284','2')

[ 2017-09-12T14:55:00+08:00 ] ::1 /shengu/Home/Llogin
INFO: [ app_init ] --START--
INFO: Run Behavior\BuildLiteBehavior [ RunTime:0.000000s ]
INFO: [ app_init ] --END-- [ RunTime:0.001000s ]
INFO: [ app_begin ] --START--
INFO: Run Behavior\ReadHtmlCacheBehavior [ RunTime:0.001000s ]
INFO: [ app_begin ] --END-- [ RunTime:0.001000s ]
ERR: 无法加载控制器:Llogin

[ 2017-09-12T14:55:06+08:00 ] ::1 /shengu/Home/login
INFO: [ app_init ] --START--
INFO: Run Behavior\BuildLiteBehavior [ RunTime:0.000000s ]
INFO: [ app_init ] --END-- [ RunTime:0.000000s ]
INFO: [ app_begin ] --START--
INFO: Run Behavior\ReadHtmlCacheBehavior [ RunTime:0.000000s ]
INFO: [ app_begin ] --END-- [ RunTime:0.000000s ]
SQL: SHOW COLUMNS FROM `user` [ RunTime:0.0030s ]
SQL: SELECT * FROM `user` WHERE ( user=0 )  [ RunTime:0.0000s ]

[ 2017-09-12T15:03:49+08:00 ] ::1 /shengu/Home/login
INFO: [ app_init ] --START--
INFO: Run Behavior\BuildLiteBehavior [ RunTime:0.000000s ]
INFO: [ app_init ] --END-- [ RunTime:0.000000s ]
INFO: [ app_begin ] --START--
INFO: Run Behavior\ReadHtmlCacheBehavior [ RunTime:0.001000s ]
INFO: [ app_begin ] --END-- [ RunTime:0.001000s ]
SQL: SHOW COLUMNS FROM `user` [ RunTime:0.0020s ]
SQL: SELECT * FROM `user` WHERE ( user=0 ) LIMIT 1   [ RunTime:0.0000s ]

[ 2017-09-12T15:03:52+08:00 ] ::1 /shengu/Home/login
INFO: [ app_init ] --START--
INFO: Run Behavior\BuildLiteBehavior [ RunTime:0.000000s ]
INFO: [ app_init ] --END-- [ RunTime:0.000000s ]
INFO: [ app_begin ] --START--
INFO: Run Behavior\ReadHtmlCacheBehavior [ RunTime:0.000000s ]
INFO: [ app_begin ] --END-- [ RunTime:0.000000s ]
SQL: SHOW COLUMNS FROM `user` [ RunTime:0.0030s ]
SQL: SELECT * FROM `user` WHERE ( user=0 ) LIMIT 1   [ RunTime:0.0000s ]

[ 2017-09-12T15:06:07+08:00 ] ::1 /shengu/Home/login
INFO: [ app_init ] --START--
INFO: Run Behavior\BuildLiteBehavior [ RunTime:0.000000s ]
INFO: [ app_init ] --END-- [ RunTime:0.000000s ]
INFO: [ app_begin ] --START--
INFO: Run Behavior\ReadHtmlCacheBehavior [ RunTime:0.000000s ]
INFO: [ app_begin ] --END-- [ RunTime:0.000000s ]
SQL: SHOW COLUMNS FROM `user` [ RunTime:0.0030s ]
SQL: SELECT * FROM `user` WHERE ( user=0 )  [ RunTime:0.0010s ]

[ 2017-09-12T15:06:11+08:00 ] ::1 /shengu/Home/login
INFO: [ app_init ] --START--
INFO: Run Behavior\BuildLiteBehavior [ RunTime:0.000000s ]
INFO: [ app_init ] --END-- [ RunTime:0.000000s ]
INFO: [ app_begin ] --START--
INFO: Run Behavior\ReadHtmlCacheBehavior [ RunTime:0.000000s ]
INFO: [ app_begin ] --END-- [ RunTime:0.000000s ]
SQL: SHOW COLUMNS FROM `user` [ RunTime:0.0020s ]
SQL: SELECT * FROM `user` WHERE ( user=0 )  [ RunTime:0.0000s ]

[ 2017-09-12T15:06:26+08:00 ] ::1 /shengu/Home/login
INFO: [ app_init ] --START--
INFO: Run Behavior\BuildLiteBehavior [ RunTime:0.000000s ]
INFO: [ app_init ] --END-- [ RunTime:0.000000s ]
INFO: [ app_begin ] --START--
INFO: Run Behavior\ReadHtmlCacheBehavior [ RunTime:0.000000s ]
INFO: [ app_begin ] --END-- [ RunTime:0.000000s ]
SQL: SHOW COLUMNS FROM `user` [ RunTime:0.0030s ]
SQL: SELECT * FROM `user` WHERE ( user=0 )  [ RunTime:0.0000s ]

[ 2017-09-12T15:06:28+08:00 ] ::1 /shengu/Home/login
INFO: [ app_init ] --START--
INFO: Run Behavior\BuildLiteBehavior [ RunTime:0.000000s ]
INFO: [ app_init ] --END-- [ RunTime:0.000000s ]
INFO: [ app_begin ] --START--
INFO: Run Behavior\ReadHtmlCacheBehavior [ RunTime:0.000000s ]
INFO: [ app_begin ] --END-- [ RunTime:0.000000s ]
SQL: SHOW COLUMNS FROM `user` [ RunTime:0.0010s ]
SQL: SELECT * FROM `user` WHERE ( user=0 )  [ RunTime:0.0000s ]

[ 2017-09-12T15:06:29+08:00 ] ::1 /shengu/Home/login
INFO: [ app_init ] --START--
INFO: Run Behavior\BuildLiteBehavior [ RunTime:0.000000s ]
INFO: [ app_init ] --END-- [ RunTime:0.000000s ]
INFO: [ app_begin ] --START--
INFO: Run Behavior\ReadHtmlCacheBehavior [ RunTime:0.000000s ]
INFO: [ app_begin ] --END-- [ RunTime:0.001000s ]
SQL: SHOW COLUMNS FROM `user` [ RunTime:0.0010s ]
SQL: SELECT * FROM `user` WHERE ( user=0 )  [ RunTime:0.0010s ]

[ 2017-09-12T15:06:30+08:00 ] ::1 /shengu/Home/login
INFO: [ app_init ] --START--
INFO: Run Behavior\BuildLiteBehavior [ RunTime:0.000000s ]
INFO: [ app_init ] --END-- [ RunTime:0.000000s ]
INFO: [ app_begin ] --START--
INFO: Run Behavior\ReadHtmlCacheBehavior [ RunTime:0.000000s ]
INFO: [ app_begin ] --END-- [ RunTime:0.000000s ]
SQL: SHOW COLUMNS FROM `user` [ RunTime:0.0010s ]
SQL: SELECT * FROM `user` WHERE ( user=0 )  [ RunTime:0.0010s ]

[ 2017-09-12T15:06:30+08:00 ] ::1 /shengu/Home/login
INFO: [ app_init ] --START--
INFO: Run Behavior\BuildLiteBehavior [ RunTime:0.000000s ]
INFO: [ app_init ] --END-- [ RunTime:0.000000s ]
INFO: [ app_begin ] --START--
INFO: Run Behavior\ReadHtmlCacheBehavior [ RunTime:0.000000s ]
INFO: [ app_begin ] --END-- [ RunTime:0.001000s ]
SQL: SHOW COLUMNS FROM `user` [ RunTime:0.0010s ]
SQL: SELECT * FROM `user` WHERE ( user=0 )  [ RunTime:0.0010s ]

[ 2017-09-12T15:06:30+08:00 ] ::1 /shengu/Home/login
INFO: [ app_init ] --START--
INFO: Run Behavior\BuildLiteBehavior [ RunTime:0.000000s ]
INFO: [ app_init ] --END-- [ RunTime:0.001000s ]
INFO: [ app_begin ] --START--
INFO: Run Behavior\ReadHtmlCacheBehavior [ RunTime:0.001000s ]
INFO: [ app_begin ] --END-- [ RunTime:0.001000s ]
SQL: SHOW COLUMNS FROM `user` [ RunTime:0.0010s ]
SQL: SELECT * FROM `user` WHERE ( user=0 )  [ RunTime:0.0000s ]

[ 2017-09-12T15:08:10+08:00 ] ::1 /shengu/Home/register
INFO: [ app_init ] --START--
INFO: Run Behavior\BuildLiteBehavior [ RunTime:0.000000s ]
INFO: [ app_init ] --END-- [ RunTime:0.000000s ]
INFO: [ app_begin ] --START--
INFO: Run Behavior\ReadHtmlCacheBehavior [ RunTime:0.000000s ]
INFO: [ app_begin ] --END-- [ RunTime:0.000000s ]
SQL: SHOW COLUMNS FROM `user` [ RunTime:0.0010s ]
NOTIC: [8] Undefined index: user F:\wamp\www\shengu\Application\Home\Controller\RegisterController.class.php 第 22 行.
SQL: SELECT * FROM `user` WHERE ( user='%s' )  [ RunTime:0.0000s ]
SQL: INSERT INTO `user` (`user`,`pswd`,`time`,`type`) VALUES ('shao','7e77b1ec44a0797f186de678c66f80a0','1505200090','2') [ RunTime:0.0120s ]
INFO: [ app_end ] --START--
INFO: Run Behavior\ShowPageTraceBehavior [ RunTime:0.001000s ]
INFO: [ app_end ] --END-- [ RunTime:0.001000s ]

[ 2017-09-12T15:08:19+08:00 ] ::1 /shengu/Home/login
INFO: [ app_init ] --START--
INFO: Run Behavior\BuildLiteBehavior [ RunTime:0.000000s ]
INFO: [ app_init ] --END-- [ RunTime:0.000000s ]
INFO: [ app_begin ] --START--
INFO: Run Behavior\ReadHtmlCacheBehavior [ RunTime:0.000000s ]
INFO: [ app_begin ] --END-- [ RunTime:0.000000s ]
SQL: SHOW COLUMNS FROM `user` [ RunTime:0.0010s ]
SQL: SELECT * FROM `user` WHERE ( user=0 )  [ RunTime:0.0010s ]

[ 2017-09-12T15:09:46+08:00 ] ::1 /shengu/Home/login
INFO: [ app_init ] --START--
INFO: Run Behavior\BuildLiteBehavior [ RunTime:0.000000s ]
INFO: [ app_init ] --END-- [ RunTime:0.000000s ]
INFO: [ app_begin ] --START--
INFO: Run Behavior\ReadHtmlCacheBehavior [ RunTime:0.000000s ]
INFO: [ app_begin ] --END-- [ RunTime:0.000000s ]
SQL: SHOW COLUMNS FROM `user` [ RunTime:0.0010s ]
SQL: SELECT * FROM `user` WHERE `user` = 'r'  [ RunTime:0.0000s ]

[ 2017-09-12T15:09:48+08:00 ] ::1 /shengu/Home/login
INFO: [ app_init ] --START--
INFO: Run Behavior\BuildLiteBehavior [ RunTime:0.000000s ]
INFO: [ app_init ] --END-- [ RunTime:0.000000s ]
INFO: [ app_begin ] --START--
INFO: Run Behavior\ReadHtmlCacheBehavior [ RunTime:0.000000s ]
INFO: [ app_begin ] --END-- [ RunTime:0.000000s ]
SQL: SHOW COLUMNS FROM `user` [ RunTime:0.0010s ]
SQL: SELECT * FROM `user` WHERE `user` = 'r'  [ RunTime:0.0000s ]

[ 2017-09-12T15:12:35+08:00 ] ::1 /shengu/Home/login
INFO: [ app_init ] --START--
INFO: Run Behavior\BuildLiteBehavior [ RunTime:0.000000s ]
INFO: [ app_init ] --END-- [ RunTime:0.000000s ]
INFO: [ app_begin ] --START--
INFO: Run Behavior\ReadHtmlCacheBehavior [ RunTime:0.000000s ]
INFO: [ app_begin ] --END-- [ RunTime:0.000000s ]

[ 2017-09-12T15:13:07+08:00 ] ::1 /shengu/Home/login
INFO: [ app_init ] --START--
INFO: Run Behavior\BuildLiteBehavior [ RunTime:0.000000s ]
INFO: [ app_init ] --END-- [ RunTime:0.000000s ]
INFO: [ app_begin ] --START--
INFO: Run Behavior\ReadHtmlCacheBehavior [ RunTime:0.000000s ]
INFO: [ app_begin ] --END-- [ RunTime:0.000000s ]

[ 2017-09-12T15:13:09+08:00 ] ::1 /shengu/Home/login
INFO: [ app_init ] --START--
INFO: Run Behavior\BuildLiteBehavior [ RunTime:0.000000s ]
INFO: [ app_init ] --END-- [ RunTime:0.000000s ]
INFO: [ app_begin ] --START--
INFO: Run Behavior\ReadHtmlCacheBehavior [ RunTime:0.000000s ]
INFO: [ app_begin ] --END-- [ RunTime:0.000000s ]

[ 2017-09-12T15:13:22+08:00 ] ::1 /shengu/Home/login
INFO: [ app_init ] --START--
INFO: Run Behavior\BuildLiteBehavior [ RunTime:0.000000s ]
INFO: [ app_init ] --END-- [ RunTime:0.000000s ]
INFO: [ app_begin ] --START--
INFO: Run Behavior\ReadHtmlCacheBehavior [ RunTime:0.000000s ]
INFO: [ app_begin ] --END-- [ RunTime:0.000000s ]
SQL: SHOW COLUMNS FROM `user` [ RunTime:0.0010s ]
NOTIC: [8] Undefined index: user F:\wamp\www\shengu\Application\Home\Controller\LoginController.class.php 第 22 行.
SQL: SELECT * FROM `user` WHERE `user` = null  [ RunTime:0.0000s ]
NOTIC: [8] Undefined index: user F:\wamp\www\shengu\Application\Home\Controller\LoginController.class.php 第 30 行.
NOTIC: [8] Undefined index: pswd F:\wamp\www\shengu\Application\Home\Controller\LoginController.class.php 第 31 行.
NOTIC: [8] Undefined offset: 0 F:\wamp\www\shengu\Application\Home\Controller\LoginController.class.php 第 35 行.
INFO: [ app_end ] --START--
INFO: Run Behavior\ShowPageTraceBehavior [ RunTime:0.001000s ]
INFO: [ app_end ] --END-- [ RunTime:0.001000s ]

[ 2017-09-12T19:10:56+08:00 ] ::1 /shengu/
INFO: [ app_init ] --START--
INFO: Run Behavior\BuildLiteBehavior [ RunTime:0.000000s ]
INFO: [ app_init ] --END-- [ RunTime:0.000000s ]
INFO: [ app_begin ] --START--
INFO: Run Behavior\ReadHtmlCacheBehavior [ RunTime:0.000000s ]
INFO: [ app_begin ] --END-- [ RunTime:0.000000s ]
INFO: [ view_parse ] --START--
INFO: [ template_filter ] --START--
INFO: Run Behavior\ContentReplaceBehavior [ RunTime:0.000000s ]
INFO: [ template_filter ] --END-- [ RunTime:0.000000s ]
INFO: Run Behavior\ParseTemplateBehavior [ RunTime:0.000000s ]
INFO: [ view_parse ] --END-- [ RunTime:0.015600s ]
INFO: [ view_filter ] --START--
INFO: Run Behavior\WriteHtmlCacheBehavior [ RunTime:0.000000s ]
INFO: [ view_filter ] --END-- [ RunTime:0.001000s ]
INFO: [ app_end ] --START--
INFO: Run Behavior\ShowPageTraceBehavior [ RunTime:0.001000s ]
INFO: [ app_end ] --END-- [ RunTime:0.001000s ]

[ 2017-09-12T19:11:06+08:00 ] ::1 /shengu/Home/login
INFO: [ app_init ] --START--
INFO: Run Behavior\BuildLiteBehavior [ RunTime:0.000000s ]
INFO: [ app_init ] --END-- [ RunTime:0.000000s ]
INFO: [ app_begin ] --START--
INFO: Run Behavior\ReadHtmlCacheBehavior [ RunTime:0.001000s ]
INFO: [ app_begin ] --END-- [ RunTime:0.002001s ]
SQL: SHOW COLUMNS FROM `user` [ RunTime:0.0010s ]
NOTIC: [8] Undefined index: user F:\wamp\www\shengu\Application\Home\Controller\LoginController.class.php 第 22 行.
SQL: SELECT * FROM `user` WHERE `user` = null  [ RunTime:0.0000s ]
INFO: [ app_end ] --START--
INFO: Run Behavior\ShowPageTraceBehavior [ RunTime:0.001000s ]
INFO: [ app_end ] --END-- [ RunTime:0.001000s ]

[ 2017-09-12T19:11:19+08:00 ] ::1 /shengu/Home/readExcel
INFO: [ app_init ] --START--
INFO: Run Behavior\BuildLiteBehavior [ RunTime:0.000000s ]
INFO: [ app_init ] --END-- [ RunTime:0.000000s ]
INFO: [ app_begin ] --START--
INFO: Run Behavior\ReadHtmlCacheBehavior [ RunTime:0.000000s ]
INFO: [ app_begin ] --END-- [ RunTime:0.000000s ]
INFO: [ app_end ] --START--
INFO: Run Behavior\ShowPageTraceBehavior [ RunTime:0.002000s ]
INFO: [ app_end ] --END-- [ RunTime:0.002000s ]

[ 2017-09-12T19:12:03+08:00 ] ::1 /shengu/Home/readExcel
INFO: [ app_init ] --START--
INFO: Run Behavior\BuildLiteBehavior [ RunTime:0.000000s ]
INFO: [ app_init ] --END-- [ RunTime:0.000000s ]
INFO: [ app_begin ] --START--
INFO: Run Behavior\ReadHtmlCacheBehavior [ RunTime:0.000000s ]
INFO: [ app_begin ] --END-- [ RunTime:0.000000s ]
INFO: [ app_end ] --START--
INFO: Run Behavior\ShowPageTraceBehavior [ RunTime:0.001000s ]
INFO: [ app_end ] --END-- [ RunTime:0.002000s ]

[ 2017-09-12T19:14:58+08:00 ] ::1 /shengu/Home/readExcel
INFO: [ app_init ] --START--
INFO: Run Behavior\BuildLiteBehavior [ RunTime:0.000000s ]
INFO: [ app_init ] --END-- [ RunTime:0.001000s ]
INFO: [ app_begin ] --START--
INFO: Run Behavior\ReadHtmlCacheBehavior [ RunTime:0.001000s ]
INFO: [ app_begin ] --END-- [ RunTime:0.001000s ]
INFO: [ app_end ] --START--
INFO: Run Behavior\ShowPageTraceBehavior [ RunTime:0.001000s ]
INFO: [ app_end ] --END-- [ RunTime:0.001000s ]

[ 2017-09-12T19:26:19+08:00 ] ::1 /shengu/Home/readExcel
INFO: [ app_init ] --START--
INFO: Run Behavior\BuildLiteBehavior [ RunTime:0.000000s ]
INFO: [ app_init ] --END-- [ RunTime:0.001000s ]
INFO: [ app_begin ] --START--
INFO: Run Behavior\ReadHtmlCacheBehavior [ RunTime:0.000000s ]
INFO: [ app_begin ] --END-- [ RunTime:0.000000s ]
INFO: [ app_end ] --START--
INFO: Run Behavior\ShowPageTraceBehavior [ RunTime:0.002000s ]
INFO: [ app_end ] --END-- [ RunTime:0.002000s ]

[ 2017-09-12T19:30:43+08:00 ] ::1 /shengu/Home/readExcel
INFO: [ app_init ] --START--
INFO: Run Behavior\BuildLiteBehavior [ RunTime:0.000000s ]
INFO: [ app_init ] --END-- [ RunTime:0.000000s ]
INFO: [ app_begin ] --START--
INFO: Run Behavior\ReadHtmlCacheBehavior [ RunTime:0.000000s ]
INFO: [ app_begin ] --END-- [ RunTime:0.000000s ]
NOTIC: [2] Missing argument 2 for Home\Controller\ReadExcelController::init(), called in F:\wamp\www\shengu\Application\Home\Controller\ReadExcelController.class.php on line 12 and defined F:\wamp\www\shengu\Application\Home\Controller\ReadExcelController.class.php 第 18 行.
INFO: [ app_end ] --START--
INFO: Run Behavior\ShowPageTraceBehavior [ RunTime:0.001000s ]
INFO: [ app_end ] --END-- [ RunTime:0.002000s ]

[ 2017-09-12T19:33:36+08:00 ] ::1 /shengu/Home/readExcel
INFO: [ app_init ] --START--
INFO: Run Behavior\BuildLiteBehavior [ RunTime:0.000000s ]
INFO: [ app_init ] --END-- [ RunTime:0.000000s ]
INFO: [ app_begin ] --START--
INFO: Run Behavior\ReadHtmlCacheBehavior [ RunTime:0.000000s ]
INFO: [ app_begin ] --END-- [ RunTime:0.000000s ]
INFO: [ app_end ] --START--
INFO: Run Behavior\ShowPageTraceBehavior [ RunTime:0.001001s ]
INFO: [ app_end ] --END-- [ RunTime:0.001001s ]

[ 2017-09-12T20:09:17+08:00 ] ::1 /shengu/Home/readExcel
INFO: [ app_init ] --START--
INFO: Run Behavior\BuildLiteBehavior [ RunTime:0.000000s ]
INFO: [ app_init ] --END-- [ RunTime:0.000000s ]
INFO: [ app_begin ] --START--
INFO: Run Behavior\ReadHtmlCacheBehavior [ RunTime:0.000000s ]
INFO: [ app_begin ] --END-- [ RunTime:0.000000s ]
NOTIC: [8] Undefined offset: 13 F:\wamp\www\shengu\Application\Home\Controller\ReadExcelController.class.php 第 33 行.
NOTIC: [8] Undefined offset: 13 F:\wamp\www\shengu\Application\Home\Controller\ReadExcelController.class.php 第 33 行.
NOTIC: [8] Undefined offset: 13 F:\wamp\www\shengu\Application\Home\Controller\ReadExcelController.class.php 第 33 行.
NOTIC: [8] Undefined offset: 13 F:\wamp\www\shengu\Application\Home\Controller\ReadExcelController.class.php 第 33 行.
NOTIC: [8] Undefined offset: 13 F:\wamp\www\shengu\Application\Home\Controller\ReadExcelController.class.php 第 33 行.
NOTIC: [8] Undefined offset: 13 F:\wamp\www\shengu\Application\Home\Controller\ReadExcelController.class.php 第 33 行.
NOTIC: [8] Undefined offset: 13 F:\wamp\www\shengu\Application\Home\Controller\ReadExcelController.class.php 第 33 行.
NOTIC: [8] Undefined offset: 13 F:\wamp\www\shengu\Application\Home\Controller\ReadExcelController.class.php 第 33 行.
NOTIC: [8] Undefined offset: 13 F:\wamp\www\shengu\Application\Home\Controller\ReadExcelController.class.php 第 33 行.
NOTIC: [8] Undefined offset: 13 F:\wamp\www\shengu\Application\Home\Controller\ReadExcelController.class.php 第 33 行.
NOTIC: [8] Undefined offset: 13 F:\wamp\www\shengu\Application\Home\Controller\ReadExcelController.class.php 第 33 行.
NOTIC: [8] Undefined offset: 13 F:\wamp\www\shengu\Application\Home\Controller\ReadExcelController.class.php 第 33 行.
NOTIC: [8] Undefined offset: 13 F:\wamp\www\shengu\Application\Home\Controller\ReadExcelController.class.php 第 33 行.
NOTIC: [8] Undefined offset: 5 F:\wamp\www\shengu\Application\Home\Controller\ReadExcelController.class.php 第 25 行.
NOTIC: [8] Undefined offset: 6 F:\wamp\www\shengu\Application\Home\Controller\ReadExcelController.class.php 第 26 行.
NOTIC: [8] Undefined offset: 5 F:\wamp\www\shengu\Application\Home\Controller\ReadExcelController.class.php 第 27 行.
NOTIC: [8] Undefined offset: 9 F:\wamp\www\shengu\Application\Home\Controller\ReadExcelController.class.php 第 27 行.
NOTIC: [8] Undefined offset: 6 F:\wamp\www\shengu\Application\Home\Controller\ReadExcelController.class.php 第 28 行.
NOTIC: [8] Undefined offset: 9 F:\wamp\www\shengu\Application\Home\Controller\ReadExcelController.class.php 第 28 行.
NOTIC: [8] Undefined offset: 9 F:\wamp\www\shengu\Application\Home\Controller\ReadExcelController.class.php 第 29 行.
NOTIC: [8] Undefined offset: 10 F:\wamp\www\shengu\Application\Home\Controller\ReadExcelController.class.php 第 30 行.
NOTIC: [8] Undefined offset: 11 F:\wamp\www\shengu\Application\Home\Controller\ReadExcelController.class.php 第 31 行.
NOTIC: [8] Undefined offset: 12 F:\wamp\www\shengu\Application\Home\Controller\ReadExcelController.class.php 第 32 行.
NOTIC: [8] Undefined offset: 13 F:\wamp\www\shengu\Application\Home\Controller\ReadExcelController.class.php 第 33 行.
NOTIC: [8] Undefined offset: 13 F:\wamp\www\shengu\Application\Home\Controller\ReadExcelController.class.php 第 33 行.
NOTIC: [8] Undefined offset: 13 F:\wamp\www\shengu\Application\Home\Controller\ReadExcelController.class.php 第 33 行.
NOTIC: [8] Undefined offset: 13 F:\wamp\www\shengu\Application\Home\Controller\ReadExcelController.class.php 第 33 行.
NOTIC: [8] Undefined offset: 13 F:\wamp\www\shengu\Application\Home\Controller\ReadExcelController.class.php 第 33 行.
NOTIC: [8] Undefined offset: 13 F:\wamp\www\shengu\Application\Home\Controller\ReadExcelController.class.php 第 33 行.
NOTIC: [8] Undefined offset: 13 F:\wamp\www\shengu\Application\Home\Controller\ReadExcelController.class.php 第 33 行.
NOTIC: [8] Undefined offset: 13 F:\wamp\www\shengu\Application\Home\Controller\ReadExcelController.class.php 第 33 行.
NOTIC: [8] Undefined offset: 13 F:\wamp\www\shengu\Application\Home\Controller\ReadExcelController.class.php 第 33 行.
NOTIC: [8] Undefined offset: 13 F:\wamp\www\shengu\Application\Home\Controller\ReadExcelController.class.php 第 33 行.
NOTIC: [8] Undefined offset: 13 F:\wamp\www\shengu\Application\Home\Controller\ReadExcelController.class.php 第 33 行.
NOTIC: [8] Undefined offset: 13 F:\wamp\www\shengu\Application\Home\Controller\ReadExcelController.class.php 第 33 行.
NOTIC: [8] Undefined offset: 13 F:\wamp\www\shengu\Application\Home\Controller\ReadExcelController.class.php 第 33 行.
NOTIC: [8] Undefined offset: 13 F:\wamp\www\shengu\Application\Home\Controller\ReadExcelController.class.php 第 33 行.
NOTIC: [8] Undefined offset: 13 F:\wamp\www\shengu\Application\Home\Controller\ReadExcelController.class.php 第 33 行.
NOTIC: [8] Undefined offset: 13 F:\wamp\www\shengu\Application\Home\Controller\ReadExcelController.class.php 第 33 行.
NOTIC: [8] Undefined offset: 13 F:\wamp\www\shengu\Application\Home\Controller\ReadExcelController.class.php 第 33 行.
NOTIC: [8] Undefined offset: 13 F:\wamp\www\shengu\Application\Home\Controller\ReadExcelController.class.php 第 33 行.
NOTIC: [8] Undefined offset: 13 F:\wamp\www\shengu\Application\Home\Controller\ReadExcelController.class.php 第 33 行.
NOTIC: [8] Undefined offset: 13 F:\wamp\www\shengu\Application\Home\Controller\ReadExcelController.class.php 第 33 行.
NOTIC: [8] Undefined offset: 13 F:\wamp\www\shengu\Application\Home\Controller\ReadExcelController.class.php 第 33 行.
NOTIC: [8] Undefined offset: 13 F:\wamp\www\shengu\Application\Home\Controller\ReadExcelController.class.php 第 33 行.
NOTIC: [8] Undefined offset: 13 F:\wamp\www\shengu\Application\Home\Controller\ReadExcelController.class.php 第 33 行.
NOTIC: [8] Undefined offset: 13 F:\wamp\www\shengu\Application\Home\Controller\ReadExcelController.class.php 第 33 行.
NOTIC: [8] Undefined offset: 13 F:\wamp\www\shengu\Application\Home\Controller\ReadExcelController.class.php 第 33 行.
NOTIC: [8] Undefined offset: 13 F:\wamp\www\shengu\Application\Home\Controller\ReadExcelController.class.php 第 33 行.
NOTIC: [8] Undefined offset: 13 F:\wamp\www\shengu\Application\Home\Controller\ReadExcelController.class.php 第 33 行.
NOTIC: [8] Undefined offset: 13 F:\wamp\www\shengu\Application\Home\Controller\ReadExcelController.class.php 第 33 行.
NOTIC: [8] Undefined offset: 13 F:\wamp\www\shengu\Application\Home\Controller\ReadExcelController.class.php 第 33 行.
NOTIC: [8] Undefined offset: 13 F:\wamp\www\shengu\Application\Home\Controller\ReadExcelController.class.php 第 33 行.
NOTIC: [8] Undefined offset: 13 F:\wamp\www\shengu\Application\Home\Controller\ReadExcelController.class.php 第 33 行.
NOTIC: [8] Undefined offset: 13 F:\wamp\www\shengu\Application\Home\Controller\ReadExcelController.class.php 第 33 行.
NOTIC: [8] Undefined offset: 13 F:\wamp\www\shengu\Application\Home\Controller\ReadExcelController.class.php 第 33 行.
NOTIC: [8] Undefined offset: 13 F:\wamp\www\shengu\Application\Home\Controller\ReadExcelController.class.php 第 33 行.
NOTIC: [8] Undefined offset: 13 F:\wamp\www\shengu\Application\Home\Controller\ReadExcelController.class.php 第 33 行.
NOTIC: [8] Undefined offset: 16 F:\wamp\www\shengu\Application\Home\Controller\ReadExcelController.class.php 第 54 行.
NOTIC: [8] Undefined offset: 16 F:\wamp\www\shengu\Application\Home\Controller\ReadExcelController.class.php 第 54 行.
NOTIC: [8] Undefined offset: 16 F:\wamp\www\shengu\Application\Home\Controller\ReadExcelController.class.php 第 54 行.
NOTIC: [8] Undefined offset: 16 F:\wamp\www\shengu\Application\Home\Controller\ReadExcelController.class.php 第 54 行.
NOTIC: [8] Undefined offset: 16 F:\wamp\www\shengu\Application\Home\Controller\ReadExcelController.class.php 第 54 行.
NOTIC: [8] Undefined offset: 16 F:\wamp\www\shengu\Application\Home\Controller\ReadExcelController.class.php 第 54 行.
NOTIC: [8] Undefined offset: 16 F:\wamp\www\shengu\Application\Home\Controller\ReadExcelController.class.php 第 54 行.
NOTIC: [8] Undefined offset: 16 F:\wamp\www\shengu\Application\Home\Controller\ReadExcelController.class.php 第 54 行.
NOTIC: [8] Undefined offset: 16 F:\wamp\www\shengu\Application\Home\Controller\ReadExcelController.class.php 第 54 行.
NOTIC: [8] Undefined offset: 16 F:\wamp\www\shengu\Application\Home\Controller\ReadExcelController.class.php 第 54 行.
NOTIC: [8] Undefined offset: 16 F:\wamp\www\shengu\Application\Home\Controller\ReadExcelController.class.php 第 54 行.
NOTIC: [8] Undefined offset: 16 F:\wamp\www\shengu\Application\Home\Controller\ReadExcelController.class.php 第 54 行.
NOTIC: [8] Undefined offset: 16 F:\wamp\www\shengu\Application\Home\Controller\ReadExcelController.class.php 第 54 行.
NOTIC: [8] Undefined offset: 16 F:\wamp\www\shengu\Application\Home\Controller\ReadExcelController.class.php 第 54 行.
NOTIC: [8] Undefined offset: 16 F:\wamp\www\shengu\Application\Home\Controller\ReadExcelController.class.php 第 54 行.
NOTIC: [8] Undefined offset: 16 F:\wamp\www\shengu\Application\Home\Controller\ReadExcelController.class.php 第 54 行.
NOTIC: [8] Undefined offset: 16 F:\wamp\www\shengu\Application\Home\Controller\ReadExcelController.class.php 第 54 行.
NOTIC: [8] Undefined offset: 16 F:\wamp\www\shengu\Application\Home\Controller\ReadExcelController.class.php 第 54 行.
NOTIC: [8] Undefined offset: 16 F:\wamp\www\shengu\Application\Home\Controller\ReadExcelController.class.php 第 54 行.
NOTIC: [8] Undefined offset: 16 F:\wamp\www\shengu\Application\Home\Controller\ReadExcelController.class.php 第 54 行.
NOTIC: [8] Undefined offset: 16 F:\wamp\www\shengu\Application\Home\Controller\ReadExcelController.class.php 第 54 行.
NOTIC: [8] Undefined offset: 16 F:\wamp\www\shengu\Application\Home\Controller\ReadExcelController.class.php 第 54 行.
NOTIC: [8] Undefined offset: 16 F:\wamp\www\shengu\Application\Home\Controller\ReadExcelController.class.php 第 54 行.
NOTIC: [8] Undefined offset: 16 F:\wamp\www\shengu\Application\Home\Controller\ReadExcelController.class.php 第 54 行.
NOTIC: [8] Undefined offset: 16 F:\wamp\www\shengu\Application\Home\Controller\ReadExcelController.class.php 第 54 行.
NOTIC: [8] Undefined offset: 16 F:\wamp\www\shengu\Application\Home\Controller\ReadExcelController.class.php 第 54 行.
NOTIC: [8] Undefined offset: 16 F:\wamp\www\shengu\Application\Home\Controller\ReadExcelController.class.php 第 54 行.
NOTIC: [8] Undefined offset: 16 F:\wamp\www\shengu\Application\Home\Controller\ReadExcelController.class.php 第 54 行.
NOTIC: [8] Undefined offset: 16 F:\wamp\www\shengu\Application\Home\Controller\ReadExcelController.class.php 第 54 行.
NOTIC: [8] Undefined offset: 16 F:\wamp\www\shengu\Application\Home\Controller\ReadExcelController.class.php 第 54 行.
NOTIC: [8] Undefined offset: 16 F:\wamp\www\shengu\Application\Home\Controller\ReadExcelController.class.php 第 54 行.
NOTIC: [8] Undefined offset: 16 F:\wamp\www\shengu\Application\Home\Controller\ReadExcelController.class.php 第 54 行.
NOTIC: [8] Undefined offset: 16 F:\wamp\www\shengu\Application\Home\Controller\ReadExcelController.class.php 第 54 行.
NOTIC: [8] Undefined offset: 16 F:\wamp\www\shengu\Application\Home\Controller\ReadExcelController.class.php 第 54 行.
NOTIC: [8] Undefined offset: 16 F:\wamp\www\shengu\Application\Home\Controller\ReadExcelController.class.php 第 54 行.
NOTIC: [8] Undefined offset: 16 F:\wamp\www\shengu\Application\Home\Controller\ReadExcelController.class.php 第 54 行.
NOTIC: [8] Undefined offset: 16 F:\wamp\www\shengu\Application\Home\Controller\ReadExcelController.class.php 第 54 行.
NOTIC: [8] Undefined offset: 16 F:\wamp\www\shengu\Application\Home\Controller\ReadExcelController.class.php 第 54 行.
NOTIC: [8] Undefined offset: 16 F:\wamp\www\shengu\Application\Home\Controller\ReadExcelController.class.php 第 54 行.
NOTIC: [8] Undefined offset: 16 F:\wamp\www\shengu\Application\Home\Controller\ReadExcelController.class.php 第 54 行.
NOTIC: [8] Undefined offset: 16 F:\wamp\www\shengu\Application\Home\Controller\ReadExcelController.class.php 第 54 行.
NOTIC: [8] Undefined offset: 16 F:\wamp\www\shengu\Application\Home\Controller\ReadExcelController.class.php 第 54 行.
NOTIC: [8] Undefined offset: 16 F:\wamp\www\shengu\Application\Home\Controller\ReadExcelController.class.php 第 54 行.
NOTIC: [8] Undefined offset: 16 F:\wamp\www\shengu\Application\Home\Controller\ReadExcelController.class.php 第 54 行.
INFO: [ app_end ] --START--
INFO: Run Behavior\ShowPageTraceBehavior [ RunTime:0.003000s ]
INFO: [ app_end ] --END-- [ RunTime:0.003000s ]

[ 2017-09-12T20:11:59+08:00 ] ::1 /shengu/Home/readExcel
INFO: [ app_init ] --START--
INFO: Run Behavior\BuildLiteBehavior [ RunTime:0.000000s ]
INFO: [ app_init ] --END-- [ RunTime:0.000000s ]
INFO: [ app_begin ] --START--
INFO: Run Behavior\ReadHtmlCacheBehavior [ RunTime:0.015600s ]
INFO: [ app_begin ] --END-- [ RunTime:0.015600s ]
NOTIC: [8] Undefined offset: 13 F:\wamp\www\shengu\Application\Home\Controller\ReadExcelController.class.php 第 33 行.
NOTIC: [8] Undefined offset: 13 F:\wamp\www\shengu\Application\Home\Controller\ReadExcelController.class.php 第 33 行.
NOTIC: [8] Undefined offset: 13 F:\wamp\www\shengu\Application\Home\Controller\ReadExcelController.class.php 第 33 行.
NOTIC: [8] Undefined offset: 13 F:\wamp\www\shengu\Application\Home\Controller\ReadExcelController.class.php 第 33 行.
NOTIC: [8] Undefined offset: 13 F:\wamp\www\shengu\Application\Home\Controller\ReadExcelController.class.php 第 33 行.
NOTIC: [8] Undefined offset: 13 F:\wamp\www\shengu\Application\Home\Controller\ReadExcelController.class.php 第 33 行.
NOTIC: [8] Undefined offset: 13 F:\wamp\www\shengu\Application\Home\Controller\ReadExcelController.class.php 第 33 行.
NOTIC: [8] Undefined offset: 13 F:\wamp\www\shengu\Application\Home\Controller\ReadExcelController.class.php 第 33 行.
NOTIC: [8] Undefined offset: 13 F:\wamp\www\shengu\Application\Home\Controller\ReadExcelController.class.php 第 33 行.
NOTIC: [8] Undefined offset: 13 F:\wamp\www\shengu\Application\Home\Controller\ReadExcelController.class.php 第 33 行.
NOTIC: [8] Undefined offset: 13 F:\wamp\www\shengu\Application\Home\Controller\ReadExcelController.class.php 第 33 行.
NOTIC: [8] Undefined offset: 13 F:\wamp\www\shengu\Application\Home\Controller\ReadExcelController.class.php 第 33 行.
NOTIC: [8] Undefined offset: 13 F:\wamp\www\shengu\Application\Home\Controller\ReadExcelController.class.php 第 33 行.
NOTIC: [8] Undefined offset: 5 F:\wamp\www\shengu\Application\Home\Controller\ReadExcelController.class.php 第 25 行.
NOTIC: [8] Undefined offset: 6 F:\wamp\www\shengu\Application\Home\Controller\ReadExcelController.class.php 第 26 行.
NOTIC: [8] Undefined offset: 5 F:\wamp\www\shengu\Application\Home\Controller\ReadExcelController.class.php 第 27 行.
NOTIC: [8] Undefined offset: 9 F:\wamp\www\shengu\Application\Home\Controller\ReadExcelController.class.php 第 27 行.
NOTIC: [8] Undefined offset: 6 F:\wamp\www\shengu\Application\Home\Controller\ReadExcelController.class.php 第 28 行.
NOTIC: [8] Undefined offset: 9 F:\wamp\www\shengu\Application\Home\Controller\ReadExcelController.class.php 第 28 行.
NOTIC: [8] Undefined offset: 9 F:\wamp\www\shengu\Application\Home\Controller\ReadExcelController.class.php 第 29 行.
NOTIC: [8] Undefined offset: 10 F:\wamp\www\shengu\Application\Home\Controller\ReadExcelController.class.php 第 30 行.
NOTIC: [8] Undefined offset: 11 F:\wamp\www\shengu\Application\Home\Controller\ReadExcelController.class.php 第 31 行.
NOTIC: [8] Undefined offset: 12 F:\wamp\www\shengu\Application\Home\Controller\ReadExcelController.class.php 第 32 行.
NOTIC: [8] Undefined offset: 13 F:\wamp\www\shengu\Application\Home\Controller\ReadExcelController.class.php 第 33 行.
NOTIC: [8] Undefined offset: 13 F:\wamp\www\shengu\Application\Home\Controller\ReadExcelController.class.php 第 33 行.
NOTIC: [8] Undefined offset: 13 F:\wamp\www\shengu\Application\Home\Controller\ReadExcelController.class.php 第 33 行.
NOTIC: [8] Undefined offset: 13 F:\wamp\www\shengu\Application\Home\Controller\ReadExcelController.class.php 第 33 行.
NOTIC: [8] Undefined offset: 13 F:\wamp\www\shengu\Application\Home\Controller\ReadExcelController.class.php 第 33 行.
NOTIC: [8] Undefined offset: 13 F:\wamp\www\shengu\Application\Home\Controller\ReadExcelController.class.php 第 33 行.
NOTIC: [8] Undefined offset: 13 F:\wamp\www\shengu\Application\Home\Controller\ReadExcelController.class.php 第 33 行.
NOTIC: [8] Undefined offset: 13 F:\wamp\www\shengu\Application\Home\Controller\ReadExcelController.class.php 第 33 行.
NOTIC: [8] Undefined offset: 13 F:\wamp\www\shengu\Application\Home\Controller\ReadExcelController.class.php 第 33 行.
NOTIC: [8] Undefined offset: 13 F:\wamp\www\shengu\Application\Home\Controller\ReadExcelController.class.php 第 33 行.
NOTIC: [8] Undefined offset: 13 F:\wamp\www\shengu\Application\Home\Controller\ReadExcelController.class.php 第 33 行.
NOTIC: [8] Undefined offset: 13 F:\wamp\www\shengu\Application\Home\Controller\ReadExcelController.class.php 第 33 行.
NOTIC: [8] Undefined offset: 13 F:\wamp\www\shengu\Application\Home\Controller\ReadExcelController.class.php 第 33 行.
NOTIC: [8] Undefined offset: 13 F:\wamp\www\shengu\Application\Home\Controller\ReadExcelController.class.php 第 33 行.
NOTIC: [8] Undefined offset: 13 F:\wamp\www\shengu\Application\Home\Controller\ReadExcelController.class.php 第 33 行.
NOTIC: [8] Undefined offset: 13 F:\wamp\www\shengu\Application\Home\Controller\ReadExcelController.class.php 第 33 行.
NOTIC: [8] Undefined offset: 13 F:\wamp\www\shengu\Application\Home\Controller\ReadExcelController.class.php 第 33 行.
NOTIC: [8] Undefined offset: 13 F:\wamp\www\shengu\Application\Home\Controller\ReadExcelController.class.php 第 33 行.
NOTIC: [8] Undefined offset: 13 F:\wamp\www\shengu\Application\Home\Controller\ReadExcelController.class.php 第 33 行.
NOTIC: [8] Undefined offset: 13 F:\wamp\www\shengu\Application\Home\Controller\ReadExcelController.class.php 第 33 行.
NOTIC: [8] Undefined offset: 13 F:\wamp\www\shengu\Application\Home\Controller\ReadExcelController.class.php 第 33 行.
NOTIC: [8] Undefined offset: 13 F:\wamp\www\shengu\Application\Home\Controller\ReadExcelController.class.php 第 33 行.
NOTIC: [8] Undefined offset: 13 F:\wamp\www\shengu\Application\Home\Controller\ReadExcelController.class.php 第 33 行.
NOTIC: [8] Undefined offset: 13 F:\wamp\www\shengu\Application\Home\Controller\ReadExcelController.class.php 第 33 行.
NOTIC: [8] Undefined offset: 13 F:\wamp\www\shengu\Application\Home\Controller\ReadExcelController.class.php 第 33 行.
NOTIC: [8] Undefined offset: 13 F:\wamp\www\shengu\Application\Home\Controller\ReadExcelController.class.php 第 33 行.
NOTIC: [8] Undefined offset: 13 F:\wamp\www\shengu\Application\Home\Controller\ReadExcelController.class.php 第 33 行.
NOTIC: [8] Undefined offset: 13 F:\wamp\www\shengu\Application\Home\Controller\ReadExcelController.class.php 第 33 行.
NOTIC: [8] Undefined offset: 13 F:\wamp\www\shengu\Application\Home\Controller\ReadExcelController.class.php 第 33 行.
NOTIC: [8] Undefined offset: 13 F:\wamp\www\shengu\Application\Home\Controller\ReadExcelController.class.php 第 33 行.
NOTIC: [8] Undefined offset: 13 F:\wamp\www\shengu\Application\Home\Controller\ReadExcelController.class.php 第 33 行.
NOTIC: [8] Undefined offset: 13 F:\wamp\www\shengu\Application\Home\Controller\ReadExcelController.class.php 第 33 行.
NOTIC: [8] Undefined offset: 13 F:\wamp\www\shengu\Application\Home\Controller\ReadExcelController.class.php 第 33 行.
NOTIC: [8] Undefined offset: 13 F:\wamp\www\shengu\Application\Home\Controller\ReadExcelController.class.php 第 33 行.
NOTIC: [8] Undefined offset: 13 F:\wamp\www\shengu\Application\Home\Controller\ReadExcelController.class.php 第 33 行.
NOTIC: [8] Undefined offset: 16 F:\wamp\www\shengu\Application\Home\Controller\ReadExcelController.class.php 第 54 行.
NOTIC: [8] Undefined offset: 16 F:\wamp\www\shengu\Application\Home\Controller\ReadExcelController.class.php 第 54 行.
NOTIC: [8] Undefined offset: 16 F:\wamp\www\shengu\Application\Home\Controller\ReadExcelController.class.php 第 54 行.
NOTIC: [8] Undefined offset: 16 F:\wamp\www\shengu\Application\Home\Controller\ReadExcelController.class.php 第 54 行.
NOTIC: [8] Undefined offset: 16 F:\wamp\www\shengu\Application\Home\Controller\ReadExcelController.class.php 第 54 行.
NOTIC: [8] Undefined offset: 16 F:\wamp\www\shengu\Application\Home\Controller\ReadExcelController.class.php 第 54 行.
NOTIC: [8] Undefined offset: 16 F:\wamp\www\shengu\Application\Home\Controller\ReadExcelController.class.php 第 54 行.
NOTIC: [8] Undefined offset: 16 F:\wamp\www\shengu\Application\Home\Controller\ReadExcelController.class.php 第 54 行.
NOTIC: [8] Undefined offset: 16 F:\wamp\www\shengu\Application\Home\Controller\ReadExcelController.class.php 第 54 行.
NOTIC: [8] Undefined offset: 16 F:\wamp\www\shengu\Application\Home\Controller\ReadExcelController.class.php 第 54 行.
NOTIC: [8] Undefined offset: 16 F:\wamp\www\shengu\Application\Home\Controller\ReadExcelController.class.php 第 54 行.
NOTIC: [8] Undefined offset: 16 F:\wamp\www\shengu\Application\Home\Controller\ReadExcelController.class.php 第 54 行.
NOTIC: [8] Undefined offset: 16 F:\wamp\www\shengu\Application\Home\Controller\ReadExcelController.class.php 第 54 行.
NOTIC: [8] Undefined offset: 16 F:\wamp\www\shengu\Application\Home\Controller\ReadExcelController.class.php 第 54 行.
NOTIC: [8] Undefined offset: 16 F:\wamp\www\shengu\Application\Home\Controller\ReadExcelController.class.php 第 54 行.
NOTIC: [8] Undefined offset: 16 F:\wamp\www\shengu\Application\Home\Controller\ReadExcelController.class.php 第 54 行.
NOTIC: [8] Undefined offset: 16 F:\wamp\www\shengu\Application\Home\Controller\ReadExcelController.class.php 第 54 行.
NOTIC: [8] Undefined offset: 16 F:\wamp\www\shengu\Application\Home\Controller\ReadExcelController.class.php 第 54 行.
NOTIC: [8] Undefined offset: 16 F:\wamp\www\shengu\Application\Home\Controller\ReadExcelController.class.php 第 54 行.
NOTIC: [8] Undefined offset: 16 F:\wamp\www\shengu\Application\Home\Controller\ReadExcelController.class.php 第 54 行.
NOTIC: [8] Undefined offset: 16 F:\wamp\www\shengu\Application\Home\Controller\ReadExcelController.class.php 第 54 行.
NOTIC: [8] Undefined offset: 16 F:\wamp\www\shengu\Application\Home\Controller\ReadExcelController.class.php 第 54 行.
NOTIC: [8] Undefined offset: 16 F:\wamp\www\shengu\Application\Home\Controller\ReadExcelController.class.php 第 54 行.
NOTIC: [8] Undefined offset: 16 F:\wamp\www\shengu\Application\Home\Controller\ReadExcelController.class.php 第 54 行.
NOTIC: [8] Undefined offset: 16 F:\wamp\www\shengu\Application\Home\Controller\ReadExcelController.class.php 第 54 行.
NOTIC: [8] Undefined offset: 16 F:\wamp\www\shengu\Application\Home\Controller\ReadExcelController.class.php 第 54 行.
NOTIC: [8] Undefined offset: 16 F:\wamp\www\shengu\Application\Home\Controller\ReadExcelController.class.php 第 54 行.
NOTIC: [8] Undefined offset: 16 F:\wamp\www\shengu\Application\Home\Controller\ReadExcelController.class.php 第 54 行.
NOTIC: [8] Undefined offset: 16 F:\wamp\www\shengu\Application\Home\Controller\ReadExcelController.class.php 第 54 行.
NOTIC: [8] Undefined offset: 16 F:\wamp\www\shengu\Application\Home\Controller\ReadExcelController.class.php 第 54 行.
NOTIC: [8] Undefined offset: 16 F:\wamp\www\shengu\Application\Home\Controller\ReadExcelController.class.php 第 54 行.
NOTIC: [8] Undefined offset: 16 F:\wamp\www\shengu\Application\Home\Controller\ReadExcelController.class.php 第 54 行.
NOTIC: [8] Undefined offset: 16 F:\wamp\www\shengu\Application\Home\Controller\ReadExcelController.class.php 第 54 行.
NOTIC: [8] Undefined offset: 16 F:\wamp\www\shengu\Application\Home\Controller\ReadExcelController.class.php 第 54 行.
NOTIC: [8] Undefined offset: 16 F:\wamp\www\shengu\Application\Home\Controller\ReadExcelController.class.php 第 54 行.
NOTIC: [8] Undefined offset: 16 F:\wamp\www\shengu\Application\Home\Controller\ReadExcelController.class.php 第 54 行.
NOTIC: [8] Undefined offset: 16 F:\wamp\www\shengu\Application\Home\Controller\ReadExcelController.class.php 第 54 行.
NOTIC: [8] Undefined offset: 16 F:\wamp\www\shengu\Application\Home\Controller\ReadExcelController.class.php 第 54 行.
NOTIC: [8] Undefined offset: 16 F:\wamp\www\shengu\Application\Home\Controller\ReadExcelController.class.php 第 54 行.
NOTIC: [8] Undefined offset: 16 F:\wamp\www\shengu\Application\Home\Controller\ReadExcelController.class.php 第 54 行.
NOTIC: [8] Undefined offset: 16 F:\wamp\www\shengu\Application\Home\Controller\ReadExcelController.class.php 第 54 行.
NOTIC: [8] Undefined offset: 16 F:\wamp\www\shengu\Application\Home\Controller\ReadExcelController.class.php 第 54 行.
NOTIC: [8] Undefined offset: 16 F:\wamp\www\shengu\Application\Home\Controller\ReadExcelController.class.php 第 54 行.
NOTIC: [8] Undefined offset: 16 F:\wamp\www\shengu\Application\Home\Controller\ReadExcelController.class.php 第 54 行.
INFO: [ app_end ] --START--
INFO: Run Behavior\ShowPageTraceBehavior [ RunTime:0.001000s ]
INFO: [ app_end ] --END-- [ RunTime:0.001000s ]

[ 2017-09-12T20:13:44+08:00 ] ::1 /shengu/Home/readExcel
INFO: [ app_init ] --START--
INFO: Run Behavior\BuildLiteBehavior [ RunTime:0.000000s ]
INFO: [ app_init ] --END-- [ RunTime:0.001000s ]
INFO: [ app_begin ] --START--
INFO: Run Behavior\ReadHtmlCacheBehavior [ RunTime:0.001000s ]
INFO: [ app_begin ] --END-- [ RunTime:0.001000s ]
NOTIC: [8] Undefined offset: 13 F:\wamp\www\shengu\Application\Home\Controller\ReadExcelController.class.php 第 33 行.
NOTIC: [8] Undefined offset: 13 F:\wamp\www\shengu\Application\Home\Controller\ReadExcelController.class.php 第 33 行.
NOTIC: [8] Undefined offset: 13 F:\wamp\www\shengu\Application\Home\Controller\ReadExcelController.class.php 第 33 行.
NOTIC: [8] Undefined offset: 13 F:\wamp\www\shengu\Application\Home\Controller\ReadExcelController.class.php 第 33 行.
NOTIC: [8] Undefined offset: 13 F:\wamp\www\shengu\Application\Home\Controller\ReadExcelController.class.php 第 33 行.
NOTIC: [8] Undefined offset: 13 F:\wamp\www\shengu\Application\Home\Controller\ReadExcelController.class.php 第 33 行.
NOTIC: [8] Undefined offset: 13 F:\wamp\www\shengu\Application\Home\Controller\ReadExcelController.class.php 第 33 行.
NOTIC: [8] Undefined offset: 13 F:\wamp\www\shengu\Application\Home\Controller\ReadExcelController.class.php 第 33 行.
NOTIC: [8] Undefined offset: 13 F:\wamp\www\shengu\Application\Home\Controller\ReadExcelController.class.php 第 33 行.
NOTIC: [8] Undefined offset: 13 F:\wamp\www\shengu\Application\Home\Controller\ReadExcelController.class.php 第 33 行.
NOTIC: [8] Undefined offset: 13 F:\wamp\www\shengu\Application\Home\Controller\ReadExcelController.class.php 第 33 行.
NOTIC: [8] Undefined offset: 13 F:\wamp\www\shengu\Application\Home\Controller\ReadExcelController.class.php 第 33 行.
NOTIC: [8] Undefined offset: 13 F:\wamp\www\shengu\Application\Home\Controller\ReadExcelController.class.php 第 33 行.
NOTIC: [8] Undefined offset: 5 F:\wamp\www\shengu\Application\Home\Controller\ReadExcelController.class.php 第 25 行.
NOTIC: [8] Undefined offset: 6 F:\wamp\www\shengu\Application\Home\Controller\ReadExcelController.class.php 第 26 行.
NOTIC: [8] Undefined offset: 5 F:\wamp\www\shengu\Application\Home\Controller\ReadExcelController.class.php 第 27 行.
NOTIC: [8] Undefined offset: 9 F:\wamp\www\shengu\Application\Home\Controller\ReadExcelController.class.php 第 27 行.
NOTIC: [8] Undefined offset: 6 F:\wamp\www\shengu\Application\Home\Controller\ReadExcelController.class.php 第 28 行.
NOTIC: [8] Undefined offset: 9 F:\wamp\www\shengu\Application\Home\Controller\ReadExcelController.class.php 第 28 行.
NOTIC: [8] Undefined offset: 9 F:\wamp\www\shengu\Application\Home\Controller\ReadExcelController.class.php 第 29 行.
NOTIC: [8] Undefined offset: 10 F:\wamp\www\shengu\Application\Home\Controller\ReadExcelController.class.php 第 30 行.
NOTIC: [8] Undefined offset: 11 F:\wamp\www\shengu\Application\Home\Controller\ReadExcelController.class.php 第 31 行.
NOTIC: [8] Undefined offset: 12 F:\wamp\www\shengu\Application\Home\Controller\ReadExcelController.class.php 第 32 行.
NOTIC: [8] Undefined offset: 13 F:\wamp\www\shengu\Application\Home\Controller\ReadExcelController.class.php 第 33 行.
NOTIC: [8] Undefined offset: 13 F:\wamp\www\shengu\Application\Home\Controller\ReadExcelController.class.php 第 33 行.
NOTIC: [8] Undefined offset: 13 F:\wamp\www\shengu\Application\Home\Controller\ReadExcelController.class.php 第 33 行.
NOTIC: [8] Undefined offset: 13 F:\wamp\www\shengu\Application\Home\Controller\ReadExcelController.class.php 第 33 行.
NOTIC: [8] Undefined offset: 13 F:\wamp\www\shengu\Application\Home\Controller\ReadExcelController.class.php 第 33 行.
NOTIC: [8] Undefined offset: 13 F:\wamp\www\shengu\Application\Home\Controller\ReadExcelController.class.php 第 33 行.
NOTIC: [8] Undefined offset: 13 F:\wamp\www\shengu\Application\Home\Controller\ReadExcelController.class.php 第 33 行.
NOTIC: [8] Undefined offset: 13 F:\wamp\www\shengu\Application\Home\Controller\ReadExcelController.class.php 第 33 行.
NOTIC: [8] Undefined offset: 13 F:\wamp\www\shengu\Application\Home\Controller\ReadExcelController.class.php 第 33 行.
NOTIC: [8] Undefined offset: 13 F:\wamp\www\shengu\Application\Home\Controller\ReadExcelController.class.php 第 33 行.
NOTIC: [8] Undefined offset: 13 F:\wamp\www\shengu\Application\Home\Controller\ReadExcelController.class.php 第 33 行.
NOTIC: [8] Undefined offset: 13 F:\wamp\www\shengu\Application\Home\Controller\ReadExcelController.class.php 第 33 行.
NOTIC: [8] Undefined offset: 13 F:\wamp\www\shengu\Application\Home\Controller\ReadExcelController.class.php 第 33 行.
NOTIC: [8] Undefined offset: 13 F:\wamp\www\shengu\Application\Home\Controller\ReadExcelController.class.php 第 33 行.
NOTIC: [8] Undefined offset: 13 F:\wamp\www\shengu\Application\Home\Controller\ReadExcelController.class.php 第 33 行.
NOTIC: [8] Undefined offset: 13 F:\wamp\www\shengu\Application\Home\Controller\ReadExcelController.class.php 第 33 行.
NOTIC: [8] Undefined offset: 13 F:\wamp\www\shengu\Application\Home\Controller\ReadExcelController.class.php 第 33 行.
NOTIC: [8] Undefined offset: 13 F:\wamp\www\shengu\Application\Home\Controller\ReadExcelController.class.php 第 33 行.
NOTIC: [8] Undefined offset: 13 F:\wamp\www\shengu\Application\Home\Controller\ReadExcelController.class.php 第 33 行.
NOTIC: [8] Undefined offset: 13 F:\wamp\www\shengu\Application\Home\Controller\ReadExcelController.class.php 第 33 行.
NOTIC: [8] Undefined offset: 13 F:\wamp\www\shengu\Application\Home\Controller\ReadExcelController.class.php 第 33 行.
NOTIC: [8] Undefined offset: 13 F:\wamp\www\shengu\Application\Home\Controller\ReadExcelController.class.php 第 33 行.
NOTIC: [8] Undefined offset: 13 F:\wamp\www\shengu\Application\Home\Controller\ReadExcelController.class.php 第 33 行.
NOTIC: [8] Undefined offset: 13 F:\wamp\www\shengu\Application\Home\Controller\ReadExcelController.class.php 第 33 行.
NOTIC: [8] Undefined offset: 13 F:\wamp\www\shengu\Application\Home\Controller\ReadExcelController.class.php 第 33 行.
NOTIC: [8] Undefined offset: 13 F:\wamp\www\shengu\Application\Home\Controller\ReadExcelController.class.php 第 33 行.
NOTIC: [8] Undefined offset: 13 F:\wamp\www\shengu\Application\Home\Controller\ReadExcelController.class.php 第 33 行.
NOTIC: [8] Undefined offset: 13 F:\wamp\www\shengu\Application\Home\Controller\ReadExcelController.class.php 第 33 行.
NOTIC: [8] Undefined offset: 13 F:\wamp\www\shengu\Application\Home\Controller\ReadExcelController.class.php 第 33 行.
NOTIC: [8] Undefined offset: 13 F:\wamp\www\shengu\Application\Home\Controller\ReadExcelController.class.php 第 33 行.
NOTIC: [8] Undefined offset: 13 F:\wamp\www\shengu\Application\Home\Controller\ReadExcelController.class.php 第 33 行.
NOTIC: [8] Undefined offset: 13 F:\wamp\www\shengu\Application\Home\Controller\ReadExcelController.class.php 第 33 行.
NOTIC: [8] Undefined offset: 13 F:\wamp\www\shengu\Application\Home\Controller\ReadExcelController.class.php 第 33 行.
NOTIC: [8] Undefined offset: 13 F:\wamp\www\shengu\Application\Home\Controller\ReadExcelController.class.php 第 33 行.
NOTIC: [8] Undefined offset: 13 F:\wamp\www\shengu\Application\Home\Controller\ReadExcelController.class.php 第 33 行.
NOTIC: [8] Undefined offset: 16 F:\wamp\www\shengu\Application\Home\Controller\ReadExcelController.class.php 第 54 行.
NOTIC: [8] Undefined offset: 16 F:\wamp\www\shengu\Application\Home\Controller\ReadExcelController.class.php 第 54 行.
NOTIC: [8] Undefined offset: 16 F:\wamp\www\shengu\Application\Home\Controller\ReadExcelController.class.php 第 54 行.
NOTIC: [8] Undefined offset: 16 F:\wamp\www\shengu\Application\Home\Controller\ReadExcelController.class.php 第 54 行.
NOTIC: [8] Undefined offset: 16 F:\wamp\www\shengu\Application\Home\Controller\ReadExcelController.class.php 第 54 行.
NOTIC: [8] Undefined offset: 16 F:\wamp\www\shengu\Application\Home\Controller\ReadExcelController.class.php 第 54 行.
NOTIC: [8] Undefined offset: 16 F:\wamp\www\shengu\Application\Home\Controller\ReadExcelController.class.php 第 54 行.
NOTIC: [8] Undefined offset: 16 F:\wamp\www\shengu\Application\Home\Controller\ReadExcelController.class.php 第 54 行.
NOTIC: [8] Undefined offset: 16 F:\wamp\www\shengu\Application\Home\Controller\ReadExcelController.class.php 第 54 行.
NOTIC: [8] Undefined offset: 16 F:\wamp\www\shengu\Application\Home\Controller\ReadExcelController.class.php 第 54 行.
NOTIC: [8] Undefined offset: 16 F:\wamp\www\shengu\Application\Home\Controller\ReadExcelController.class.php 第 54 行.
NOTIC: [8] Undefined offset: 16 F:\wamp\www\shengu\Application\Home\Controller\ReadExcelController.class.php 第 54 行.
NOTIC: [8] Undefined offset: 16 F:\wamp\www\shengu\Application\Home\Controller\ReadExcelController.class.php 第 54 行.
NOTIC: [8] Undefined offset: 16 F:\wamp\www\shengu\Application\Home\Controller\ReadExcelController.class.php 第 54 行.
NOTIC: [8] Undefined offset: 16 F:\wamp\www\shengu\Application\Home\Controller\ReadExcelController.class.php 第 54 行.
NOTIC: [8] Undefined offset: 16 F:\wamp\www\shengu\Application\Home\Controller\ReadExcelController.class.php 第 54 行.
NOTIC: [8] Undefined offset: 16 F:\wamp\www\shengu\Application\Home\Controller\ReadExcelController.class.php 第 54 行.
NOTIC: [8] Undefined offset: 16 F:\wamp\www\shengu\Application\Home\Controller\ReadExcelController.class.php 第 54 行.
NOTIC: [8] Undefined offset: 16 F:\wamp\www\shengu\Application\Home\Controller\ReadExcelController.class.php 第 54 行.
NOTIC: [8] Undefined offset: 16 F:\wamp\www\shengu\Application\Home\Controller\ReadExcelController.class.php 第 54 行.
NOTIC: [8] Undefined offset: 16 F:\wamp\www\shengu\Application\Home\Controller\ReadExcelController.class.php 第 54 行.
NOTIC: [8] Undefined offset: 16 F:\wamp\www\shengu\Application\Home\Controller\ReadExcelController.class.php 第 54 行.
NOTIC: [8] Undefined offset: 16 F:\wamp\www\shengu\Application\Home\Controller\ReadExcelController.class.php 第 54 行.
NOTIC: [8] Undefined offset: 16 F:\wamp\www\shengu\Application\Home\Controller\ReadExcelController.class.php 第 54 行.
NOTIC: [8] Undefined offset: 16 F:\wamp\www\shengu\Application\Home\Controller\ReadExcelController.class.php 第 54 行.
NOTIC: [8] Undefined offset: 16 F:\wamp\www\shengu\Application\Home\Controller\ReadExcelController.class.php 第 54 行.
NOTIC: [8] Undefined offset: 16 F:\wamp\www\shengu\Application\Home\Controller\ReadExcelController.class.php 第 54 行.
NOTIC: [8] Undefined offset: 16 F:\wamp\www\shengu\Application\Home\Controller\ReadExcelController.class.php 第 54 行.
NOTIC: [8] Undefined offset: 16 F:\wamp\www\shengu\Application\Home\Controller\ReadExcelController.class.php 第 54 行.
NOTIC: [8] Undefined offset: 16 F:\wamp\www\shengu\Application\Home\Controller\ReadExcelController.class.php 第 54 行.
NOTIC: [8] Undefined offset: 16 F:\wamp\www\shengu\Application\Home\Controller\ReadExcelController.class.php 第 54 行.
NOTIC: [8] Undefined offset: 16 F:\wamp\www\shengu\Application\Home\Controller\ReadExcelController.class.php 第 54 行.
NOTIC: [8] Undefined offset: 16 F:\wamp\www\shengu\Application\Home\Controller\ReadExcelController.class.php 第 54 行.
NOTIC: [8] Undefined offset: 16 F:\wamp\www\shengu\Application\Home\Controller\ReadExcelController.class.php 第 54 行.
NOTIC: [8] Undefined offset: 16 F:\wamp\www\shengu\Application\Home\Controller\ReadExcelController.class.php 第 54 行.
NOTIC: [8] Undefined offset: 16 F:\wamp\www\shengu\Application\Home\Controller\ReadExcelController.class.php 第 54 行.
NOTIC: [8] Undefined offset: 16 F:\wamp\www\shengu\Application\Home\Controller\ReadExcelController.class.php 第 54 行.
NOTIC: [8] Undefined offset: 16 F:\wamp\www\shengu\Application\Home\Controller\ReadExcelController.class.php 第 54 行.
NOTIC: [8] Undefined offset: 16 F:\wamp\www\shengu\Application\Home\Controller\ReadExcelController.class.php 第 54 行.
NOTIC: [8] Undefined offset: 16 F:\wamp\www\shengu\Application\Home\Controller\ReadExcelController.class.php 第 54 行.
NOTIC: [8] Undefined offset: 16 F:\wamp\www\shengu\Application\Home\Controller\ReadExcelController.class.php 第 54 行.
NOTIC: [8] Undefined offset: 16 F:\wamp\www\shengu\Application\Home\Controller\ReadExcelController.class.php 第 54 行.
NOTIC: [8] Undefined offset: 16 F:\wamp\www\shengu\Application\Home\Controller\ReadExcelController.class.php 第 54 行.
NOTIC: [8] Undefined offset: 16 F:\wamp\www\shengu\Application\Home\Controller\ReadExcelController.class.php 第 54 行.
INFO: [ app_end ] --START--
INFO: Run Behavior\ShowPageTraceBehavior [ RunTime:0.001000s ]
INFO: [ app_end ] --END-- [ RunTime:0.001000s ]

