[ 2017-10-03T17:54:54+08:00 ] ::1 /shengu/Home/list
INFO: [ app_init ] --START--
INFO: Run Behavior\BuildLiteBehavior [ RunTime:0.000000s ]
INFO: [ app_init ] --END-- [ RunTime:0.000000s ]
INFO: [ app_begin ] --START--
INFO: Run Behavior\ReadHtmlCacheBehavior [ RunTime:0.001000s ]
INFO: [ app_begin ] --END-- [ RunTime:0.001000s ]
NOTIC: [8] Undefined index: plat F:\wamp\www\shengu\Application\Home\Controller\ListController.class.php 第 20 行.
SQL: select * from blog a,blogproviders b where b.disFirstPri = (select min(c.disFirstPri) from blogproviders c where c.pid like concat('%',a.name,'_%')) and b.pid like concat('%',a.name,'_%') group by a.name order by a.id desc [ RunTime:0.3210s ]
NOTIC: [8] Undefined index: page F:\wamp\www\shengu\Application\Home\Controller\ListController.class.php 第 102 行.
INFO: [ app_end ] --START--
INFO: Run Behavior\ShowPageTraceBehavior [ RunTime:0.001000s ]
INFO: [ app_end ] --END-- [ RunTime:0.001000s ]

[ 2017-10-03T18:00:28+08:00 ] ::1 /shengu/Home/Single
INFO: [ app_init ] --START--
INFO: Run Behavior\BuildLiteBehavior [ RunTime:0.000000s ]
INFO: [ app_init ] --END-- [ RunTime:0.000000s ]
INFO: [ app_begin ] --START--
INFO: Run Behavior\ReadHtmlCacheBehavior [ RunTime:0.001000s ]
INFO: [ app_begin ] --END-- [ RunTime:0.001000s ]
NOTIC: [8] Undefined index: name F:\wamp\www\shengu\Application\Home\Controller\SingleController.class.php 第 19 行.
NOTIC: [8] Undefined index: provider F:\wamp\www\shengu\Application\Home\Controller\SingleController.class.php 第 20 行.
SQL: select * from blog a,blogproviders b where a.name='娱乐小主' and b.pid like concat('%','娱乐小主','_%') group by b.pid order by b.disFirstPri asc [ RunTime:0.0050s ]
INFO: [ app_end ] --START--
INFO: Run Behavior\ShowPageTraceBehavior [ RunTime:0.001000s ]
INFO: [ app_end ] --END-- [ RunTime:0.001000s ]

[ 2017-10-03T18:02:44+08:00 ] ::1 /shengu/Home/Single
INFO: [ app_init ] --START--
INFO: Run Behavior\BuildLiteBehavior [ RunTime:0.000000s ]
INFO: [ app_init ] --END-- [ RunTime:0.000000s ]
INFO: [ app_begin ] --START--
INFO: Run Behavior\ReadHtmlCacheBehavior [ RunTime:0.001000s ]
INFO: [ app_begin ] --END-- [ RunTime:0.001000s ]
NOTIC: [8] Undefined index: name F:\wamp\www\shengu\Application\Home\Controller\SingleController.class.php 第 19 行.
NOTIC: [8] Undefined index: provider F:\wamp\www\shengu\Application\Home\Controller\SingleController.class.php 第 20 行.
SQL: select * from blog a,blogproviders b where a.name='娱乐小主' and b.pid like concat('%','娱乐小主','_%') group by b.pid order by b.disFirstPri asc [ RunTime:0.0040s ]
INFO: [ app_end ] --START--
INFO: Run Behavior\ShowPageTraceBehavior [ RunTime:0.001000s ]
INFO: [ app_end ] --END-- [ RunTime:0.001000s ]

[ 2017-10-03T18:04:00+08:00 ] ::1 /shengu/Home/Single
INFO: [ app_init ] --START--
INFO: Run Behavior\BuildLiteBehavior [ RunTime:0.000000s ]
INFO: [ app_init ] --END-- [ RunTime:0.001000s ]
INFO: [ app_begin ] --START--
INFO: Run Behavior\ReadHtmlCacheBehavior [ RunTime:0.000000s ]
INFO: [ app_begin ] --END-- [ RunTime:0.001000s ]
NOTIC: [8] Undefined index: name F:\wamp\www\shengu\Application\Home\Controller\SingleController.class.php 第 19 行.
NOTIC: [8] Undefined index: provider F:\wamp\www\shengu\Application\Home\Controller\SingleController.class.php 第 20 行.
SQL: select * from blog a,blogproviders b where a.name='娱乐小主' and b.pid like concat('%','娱乐小主','_%') group by b.pid order by b.disFirstPri asc [ RunTime:0.0040s ]
INFO: [ app_end ] --START--
INFO: Run Behavior\ShowPageTraceBehavior [ RunTime:0.001000s ]
INFO: [ app_end ] --END-- [ RunTime:0.001000s ]

[ 2017-10-03T18:11:52+08:00 ] ::1 /shengu/Home/Single
INFO: [ app_init ] --START--
INFO: Run Behavior\BuildLiteBehavior [ RunTime:0.000000s ]
INFO: [ app_init ] --END-- [ RunTime:0.001000s ]
INFO: [ app_begin ] --START--
INFO: Run Behavior\ReadHtmlCacheBehavior [ RunTime:0.001000s ]
INFO: [ app_begin ] --END-- [ RunTime:0.001000s ]
NOTIC: [8] Undefined index: name F:\wamp\www\shengu\Application\Home\Controller\SingleController.class.php 第 19 行.
NOTIC: [8] Undefined index: provider F:\wamp\www\shengu\Application\Home\Controller\SingleController.class.php 第 20 行.
SQL: select * from blog a,blogproviders b where a.name='娱乐小主' and b.pid like concat('%','娱乐小主','_%') group by b.pid order by b.disFirstPri asc [ RunTime:0.0050s ]
INFO: [ app_end ] --START--
INFO: Run Behavior\ShowPageTraceBehavior [ RunTime:0.001000s ]
INFO: [ app_end ] --END-- [ RunTime:0.001000s ]

[ 2017-10-03T18:16:33+08:00 ] ::1 /shengu/Home/Single
INFO: [ app_init ] --START--
INFO: Run Behavior\BuildLiteBehavior [ RunTime:0.000000s ]
INFO: [ app_init ] --END-- [ RunTime:0.000000s ]
INFO: [ app_begin ] --START--
INFO: Run Behavior\ReadHtmlCacheBehavior [ RunTime:0.001000s ]
INFO: [ app_begin ] --END-- [ RunTime:0.001000s ]
NOTIC: [8] Undefined index: name F:\wamp\www\shengu\Application\Home\Controller\SingleController.class.php 第 19 行.
NOTIC: [8] Undefined index: provider F:\wamp\www\shengu\Application\Home\Controller\SingleController.class.php 第 20 行.
SQL: select * from blog a,blogproviders b where a.name='娱乐小主' and b.pid like concat('%','娱乐小主','_%') group by b.pid order by b.disFirstPri asc [ RunTime:0.0050s ]
INFO: [ app_end ] --START--
INFO: Run Behavior\ShowPageTraceBehavior [ RunTime:0.001000s ]
INFO: [ app_end ] --END-- [ RunTime:0.001000s ]

[ 2017-10-03T18:43:58+08:00 ] ::1 /shengu/Home/Single
INFO: [ app_init ] --START--
INFO: Run Behavior\BuildLiteBehavior [ RunTime:0.000000s ]
INFO: [ app_init ] --END-- [ RunTime:0.000000s ]
INFO: [ app_begin ] --START--
INFO: Run Behavior\ReadHtmlCacheBehavior [ RunTime:0.002000s ]
INFO: [ app_begin ] --END-- [ RunTime:0.002000s ]
NOTIC: [8] Undefined index: name F:\wamp\www\shengu\Application\Home\Controller\SingleController.class.php 第 19 行.
NOTIC: [8] Undefined index: provider F:\wamp\www\shengu\Application\Home\Controller\SingleController.class.php 第 20 行.
SQL: select * from blog a,blogproviders b where a.name='娱乐小主' and b.pid like concat('%','娱乐小主','_%') group by b.pid order by b.disFirstPri asc [ RunTime:0.0040s ]
INFO: [ app_end ] --START--
INFO: Run Behavior\ShowPageTraceBehavior [ RunTime:0.001000s ]
INFO: [ app_end ] --END-- [ RunTime:0.001000s ]

[ 2017-10-03T18:44:00+08:00 ] ::1 /shengu/Home/Single
INFO: [ app_init ] --START--
INFO: Run Behavior\BuildLiteBehavior [ RunTime:0.000000s ]
INFO: [ app_init ] --END-- [ RunTime:0.000000s ]
INFO: [ app_begin ] --START--
INFO: Run Behavior\ReadHtmlCacheBehavior [ RunTime:0.000000s ]
INFO: [ app_begin ] --END-- [ RunTime:0.000000s ]
NOTIC: [8] Undefined index: name F:\wamp\www\shengu\Application\Home\Controller\SingleController.class.php 第 19 行.
NOTIC: [8] Undefined index: provider F:\wamp\www\shengu\Application\Home\Controller\SingleController.class.php 第 20 行.
SQL: select * from blog a,blogproviders b where a.name='娱乐小主' and b.pid like concat('%','娱乐小主','_%') group by b.pid order by b.disFirstPri asc [ RunTime:0.0050s ]
INFO: [ app_end ] --START--
INFO: Run Behavior\ShowPageTraceBehavior [ RunTime:0.000000s ]
INFO: [ app_end ] --END-- [ RunTime:0.001000s ]

[ 2017-10-03T22:27:08+08:00 ] ::1 /shengu/Home/list
INFO: [ app_init ] --START--
INFO: Run Behavior\BuildLiteBehavior [ RunTime:0.000000s ]
INFO: [ app_init ] --END-- [ RunTime:0.000000s ]
INFO: [ app_begin ] --START--
INFO: Run Behavior\ReadHtmlCacheBehavior [ RunTime:0.001000s ]
INFO: [ app_begin ] --END-- [ RunTime:0.001000s ]
NOTIC: [8] Undefined index: plat F:\wamp\www\shengu\Application\Home\Controller\ListController.class.php 第 20 行.
SQL: select * from blog a,blogproviders b where b.disFirstPri = (select min(c.disFirstPri) from blogproviders c where c.pid like concat('%',a.name,'_%')) and b.pid like concat('%',a.name,'_%') group by a.name order by a.id desc [ RunTime:0.2650s ]
NOTIC: [8] Undefined index: page F:\wamp\www\shengu\Application\Home\Controller\ListController.class.php 第 102 行.
INFO: [ app_end ] --START--
INFO: Run Behavior\ShowPageTraceBehavior [ RunTime:0.001000s ]
INFO: [ app_end ] --END-- [ RunTime:0.001000s ]

[ 2017-10-03T22:30:05+08:00 ] ::1 /shengu/Home/list
INFO: [ app_init ] --START--
INFO: Run Behavior\BuildLiteBehavior [ RunTime:0.000000s ]
INFO: [ app_init ] --END-- [ RunTime:0.000000s ]
INFO: [ app_begin ] --START--
INFO: Run Behavior\ReadHtmlCacheBehavior [ RunTime:0.000000s ]
INFO: [ app_begin ] --END-- [ RunTime:0.001000s ]
NOTIC: [8] Undefined index: plat F:\wamp\www\shengu\Application\Home\Controller\ListController.class.php 第 20 行.
SQL: select * from blog a,blogproviders b where b.disFirstPri = (select min(c.disFirstPri) from blogproviders c where c.pid like concat('%',a.name,'_%')) and b.pid like concat('%',a.name,'_%') group by a.name order by a.id desc limit 10 [ RunTime:0.2720s ]
NOTIC: [8] Undefined index: page F:\wamp\www\shengu\Application\Home\Controller\ListController.class.php 第 102 行.
INFO: [ app_end ] --START--
INFO: Run Behavior\ShowPageTraceBehavior [ RunTime:0.002000s ]
INFO: [ app_end ] --END-- [ RunTime:0.002000s ]

[ 2017-10-03T22:30:30+08:00 ] ::1 /shengu/Home/list
INFO: [ app_init ] --START--
INFO: Run Behavior\BuildLiteBehavior [ RunTime:0.000000s ]
INFO: [ app_init ] --END-- [ RunTime:0.001000s ]
INFO: [ app_begin ] --START--
INFO: Run Behavior\ReadHtmlCacheBehavior [ RunTime:0.001000s ]
INFO: [ app_begin ] --END-- [ RunTime:0.001000s ]
NOTIC: [8] Undefined index: plat F:\wamp\www\shengu\Application\Home\Controller\ListController.class.php 第 20 行.
SQL: select * from blog a,blogproviders b where b.disFirstPri = (select min(c.disFirstPri) from blogproviders c where c.pid like concat('%',a.name,'_%')) and b.pid like concat('%',a.name,'_%') group by a.name order by a.id desc limit 10 [ RunTime:0.2770s ]
NOTIC: [8] Undefined index: page F:\wamp\www\shengu\Application\Home\Controller\ListController.class.php 第 102 行.
INFO: [ app_end ] --START--
INFO: Run Behavior\ShowPageTraceBehavior [ RunTime:0.001000s ]
INFO: [ app_end ] --END-- [ RunTime:0.001000s ]

[ 2017-10-03T22:30:51+08:00 ] ::1 /shengu/Home/list
INFO: [ app_init ] --START--
INFO: Run Behavior\BuildLiteBehavior [ RunTime:0.000000s ]
INFO: [ app_init ] --END-- [ RunTime:0.000000s ]
INFO: [ app_begin ] --START--
INFO: Run Behavior\ReadHtmlCacheBehavior [ RunTime:0.001000s ]
INFO: [ app_begin ] --END-- [ RunTime:0.001000s ]
NOTIC: [8] Undefined index: plat F:\wamp\www\shengu\Application\Home\Controller\ListController.class.php 第 20 行.
SQL: select * from blog a,blogproviders b where b.disFirstPri = (select min(c.disFirstPri) from blogproviders c where c.pid like concat('%',a.name,'_%')) and b.pid like concat('%',a.name,'_%') group by a.name order by a.id desc limit 20 [ RunTime:0.2850s ]
NOTIC: [8] Undefined index: page F:\wamp\www\shengu\Application\Home\Controller\ListController.class.php 第 102 行.
INFO: [ app_end ] --START--
INFO: Run Behavior\ShowPageTraceBehavior [ RunTime:0.001001s ]
INFO: [ app_end ] --END-- [ RunTime:0.001001s ]

[ 2017-10-03T22:42:28+08:00 ] ::1 /shengu/Home/list
INFO: [ app_init ] --START--
INFO: Run Behavior\BuildLiteBehavior [ RunTime:0.000000s ]
INFO: [ app_init ] --END-- [ RunTime:0.000000s ]
INFO: [ app_begin ] --START--
INFO: Run Behavior\ReadHtmlCacheBehavior [ RunTime:0.000000s ]
INFO: [ app_begin ] --END-- [ RunTime:0.000000s ]
NOTIC: [8] Undefined index: plat F:\wamp\www\shengu\Application\Home\Controller\ListController.class.php 第 20 行.
SQL: select * from blog a,blogproviders b where b.disFirstPri = (select min(c.disFirstPri) from blogproviders c where c.pid like concat('%',a.name,'_%')) and b.pid like concat('%',a.name,'_%') group by a.name order by a.id desc limit 20 [ RunTime:0.2780s ]
NOTIC: [8] Undefined index: page F:\wamp\www\shengu\Application\Home\Controller\ListController.class.php 第 102 行.
INFO: [ app_end ] --START--
INFO: Run Behavior\ShowPageTraceBehavior [ RunTime:0.001000s ]
INFO: [ app_end ] --END-- [ RunTime:0.001000s ]

[ 2017-10-03T22:42:37+08:00 ] ::1 /shengu/Home/list
INFO: [ app_init ] --START--
INFO: Run Behavior\BuildLiteBehavior [ RunTime:0.000000s ]
INFO: [ app_init ] --END-- [ RunTime:0.001000s ]
INFO: [ app_begin ] --START--
INFO: Run Behavior\ReadHtmlCacheBehavior [ RunTime:0.001001s ]
INFO: [ app_begin ] --END-- [ RunTime:0.001001s ]
NOTIC: [8] Undefined index: plat F:\wamp\www\shengu\Application\Home\Controller\ListController.class.php 第 20 行.
SQL: select * from blog a,blogproviders b where b.disFirstPri = (select min(c.disFirstPri) from blogproviders c where c.pid like concat('%',a.name,'_%')) and b.pid like concat('%',a.name,'_%') group by a.name order by a.id desc limit 20 [ RunTime:0.2730s ]
NOTIC: [8] Undefined index: page F:\wamp\www\shengu\Application\Home\Controller\ListController.class.php 第 102 行.
INFO: [ app_end ] --START--
INFO: Run Behavior\ShowPageTraceBehavior [ RunTime:0.001000s ]
INFO: [ app_end ] --END-- [ RunTime:0.001000s ]

[ 2017-10-03T22:43:09+08:00 ] ::1 /shengu/Home/list
INFO: [ app_init ] --START--
INFO: Run Behavior\BuildLiteBehavior [ RunTime:0.000000s ]
INFO: [ app_init ] --END-- [ RunTime:0.001000s ]
INFO: [ app_begin ] --START--
INFO: Run Behavior\ReadHtmlCacheBehavior [ RunTime:0.001000s ]
INFO: [ app_begin ] --END-- [ RunTime:0.001000s ]
NOTIC: [8] Undefined index: plat F:\wamp\www\shengu\Application\Home\Controller\ListController.class.php 第 20 行.
ERR: 1064:You have an error in your SQL syntax; check the manual that corresponds to your MySQL server version for the right syntax to use near '*) from blog a,blogproviders b where b.disFirstPri = (select min(c.disFirstPri) ' at line 1
 [ SQL语句 ] : select *,count(b.*) from blog a,blogproviders b where b.disFirstPri = (select min(c.disFirstPri) from blogproviders c where c.pid like concat('%',a.name,'_%')) and b.pid like concat('%',a.name,'_%') group by a.name order by a.id desc limit 20
ERR: 1064:You have an error in your SQL syntax; check the manual that corresponds to your MySQL server version for the right syntax to use near '*) from blog a,blogproviders b where b.disFirstPri = (select min(c.disFirstPri) ' at line 1
 [ SQL语句 ] : select *,count(b.*) from blog a,blogproviders b where b.disFirstPri = (select min(c.disFirstPri) from blogproviders c where c.pid like concat('%',a.name,'_%')) and b.pid like concat('%',a.name,'_%') group by a.name order by a.id desc limit 20

[ 2017-10-03T22:43:48+08:00 ] ::1 /shengu/Home/list
INFO: [ app_init ] --START--
INFO: Run Behavior\BuildLiteBehavior [ RunTime:0.000000s ]
INFO: [ app_init ] --END-- [ RunTime:0.001000s ]
INFO: [ app_begin ] --START--
INFO: Run Behavior\ReadHtmlCacheBehavior [ RunTime:0.001000s ]
INFO: [ app_begin ] --END-- [ RunTime:0.001000s ]
NOTIC: [8] Undefined index: plat F:\wamp\www\shengu\Application\Home\Controller\ListController.class.php 第 20 行.
ERR: 1064:You have an error in your SQL syntax; check the manual that corresponds to your MySQL server version for the right syntax to use near '*) as count from blog a,blogproviders b where b.disFirstPri = (select min(c.disF' at line 1
 [ SQL语句 ] : select *,count(b.*) as count from blog a,blogproviders b where b.disFirstPri = (select min(c.disFirstPri) from blogproviders c where c.pid like concat('%',a.name,'_%')) and b.pid like concat('%',a.name,'_%') group by a.name order by a.id desc limit 20
ERR: 1064:You have an error in your SQL syntax; check the manual that corresponds to your MySQL server version for the right syntax to use near '*) as count from blog a,blogproviders b where b.disFirstPri = (select min(c.disF' at line 1
 [ SQL语句 ] : select *,count(b.*) as count from blog a,blogproviders b where b.disFirstPri = (select min(c.disFirstPri) from blogproviders c where c.pid like concat('%',a.name,'_%')) and b.pid like concat('%',a.name,'_%') group by a.name order by a.id desc limit 20

[ 2017-10-03T22:43:49+08:00 ] ::1 /shengu/Home/list
INFO: [ app_init ] --START--
INFO: Run Behavior\BuildLiteBehavior [ RunTime:0.000000s ]
INFO: [ app_init ] --END-- [ RunTime:0.000000s ]
INFO: [ app_begin ] --START--
INFO: Run Behavior\ReadHtmlCacheBehavior [ RunTime:0.000000s ]
INFO: [ app_begin ] --END-- [ RunTime:0.000000s ]
NOTIC: [8] Undefined index: plat F:\wamp\www\shengu\Application\Home\Controller\ListController.class.php 第 20 行.
ERR: 1064:You have an error in your SQL syntax; check the manual that corresponds to your MySQL server version for the right syntax to use near '*) as count from blog a,blogproviders b where b.disFirstPri = (select min(c.disF' at line 1
 [ SQL语句 ] : select *,count(b.*) as count from blog a,blogproviders b where b.disFirstPri = (select min(c.disFirstPri) from blogproviders c where c.pid like concat('%',a.name,'_%')) and b.pid like concat('%',a.name,'_%') group by a.name order by a.id desc limit 20
ERR: 1064:You have an error in your SQL syntax; check the manual that corresponds to your MySQL server version for the right syntax to use near '*) as count from blog a,blogproviders b where b.disFirstPri = (select min(c.disF' at line 1
 [ SQL语句 ] : select *,count(b.*) as count from blog a,blogproviders b where b.disFirstPri = (select min(c.disFirstPri) from blogproviders c where c.pid like concat('%',a.name,'_%')) and b.pid like concat('%',a.name,'_%') group by a.name order by a.id desc limit 20

[ 2017-10-03T22:43:50+08:00 ] ::1 /shengu/Home/list
INFO: [ app_init ] --START--
INFO: Run Behavior\BuildLiteBehavior [ RunTime:0.000000s ]
INFO: [ app_init ] --END-- [ RunTime:0.000000s ]
INFO: [ app_begin ] --START--
INFO: Run Behavior\ReadHtmlCacheBehavior [ RunTime:0.001000s ]
INFO: [ app_begin ] --END-- [ RunTime:0.001000s ]
NOTIC: [8] Undefined index: plat F:\wamp\www\shengu\Application\Home\Controller\ListController.class.php 第 20 行.
ERR: 1064:You have an error in your SQL syntax; check the manual that corresponds to your MySQL server version for the right syntax to use near '*) as count from blog a,blogproviders b where b.disFirstPri = (select min(c.disF' at line 1
 [ SQL语句 ] : select *,count(b.*) as count from blog a,blogproviders b where b.disFirstPri = (select min(c.disFirstPri) from blogproviders c where c.pid like concat('%',a.name,'_%')) and b.pid like concat('%',a.name,'_%') group by a.name order by a.id desc limit 20
ERR: 1064:You have an error in your SQL syntax; check the manual that corresponds to your MySQL server version for the right syntax to use near '*) as count from blog a,blogproviders b where b.disFirstPri = (select min(c.disF' at line 1
 [ SQL语句 ] : select *,count(b.*) as count from blog a,blogproviders b where b.disFirstPri = (select min(c.disFirstPri) from blogproviders c where c.pid like concat('%',a.name,'_%')) and b.pid like concat('%',a.name,'_%') group by a.name order by a.id desc limit 20

[ 2017-10-03T22:44:12+08:00 ] ::1 /shengu/Home/list
INFO: [ app_init ] --START--
INFO: Run Behavior\BuildLiteBehavior [ RunTime:0.000000s ]
INFO: [ app_init ] --END-- [ RunTime:0.000000s ]
INFO: [ app_begin ] --START--
INFO: Run Behavior\ReadHtmlCacheBehavior [ RunTime:0.000000s ]
INFO: [ app_begin ] --END-- [ RunTime:0.000000s ]
NOTIC: [8] Undefined index: plat F:\wamp\www\shengu\Application\Home\Controller\ListController.class.php 第 20 行.
SQL: select *,count(*) from blog a,blogproviders b where b.disFirstPri = (select min(c.disFirstPri) from blogproviders c where c.pid like concat('%',a.name,'_%')) and b.pid like concat('%',a.name,'_%') group by a.name order by a.id desc limit 20 [ RunTime:0.2630s ]
NOTIC: [8] Undefined index: page F:\wamp\www\shengu\Application\Home\Controller\ListController.class.php 第 102 行.
INFO: [ app_end ] --START--
INFO: Run Behavior\ShowPageTraceBehavior [ RunTime:0.001000s ]
INFO: [ app_end ] --END-- [ RunTime:0.001000s ]

[ 2017-10-03T22:44:45+08:00 ] ::1 /shengu/Home/list
INFO: [ app_init ] --START--
INFO: Run Behavior\BuildLiteBehavior [ RunTime:0.000000s ]
INFO: [ app_init ] --END-- [ RunTime:0.000000s ]
INFO: [ app_begin ] --START--
INFO: Run Behavior\ReadHtmlCacheBehavior [ RunTime:0.001000s ]
INFO: [ app_begin ] --END-- [ RunTime:0.002000s ]
NOTIC: [8] Undefined index: plat F:\wamp\www\shengu\Application\Home\Controller\ListController.class.php 第 20 行.
SQL: select *,count(*) from blog a,blogproviders b where b.disFirstPri = (select min(c.disFirstPri) from blogproviders c where c.pid like concat('%',a.name,'_%')) and b.pid like concat('%',a.name,'_%') group by a.name order by a.id desc limit 10 [ RunTime:0.2630s ]
NOTIC: [8] Undefined index: page F:\wamp\www\shengu\Application\Home\Controller\ListController.class.php 第 102 行.
INFO: [ app_end ] --START--
INFO: Run Behavior\ShowPageTraceBehavior [ RunTime:0.001000s ]
INFO: [ app_end ] --END-- [ RunTime:0.001000s ]

[ 2017-10-03T22:57:49+08:00 ] ::1 /shengu/Home/list
INFO: [ app_init ] --START--
INFO: Run Behavior\BuildLiteBehavior [ RunTime:0.000000s ]
INFO: [ app_init ] --END-- [ RunTime:0.001000s ]
INFO: [ app_begin ] --START--
INFO: Run Behavior\ReadHtmlCacheBehavior [ RunTime:0.001000s ]
INFO: [ app_begin ] --END-- [ RunTime:0.001000s ]
NOTIC: [8] Undefined index: plat F:\wamp\www\shengu\Application\Home\Controller\ListController.class.php 第 20 行.
SQL: select *,count(*) from blog a,blogproviders b where b.disFirstPri = (select min(c.disFirstPri) from blogproviders c where c.pid like concat('%',a.name,'_%')) and b.pid like concat('%',a.name,'_%')  order by a.id desc limit 10 [ RunTime:0.2690s ]
NOTIC: [8] Undefined index: page F:\wamp\www\shengu\Application\Home\Controller\ListController.class.php 第 102 行.
INFO: [ app_end ] --START--
INFO: Run Behavior\ShowPageTraceBehavior [ RunTime:0.001000s ]
INFO: [ app_end ] --END-- [ RunTime:0.002000s ]

[ 2017-10-03T22:57:57+08:00 ] ::1 /shengu/Home/list
INFO: [ app_init ] --START--
INFO: Run Behavior\BuildLiteBehavior [ RunTime:0.000000s ]
INFO: [ app_init ] --END-- [ RunTime:0.001000s ]
INFO: [ app_begin ] --START--
INFO: Run Behavior\ReadHtmlCacheBehavior [ RunTime:0.000000s ]
INFO: [ app_begin ] --END-- [ RunTime:0.001000s ]
NOTIC: [8] Undefined index: plat F:\wamp\www\shengu\Application\Home\Controller\ListController.class.php 第 20 行.
SQL: select *,count(*) from blog a,blogproviders b where b.disFirstPri = (select min(c.disFirstPri) from blogproviders c where c.pid like concat('%',a.name,'_%')) and b.pid like concat('%',a.name,'_%')  order by a.id desc limit 10 [ RunTime:0.2640s ]
NOTIC: [8] Undefined index: page F:\wamp\www\shengu\Application\Home\Controller\ListController.class.php 第 102 行.
INFO: [ app_end ] --START--
INFO: Run Behavior\ShowPageTraceBehavior [ RunTime:0.001000s ]
INFO: [ app_end ] --END-- [ RunTime:0.001000s ]

[ 2017-10-03T22:58:13+08:00 ] ::1 /shengu/Home/list
INFO: [ app_init ] --START--
INFO: Run Behavior\BuildLiteBehavior [ RunTime:0.000000s ]
INFO: [ app_init ] --END-- [ RunTime:0.001000s ]
INFO: [ app_begin ] --START--
INFO: Run Behavior\ReadHtmlCacheBehavior [ RunTime:0.001000s ]
INFO: [ app_begin ] --END-- [ RunTime:0.001000s ]
NOTIC: [8] Undefined index: plat F:\wamp\www\shengu\Application\Home\Controller\ListController.class.php 第 20 行.
SQL: select *,count(*) from blog a,blogproviders b where b.disFirstPri = (select min(c.disFirstPri) from blogproviders c where c.pid like concat('%',a.name,'_%')) and b.pid like concat('%',a.name,'_%') group by a.name order by a.id desc limit 10 [ RunTime:0.2750s ]
NOTIC: [8] Undefined index: page F:\wamp\www\shengu\Application\Home\Controller\ListController.class.php 第 102 行.
INFO: [ app_end ] --START--
INFO: Run Behavior\ShowPageTraceBehavior [ RunTime:0.001000s ]
INFO: [ app_end ] --END-- [ RunTime:0.001000s ]

[ 2017-10-03T22:58:33+08:00 ] ::1 /shengu/Home/list
INFO: [ app_init ] --START--
INFO: Run Behavior\BuildLiteBehavior [ RunTime:0.000000s ]
INFO: [ app_init ] --END-- [ RunTime:0.001000s ]
INFO: [ app_begin ] --START--
INFO: Run Behavior\ReadHtmlCacheBehavior [ RunTime:0.001000s ]
INFO: [ app_begin ] --END-- [ RunTime:0.001000s ]
NOTIC: [8] Undefined index: plat F:\wamp\www\shengu\Application\Home\Controller\ListController.class.php 第 20 行.
SQL: select *,count(*) from blog a,blogproviders b where b.disFirstPri = (select min(c.disFirstPri) from blogproviders c where c.pid like concat('%',a.name,'_%')) and b.pid like concat('%',a.name,'_%')  order by a.id desc limit 10 [ RunTime:0.2900s ]
NOTIC: [8] Undefined index: page F:\wamp\www\shengu\Application\Home\Controller\ListController.class.php 第 102 行.
INFO: [ app_end ] --START--
INFO: Run Behavior\ShowPageTraceBehavior [ RunTime:0.000000s ]
INFO: [ app_end ] --END-- [ RunTime:0.000000s ]

[ 2017-10-03T23:00:29+08:00 ] ::1 /shengu/Home/list
INFO: [ app_init ] --START--
INFO: Run Behavior\BuildLiteBehavior [ RunTime:0.000000s ]
INFO: [ app_init ] --END-- [ RunTime:0.001000s ]
INFO: [ app_begin ] --START--
INFO: Run Behavior\ReadHtmlCacheBehavior [ RunTime:0.001000s ]
INFO: [ app_begin ] --END-- [ RunTime:0.001000s ]
NOTIC: [8] Undefined index: plat F:\wamp\www\shengu\Application\Home\Controller\ListController.class.php 第 20 行.
ERR: 1064:You have an error in your SQL syntax; check the manual that corresponds to your MySQL server version for the right syntax to use near '*) from blog a,blogproviders b where b.disFirstPri = (select min(c.disFirstPri) ' at line 1
 [ SQL语句 ] : select *,count(b.*) from blog a,blogproviders b where b.disFirstPri = (select min(c.disFirstPri) from blogproviders c where c.pid like concat('%',a.name,'_%')) and b.pid like concat('%',a.name,'_%') group by a.name order by a.id desc limit 10
ERR: 1064:You have an error in your SQL syntax; check the manual that corresponds to your MySQL server version for the right syntax to use near '*) from blog a,blogproviders b where b.disFirstPri = (select min(c.disFirstPri) ' at line 1
 [ SQL语句 ] : select *,count(b.*) from blog a,blogproviders b where b.disFirstPri = (select min(c.disFirstPri) from blogproviders c where c.pid like concat('%',a.name,'_%')) and b.pid like concat('%',a.name,'_%') group by a.name order by a.id desc limit 10

[ 2017-10-03T23:00:38+08:00 ] ::1 /shengu/Home/list
INFO: [ app_init ] --START--
INFO: Run Behavior\BuildLiteBehavior [ RunTime:0.000000s ]
INFO: [ app_init ] --END-- [ RunTime:0.001000s ]
INFO: [ app_begin ] --START--
INFO: Run Behavior\ReadHtmlCacheBehavior [ RunTime:0.001000s ]
INFO: [ app_begin ] --END-- [ RunTime:0.002000s ]
NOTIC: [8] Undefined index: plat F:\wamp\www\shengu\Application\Home\Controller\ListController.class.php 第 20 行.
ERR: 1064:You have an error in your SQL syntax; check the manual that corresponds to your MySQL server version for the right syntax to use near '*) from blog a,blogproviders b where b.disFirstPri = (select min(c.disFirstPri) ' at line 1
 [ SQL语句 ] : select a.*,count(b.*) from blog a,blogproviders b where b.disFirstPri = (select min(c.disFirstPri) from blogproviders c where c.pid like concat('%',a.name,'_%')) and b.pid like concat('%',a.name,'_%') group by a.name order by a.id desc limit 10
ERR: 1064:You have an error in your SQL syntax; check the manual that corresponds to your MySQL server version for the right syntax to use near '*) from blog a,blogproviders b where b.disFirstPri = (select min(c.disFirstPri) ' at line 1
 [ SQL语句 ] : select a.*,count(b.*) from blog a,blogproviders b where b.disFirstPri = (select min(c.disFirstPri) from blogproviders c where c.pid like concat('%',a.name,'_%')) and b.pid like concat('%',a.name,'_%') group by a.name order by a.id desc limit 10

[ 2017-10-03T23:00:40+08:00 ] ::1 /shengu/Home/list
INFO: [ app_init ] --START--
INFO: Run Behavior\BuildLiteBehavior [ RunTime:0.000000s ]
INFO: [ app_init ] --END-- [ RunTime:0.001000s ]
INFO: [ app_begin ] --START--
INFO: Run Behavior\ReadHtmlCacheBehavior [ RunTime:0.001000s ]
INFO: [ app_begin ] --END-- [ RunTime:0.001000s ]
NOTIC: [8] Undefined index: plat F:\wamp\www\shengu\Application\Home\Controller\ListController.class.php 第 20 行.
ERR: 1064:You have an error in your SQL syntax; check the manual that corresponds to your MySQL server version for the right syntax to use near '*) from blog a,blogproviders b where b.disFirstPri = (select min(c.disFirstPri) ' at line 1
 [ SQL语句 ] : select a.*,count(b.*) from blog a,blogproviders b where b.disFirstPri = (select min(c.disFirstPri) from blogproviders c where c.pid like concat('%',a.name,'_%')) and b.pid like concat('%',a.name,'_%') group by a.name order by a.id desc limit 10
ERR: 1064:You have an error in your SQL syntax; check the manual that corresponds to your MySQL server version for the right syntax to use near '*) from blog a,blogproviders b where b.disFirstPri = (select min(c.disFirstPri) ' at line 1
 [ SQL语句 ] : select a.*,count(b.*) from blog a,blogproviders b where b.disFirstPri = (select min(c.disFirstPri) from blogproviders c where c.pid like concat('%',a.name,'_%')) and b.pid like concat('%',a.name,'_%') group by a.name order by a.id desc limit 10

[ 2017-10-03T23:02:32+08:00 ] ::1 /shengu/Home/list
INFO: [ app_init ] --START--
INFO: Run Behavior\BuildLiteBehavior [ RunTime:0.000000s ]
INFO: [ app_init ] --END-- [ RunTime:0.002000s ]
INFO: [ app_begin ] --START--
INFO: Run Behavior\ReadHtmlCacheBehavior [ RunTime:0.001000s ]
INFO: [ app_begin ] --END-- [ RunTime:0.001000s ]
NOTIC: [8] Undefined index: plat F:\wamp\www\shengu\Application\Home\Controller\ListController.class.php 第 20 行.
SQL: select a.*,count(b.pid) from blog a,blogproviders b where b.disFirstPri = (select min(c.disFirstPri) from blogproviders c where c.pid like concat('%',a.name,'_%')) and b.pid like concat('%',a.name,'_%') group by a.name order by a.id desc limit 10 [ RunTime:0.2730s ]
NOTIC: [8] Undefined index: page F:\wamp\www\shengu\Application\Home\Controller\ListController.class.php 第 102 行.
INFO: [ app_end ] --START--
INFO: Run Behavior\ShowPageTraceBehavior [ RunTime:0.001000s ]
INFO: [ app_end ] --END-- [ RunTime:0.001000s ]

[ 2017-10-03T23:02:54+08:00 ] ::1 /shengu/Home/list
INFO: [ app_init ] --START--
INFO: Run Behavior\BuildLiteBehavior [ RunTime:0.000000s ]
INFO: [ app_init ] --END-- [ RunTime:0.001000s ]
INFO: [ app_begin ] --START--
INFO: Run Behavior\ReadHtmlCacheBehavior [ RunTime:0.001000s ]
INFO: [ app_begin ] --END-- [ RunTime:0.003000s ]
NOTIC: [8] Undefined index: plat F:\wamp\www\shengu\Application\Home\Controller\ListController.class.php 第 20 行.
ERR: 1054:Unknown column 'b.providers' in 'field list'
 [ SQL语句 ] : select a.*,count(b.providers) from blog a,blogproviders b where b.disFirstPri = (select min(c.disFirstPri) from blogproviders c where c.pid like concat('%',a.name,'_%')) and b.pid like concat('%',a.name,'_%') group by a.name order by a.id desc limit 10
ERR: 1054:Unknown column 'b.providers' in 'field list'
 [ SQL语句 ] : select a.*,count(b.providers) from blog a,blogproviders b where b.disFirstPri = (select min(c.disFirstPri) from blogproviders c where c.pid like concat('%',a.name,'_%')) and b.pid like concat('%',a.name,'_%') group by a.name order by a.id desc limit 10

[ 2017-10-03T23:03:01+08:00 ] ::1 /shengu/Home/list
INFO: [ app_init ] --START--
INFO: Run Behavior\BuildLiteBehavior [ RunTime:0.000000s ]
INFO: [ app_init ] --END-- [ RunTime:0.001000s ]
INFO: [ app_begin ] --START--
INFO: Run Behavior\ReadHtmlCacheBehavior [ RunTime:0.001000s ]
INFO: [ app_begin ] --END-- [ RunTime:0.001000s ]
NOTIC: [8] Undefined index: plat F:\wamp\www\shengu\Application\Home\Controller\ListController.class.php 第 20 行.
SQL: select a.*,count(b.provider) from blog a,blogproviders b where b.disFirstPri = (select min(c.disFirstPri) from blogproviders c where c.pid like concat('%',a.name,'_%')) and b.pid like concat('%',a.name,'_%') group by a.name order by a.id desc limit 10 [ RunTime:0.3160s ]
NOTIC: [8] Undefined index: page F:\wamp\www\shengu\Application\Home\Controller\ListController.class.php 第 102 行.
INFO: [ app_end ] --START--
INFO: Run Behavior\ShowPageTraceBehavior [ RunTime:0.001000s ]
INFO: [ app_end ] --END-- [ RunTime:0.001000s ]

[ 2017-10-03T23:03:30+08:00 ] ::1 /shengu/Home/list
INFO: [ app_init ] --START--
INFO: Run Behavior\BuildLiteBehavior [ RunTime:0.000000s ]
INFO: [ app_init ] --END-- [ RunTime:0.001000s ]
INFO: [ app_begin ] --START--
INFO: Run Behavior\ReadHtmlCacheBehavior [ RunTime:0.002001s ]
INFO: [ app_begin ] --END-- [ RunTime:0.002001s ]
NOTIC: [8] Undefined index: plat F:\wamp\www\shengu\Application\Home\Controller\ListController.class.php 第 20 行.
SQL: select a.*,b.*,count(b.provider) from blog a,blogproviders b where b.disFirstPri = (select min(c.disFirstPri) from blogproviders c where c.pid like concat('%',a.name,'_%')) and b.pid like concat('%',a.name,'_%') group by a.name order by a.id desc limit 10 [ RunTime:0.3240s ]
NOTIC: [8] Undefined index: page F:\wamp\www\shengu\Application\Home\Controller\ListController.class.php 第 102 行.
INFO: [ app_end ] --START--
INFO: Run Behavior\ShowPageTraceBehavior [ RunTime:0.000000s ]
INFO: [ app_end ] --END-- [ RunTime:0.000000s ]

[ 2017-10-03T23:09:04+08:00 ] ::1 /shengu/Home/list
INFO: [ app_init ] --START--
INFO: Run Behavior\BuildLiteBehavior [ RunTime:0.000000s ]
INFO: [ app_init ] --END-- [ RunTime:0.001000s ]
INFO: [ app_begin ] --START--
INFO: Run Behavior\ReadHtmlCacheBehavior [ RunTime:0.002000s ]
INFO: [ app_begin ] --END-- [ RunTime:0.002000s ]
NOTIC: [8] Undefined index: plat F:\wamp\www\shengu\Application\Home\Controller\ListController.class.php 第 20 行.
SQL: select * from blog a,blogproviders b where b.disFirstPri = (select min(c.disFirstPri) from blogproviders c where c.pid like concat('%',a.name,'_%')) and b.pid like concat('%',a.name,'_%') group by a.name order by a.id desc limit 10 [ RunTime:0.2770s ]
NOTIC: [8] Undefined index: page F:\wamp\www\shengu\Application\Home\Controller\ListController.class.php 第 102 行.
INFO: [ app_end ] --START--
INFO: Run Behavior\ShowPageTraceBehavior [ RunTime:0.000000s ]
INFO: [ app_end ] --END-- [ RunTime:0.001001s ]

[ 2017-10-03T23:20:09+08:00 ] ::1 /shengu/Home/list
INFO: [ app_init ] --START--
INFO: Run Behavior\BuildLiteBehavior [ RunTime:0.000000s ]
INFO: [ app_init ] --END-- [ RunTime:0.001000s ]
INFO: [ app_begin ] --START--
INFO: Run Behavior\ReadHtmlCacheBehavior [ RunTime:0.001000s ]
INFO: [ app_begin ] --END-- [ RunTime:0.001000s ]
NOTIC: [8] Undefined index: plat F:\wamp\www\shengu\Application\Home\Controller\ListController.class.php 第 20 行.
SQL: select * from blog a,blogproviders b where b.disFirstPri = (select min(c.disFirstPri) from blogproviders c where c.pid like concat('%',a.name,'_%')) and b.pid like concat('%',a.name,'_%') group by b.pid order by a.id desc limit 10 [ RunTime:0.2930s ]
NOTIC: [8] Undefined index: page F:\wamp\www\shengu\Application\Home\Controller\ListController.class.php 第 102 行.
INFO: [ app_end ] --START--
INFO: Run Behavior\ShowPageTraceBehavior [ RunTime:0.001000s ]
INFO: [ app_end ] --END-- [ RunTime:0.002000s ]

[ 2017-10-03T23:20:27+08:00 ] ::1 /shengu/Home/list
INFO: [ app_init ] --START--
INFO: Run Behavior\BuildLiteBehavior [ RunTime:0.000000s ]
INFO: [ app_init ] --END-- [ RunTime:0.000000s ]
INFO: [ app_begin ] --START--
INFO: Run Behavior\ReadHtmlCacheBehavior [ RunTime:0.001000s ]
INFO: [ app_begin ] --END-- [ RunTime:0.001000s ]
NOTIC: [8] Undefined index: plat F:\wamp\www\shengu\Application\Home\Controller\ListController.class.php 第 20 行.
SQL: select * from blog a,blogproviders b where b.disFirstPri = (select min(c.disFirstPri) from blogproviders c where c.pid like concat('%',a.name,'_%')) and b.pid like concat('%',a.name,'_%') group by b.pid order by a.id desc limit 10 [ RunTime:0.2770s ]
NOTIC: [8] Undefined index: page F:\wamp\www\shengu\Application\Home\Controller\ListController.class.php 第 102 行.
INFO: [ app_end ] --START--
INFO: Run Behavior\ShowPageTraceBehavior [ RunTime:0.001000s ]
INFO: [ app_end ] --END-- [ RunTime:0.001000s ]

