[ 2017-10-04T10:57:09+08:00 ] ::1 /shengu/Home/list
INFO: [ app_init ] --START--
INFO: Run Behavior\BuildLiteBehavior [ RunTime:0.000000s ]
INFO: [ app_init ] --END-- [ RunTime:0.000000s ]
INFO: [ app_begin ] --START--
INFO: Run Behavior\ReadHtmlCacheBehavior [ RunTime:0.000000s ]
INFO: [ app_begin ] --END-- [ RunTime:0.002000s ]
NOTIC: [8] Undefined index: plat F:\wamp\www\shengu\Application\Home\Controller\ListController.class.php 第 20 行.
SQL: select * from blog a,blogproviders b where b.disFirstPri = (select min(c.disFirstPri) from blogproviders c where c.pid like concat('%',a.name,'_%')) and b.pid like concat('%',a.name,'_%') group by a.name order by a.id desc limit 10 [ RunTime:0.3200s ]
NOTIC: [8] Undefined index: page F:\wamp\www\shengu\Application\Home\Controller\ListController.class.php 第 102 行.
INFO: [ app_end ] --START--
INFO: Run Behavior\ShowPageTraceBehavior [ RunTime:0.001000s ]
INFO: [ app_end ] --END-- [ RunTime:0.001000s ]

[ 2017-10-04T10:57:18+08:00 ] ::1 /shengu/
INFO: [ app_init ] --START--
INFO: Run Behavior\BuildLiteBehavior [ RunTime:0.000000s ]
INFO: [ app_init ] --END-- [ RunTime:0.000000s ]
INFO: [ app_begin ] --START--
INFO: Run Behavior\ReadHtmlCacheBehavior [ RunTime:0.000000s ]
INFO: [ app_begin ] --END-- [ RunTime:0.000000s ]
INFO: [ view_parse ] --START--
INFO: [ template_filter ] --START--
INFO: Run Behavior\ContentReplaceBehavior [ RunTime:0.000000s ]
INFO: [ template_filter ] --END-- [ RunTime:0.001000s ]
INFO: Run Behavior\ParseTemplateBehavior [ RunTime:0.019600s ]
INFO: [ view_parse ] --END-- [ RunTime:0.019600s ]
INFO: [ view_filter ] --START--
INFO: Run Behavior\WriteHtmlCacheBehavior [ RunTime:0.000000s ]
INFO: [ view_filter ] --END-- [ RunTime:0.000000s ]
INFO: [ app_end ] --START--
INFO: Run Behavior\ShowPageTraceBehavior [ RunTime:0.000000s ]
INFO: [ app_end ] --END-- [ RunTime:0.001000s ]

[ 2017-10-04T10:57:32+08:00 ] ::1 /shengu/
INFO: [ app_init ] --START--
INFO: Run Behavior\BuildLiteBehavior [ RunTime:0.000000s ]
INFO: [ app_init ] --END-- [ RunTime:0.000000s ]
INFO: [ app_begin ] --START--
INFO: Run Behavior\ReadHtmlCacheBehavior [ RunTime:0.000000s ]
INFO: [ app_begin ] --END-- [ RunTime:0.001000s ]
INFO: [ view_parse ] --START--
INFO: [ template_filter ] --START--
INFO: Run Behavior\ContentReplaceBehavior [ RunTime:0.000000s ]
INFO: [ template_filter ] --END-- [ RunTime:0.000000s ]
INFO: Run Behavior\ParseTemplateBehavior [ RunTime:0.007000s ]
INFO: [ view_parse ] --END-- [ RunTime:0.007000s ]
INFO: [ view_filter ] --START--
INFO: Run Behavior\WriteHtmlCacheBehavior [ RunTime:0.001000s ]
INFO: [ view_filter ] --END-- [ RunTime:0.001000s ]
INFO: [ app_end ] --START--
INFO: Run Behavior\ShowPageTraceBehavior [ RunTime:0.001000s ]
INFO: [ app_end ] --END-- [ RunTime:0.001000s ]

[ 2017-10-04T11:06:36+08:00 ] ::1 /shengu/Home/addCar
INFO: [ app_init ] --START--
INFO: Run Behavior\BuildLiteBehavior [ RunTime:0.000000s ]
INFO: [ app_init ] --END-- [ RunTime:0.001000s ]
INFO: [ app_begin ] --START--
INFO: Run Behavior\ReadHtmlCacheBehavior [ RunTime:0.002001s ]
INFO: [ app_begin ] --END-- [ RunTime:0.002001s ]
SQL: SHOW COLUMNS FROM `shopcar` [ RunTime:0.0030s ]
NOTIC: [8] Undefined variable: M F:\wamp\www\shengu\Application\Home\Controller\AddCarController.class.php 第 23 行.

[ 2017-10-04T11:06:51+08:00 ] ::1 /shengu/Home/addCar
INFO: [ app_init ] --START--
INFO: Run Behavior\BuildLiteBehavior [ RunTime:0.000000s ]
INFO: [ app_init ] --END-- [ RunTime:0.000000s ]
INFO: [ app_begin ] --START--
INFO: Run Behavior\ReadHtmlCacheBehavior [ RunTime:0.001000s ]
INFO: [ app_begin ] --END-- [ RunTime:0.001000s ]
SQL: SHOW COLUMNS FROM `shopcar` [ RunTime:0.0030s ]
NOTIC: [8] Undefined offset: 0 F:\wamp\www\shengu\Application\Home\Controller\AddCarController.class.php 第 23 行.
INFO: [ app_end ] --START--
INFO: Run Behavior\ShowPageTraceBehavior [ RunTime:0.001000s ]
INFO: [ app_end ] --END-- [ RunTime:0.001000s ]

[ 2017-10-04T11:08:00+08:00 ] ::1 /shengu/Home/addCar
INFO: [ app_init ] --START--
INFO: Run Behavior\BuildLiteBehavior [ RunTime:0.000000s ]
INFO: [ app_init ] --END-- [ RunTime:0.001000s ]
INFO: [ app_begin ] --START--
INFO: Run Behavior\ReadHtmlCacheBehavior [ RunTime:0.000000s ]
INFO: [ app_begin ] --END-- [ RunTime:0.002000s ]
SQL: SHOW COLUMNS FROM `shopcar` [ RunTime:0.0030s ]
NOTIC: [8] Undefined offset: 0 F:\wamp\www\shengu\Application\Home\Controller\AddCarController.class.php 第 24 行.
INFO: [ app_end ] --START--
INFO: Run Behavior\ShowPageTraceBehavior [ RunTime:0.000000s ]
INFO: [ app_end ] --END-- [ RunTime:0.000000s ]

[ 2017-10-04T11:08:26+08:00 ] ::1 /shengu/Home/addCar
INFO: [ app_init ] --START--
INFO: Run Behavior\BuildLiteBehavior [ RunTime:0.000000s ]
INFO: [ app_init ] --END-- [ RunTime:0.001000s ]
INFO: [ app_begin ] --START--
INFO: Run Behavior\ReadHtmlCacheBehavior [ RunTime:0.001000s ]
INFO: [ app_begin ] --END-- [ RunTime:0.001000s ]
SQL: SHOW COLUMNS FROM `shopcar` [ RunTime:0.0040s ]
NOTIC: [8] Undefined offset: 0 F:\wamp\www\shengu\Application\Home\Controller\AddCarController.class.php 第 24 行.
INFO: [ app_end ] --START--
INFO: Run Behavior\ShowPageTraceBehavior [ RunTime:0.001000s ]
INFO: [ app_end ] --END-- [ RunTime:0.001000s ]

[ 2017-10-04T11:08:27+08:00 ] ::1 /shengu/Home/addCar
INFO: [ app_init ] --START--
INFO: Run Behavior\BuildLiteBehavior [ RunTime:0.000000s ]
INFO: [ app_init ] --END-- [ RunTime:0.000000s ]
INFO: [ app_begin ] --START--
INFO: Run Behavior\ReadHtmlCacheBehavior [ RunTime:0.000000s ]
INFO: [ app_begin ] --END-- [ RunTime:0.000000s ]
SQL: SHOW COLUMNS FROM `shopcar` [ RunTime:0.0020s ]
NOTIC: [8] Undefined offset: 0 F:\wamp\www\shengu\Application\Home\Controller\AddCarController.class.php 第 24 行.
INFO: [ app_end ] --START--
INFO: Run Behavior\ShowPageTraceBehavior [ RunTime:0.000000s ]
INFO: [ app_end ] --END-- [ RunTime:0.001000s ]

[ 2017-10-04T11:09:46+08:00 ] ::1 /shengu/Home/addCar
INFO: [ app_init ] --START--
INFO: Run Behavior\BuildLiteBehavior [ RunTime:0.000000s ]
INFO: [ app_init ] --END-- [ RunTime:0.000000s ]
INFO: [ app_begin ] --START--
INFO: Run Behavior\ReadHtmlCacheBehavior [ RunTime:0.001000s ]
INFO: [ app_begin ] --END-- [ RunTime:0.001000s ]
SQL: SHOW COLUMNS FROM `shopcar` [ RunTime:0.0030s ]
SQL: INSERT INTO `shopcar` (`user`,`goods`,`time`,`status`,`obj`) VALUES ('root','娱乐_小猪','1507086586','1','中国有嘻哈') [ RunTime:0.0360s ]
INFO: [ app_end ] --START--
INFO: Run Behavior\ShowPageTraceBehavior [ RunTime:0.001001s ]
INFO: [ app_end ] --END-- [ RunTime:0.001001s ]

[ 2017-10-04T11:13:16+08:00 ] ::1 /shengu/Home/addCar
INFO: [ app_init ] --START--
INFO: Run Behavior\BuildLiteBehavior [ RunTime:0.000000s ]
INFO: [ app_init ] --END-- [ RunTime:0.001000s ]
INFO: [ app_begin ] --START--
INFO: Run Behavior\ReadHtmlCacheBehavior [ RunTime:0.001000s ]
INFO: [ app_begin ] --END-- [ RunTime:0.001000s ]
SQL: SHOW COLUMNS FROM `shopcar` [ RunTime:0.0020s ]
NOTIC: [8] Undefined index: pid F:\wamp\www\shengu\Application\Home\Controller\AddCarController.class.php 第 20 行.
NOTIC: [8] Undefined index: pid F:\wamp\www\shengu\Application\Home\Controller\AddCarController.class.php 第 23 行.
NOTIC: [8] Undefined index: plat F:\wamp\www\shengu\Application\Home\Controller\AddCarController.class.php 第 24 行.
SQL: INSERT INTO `shopcar` (`user`,`goods`,`time`,`status`,`obj`,`type`) VALUES ('root',NULL,'1507086796','1',NULL,NULL) [ RunTime:0.0420s ]
INFO: [ app_end ] --START--
INFO: Run Behavior\ShowPageTraceBehavior [ RunTime:0.001000s ]
INFO: [ app_end ] --END-- [ RunTime:0.001000s ]

[ 2017-10-04T11:13:26+08:00 ] ::1 /shengu/Home/addCar
INFO: [ app_init ] --START--
INFO: Run Behavior\BuildLiteBehavior [ RunTime:0.000000s ]
INFO: [ app_init ] --END-- [ RunTime:0.001000s ]
INFO: [ app_begin ] --START--
INFO: Run Behavior\ReadHtmlCacheBehavior [ RunTime:0.000000s ]
INFO: [ app_begin ] --END-- [ RunTime:0.001000s ]
SQL: SHOW COLUMNS FROM `shopcar` [ RunTime:0.0030s ]
NOTIC: [8] Undefined index: pid F:\wamp\www\shengu\Application\Home\Controller\AddCarController.class.php 第 17 行.
NOTIC: [8] Undefined index: pid F:\wamp\www\shengu\Application\Home\Controller\AddCarController.class.php 第 20 行.
NOTIC: [8] Undefined index: plat F:\wamp\www\shengu\Application\Home\Controller\AddCarController.class.php 第 21 行.
SQL: INSERT INTO `shopcar` (`user`,`goods`,`time`,`status`,`obj`,`type`) VALUES ('root',NULL,'1507086806','1',NULL,NULL) [ RunTime:0.0360s ]
INFO: [ app_end ] --START--
INFO: Run Behavior\ShowPageTraceBehavior [ RunTime:0.000000s ]
INFO: [ app_end ] --END-- [ RunTime:0.001000s ]

[ 2017-10-04T11:13:50+08:00 ] ::1 /shengu/Home/addCar
INFO: [ app_init ] --START--
INFO: Run Behavior\BuildLiteBehavior [ RunTime:0.000000s ]
INFO: [ app_init ] --END-- [ RunTime:0.000000s ]
INFO: [ app_begin ] --START--
INFO: Run Behavior\ReadHtmlCacheBehavior [ RunTime:0.000000s ]
INFO: [ app_begin ] --END-- [ RunTime:0.001000s ]
SQL: SHOW COLUMNS FROM `shopcar` [ RunTime:0.0020s ]
NOTIC: [8] Undefined index: pid F:\wamp\www\shengu\Application\Home\Controller\AddCarController.class.php 第 17 行.
NOTIC: [8] Undefined index: pid F:\wamp\www\shengu\Application\Home\Controller\AddCarController.class.php 第 20 行.
NOTIC: [8] Undefined index: plat F:\wamp\www\shengu\Application\Home\Controller\AddCarController.class.php 第 21 行.
SQL: INSERT INTO `shopcar` (`user`,`goods`,`time`,`status`,`obj`,`type`) VALUES ('root',NULL,'1507086830','1',NULL,NULL) [ RunTime:0.0390s ]
INFO: [ app_end ] --START--
INFO: Run Behavior\ShowPageTraceBehavior [ RunTime:0.000000s ]
INFO: [ app_end ] --END-- [ RunTime:0.000000s ]

[ 2017-10-04T11:19:59+08:00 ] ::1 /shengu/Home/addCar
INFO: [ app_init ] --START--
INFO: Run Behavior\BuildLiteBehavior [ RunTime:0.000000s ]
INFO: [ app_init ] --END-- [ RunTime:0.001000s ]
INFO: [ app_begin ] --START--
INFO: Run Behavior\ReadHtmlCacheBehavior [ RunTime:0.001000s ]
INFO: [ app_begin ] --END-- [ RunTime:0.001000s ]

[ 2017-10-04T11:20:27+08:00 ] ::1 /shengu/Home/addCar
INFO: [ app_init ] --START--
INFO: Run Behavior\BuildLiteBehavior [ RunTime:0.000000s ]
INFO: [ app_init ] --END-- [ RunTime:0.001000s ]
INFO: [ app_begin ] --START--
INFO: Run Behavior\ReadHtmlCacheBehavior [ RunTime:0.001000s ]
INFO: [ app_begin ] --END-- [ RunTime:0.001000s ]
SQL: SHOW COLUMNS FROM `shopcar` [ RunTime:0.0030s ]
NOTIC: [8] Undefined index: pid F:\wamp\www\shengu\Application\Home\Controller\AddCarController.class.php 第 17 行.
NOTIC: [8] Undefined index: pid F:\wamp\www\shengu\Application\Home\Controller\AddCarController.class.php 第 20 行.
NOTIC: [8] Undefined index: plat F:\wamp\www\shengu\Application\Home\Controller\AddCarController.class.php 第 21 行.
INFO: [ app_end ] --START--
INFO: Run Behavior\ShowPageTraceBehavior [ RunTime:0.001000s ]
INFO: [ app_end ] --END-- [ RunTime:0.001000s ]

[ 2017-10-04T11:20:47+08:00 ] ::1 /shengu/Home/addCar
INFO: [ app_init ] --START--
INFO: Run Behavior\BuildLiteBehavior [ RunTime:0.001000s ]
INFO: [ app_init ] --END-- [ RunTime:0.001000s ]
INFO: [ app_begin ] --START--
INFO: Run Behavior\ReadHtmlCacheBehavior [ RunTime:0.001000s ]
INFO: [ app_begin ] --END-- [ RunTime:0.001000s ]
SQL: SHOW COLUMNS FROM `shopcar` [ RunTime:0.0050s ]
NOTIC: [8] Undefined index: pid F:\wamp\www\shengu\Application\Home\Controller\AddCarController.class.php 第 17 行.
NOTIC: [8] Undefined index: pid F:\wamp\www\shengu\Application\Home\Controller\AddCarController.class.php 第 20 行.
NOTIC: [8] Undefined index: plat F:\wamp\www\shengu\Application\Home\Controller\AddCarController.class.php 第 21 行.
INFO: [ app_end ] --START--
INFO: Run Behavior\ShowPageTraceBehavior [ RunTime:0.000000s ]
INFO: [ app_end ] --END-- [ RunTime:0.001000s ]

[ 2017-10-04T11:21:19+08:00 ] ::1 /shengu/Home/addCar
INFO: [ app_init ] --START--
INFO: Run Behavior\BuildLiteBehavior [ RunTime:0.000000s ]
INFO: [ app_init ] --END-- [ RunTime:0.001000s ]
INFO: [ app_begin ] --START--
INFO: Run Behavior\ReadHtmlCacheBehavior [ RunTime:0.000000s ]
INFO: [ app_begin ] --END-- [ RunTime:0.001000s ]
SQL: SHOW COLUMNS FROM `shopcar` [ RunTime:0.0030s ]
NOTIC: [8] Undefined index: pid F:\wamp\www\shengu\Application\Home\Controller\AddCarController.class.php 第 17 行.
NOTIC: [8] Undefined index: pid F:\wamp\www\shengu\Application\Home\Controller\AddCarController.class.php 第 20 行.
NOTIC: [8] Undefined index: plat F:\wamp\www\shengu\Application\Home\Controller\AddCarController.class.php 第 21 行.
INFO: [ app_end ] --START--
INFO: Run Behavior\ShowPageTraceBehavior [ RunTime:0.001000s ]
INFO: [ app_end ] --END-- [ RunTime:0.001000s ]

[ 2017-10-04T11:21:42+08:00 ] ::1 /shengu/Home/addCar
INFO: [ app_init ] --START--
INFO: Run Behavior\BuildLiteBehavior [ RunTime:0.000000s ]
INFO: [ app_init ] --END-- [ RunTime:0.001000s ]
INFO: [ app_begin ] --START--
INFO: Run Behavior\ReadHtmlCacheBehavior [ RunTime:0.001000s ]
INFO: [ app_begin ] --END-- [ RunTime:0.001000s ]
SQL: SHOW COLUMNS FROM `shopcar` [ RunTime:0.0030s ]
INFO: [ app_end ] --START--
INFO: Run Behavior\ShowPageTraceBehavior [ RunTime:0.000000s ]
INFO: [ app_end ] --END-- [ RunTime:0.001000s ]

[ 2017-10-04T11:21:43+08:00 ] ::1 /shengu/Home/addCar
INFO: [ app_init ] --START--
INFO: Run Behavior\BuildLiteBehavior [ RunTime:0.000000s ]
INFO: [ app_init ] --END-- [ RunTime:0.001000s ]
INFO: [ app_begin ] --START--
INFO: Run Behavior\ReadHtmlCacheBehavior [ RunTime:0.001000s ]
INFO: [ app_begin ] --END-- [ RunTime:0.001000s ]
SQL: SHOW COLUMNS FROM `shopcar` [ RunTime:0.0020s ]
INFO: [ app_end ] --START--
INFO: Run Behavior\ShowPageTraceBehavior [ RunTime:0.001000s ]
INFO: [ app_end ] --END-- [ RunTime:0.001000s ]

[ 2017-10-04T11:21:58+08:00 ] ::1 /shengu/Home/addCar
INFO: [ app_init ] --START--
INFO: Run Behavior\BuildLiteBehavior [ RunTime:0.000000s ]
INFO: [ app_init ] --END-- [ RunTime:0.000000s ]
INFO: [ app_begin ] --START--
INFO: Run Behavior\ReadHtmlCacheBehavior [ RunTime:0.000000s ]
INFO: [ app_begin ] --END-- [ RunTime:0.000000s ]
SQL: SHOW COLUMNS FROM `shopcar` [ RunTime:0.0000s ]
INFO: [ app_end ] --START--
INFO: Run Behavior\ShowPageTraceBehavior [ RunTime:0.000000s ]
INFO: [ app_end ] --END-- [ RunTime:0.000000s ]

[ 2017-10-04T11:22:12+08:00 ] ::1 /shengu/Home/addCar
INFO: [ app_init ] --START--
INFO: Run Behavior\BuildLiteBehavior [ RunTime:0.000000s ]
INFO: [ app_init ] --END-- [ RunTime:0.001000s ]
INFO: [ app_begin ] --START--
INFO: Run Behavior\ReadHtmlCacheBehavior [ RunTime:0.000000s ]
INFO: [ app_begin ] --END-- [ RunTime:0.000000s ]
SQL: SHOW COLUMNS FROM `shopcar` [ RunTime:0.0040s ]
SQL: INSERT INTO `shopcar` (`user`,`goods`,`time`,`status`,`type`) VALUES ('root','娱乐_小猪','1507087332','1','weibo') [ RunTime:0.0490s ]
INFO: [ app_end ] --START--
INFO: Run Behavior\ShowPageTraceBehavior [ RunTime:0.001000s ]
INFO: [ app_end ] --END-- [ RunTime:0.001000s ]

[ 2017-10-04T18:35:48+08:00 ] ::1 /shengu/Home/addCar
INFO: [ app_init ] --START--
INFO: Run Behavior\BuildLiteBehavior [ RunTime:0.000000s ]
INFO: [ app_init ] --END-- [ RunTime:0.001000s ]
INFO: [ app_begin ] --START--
INFO: Run Behavior\ReadHtmlCacheBehavior [ RunTime:0.000000s ]
INFO: [ app_begin ] --END-- [ RunTime:0.001000s ]
SQL: SHOW COLUMNS FROM `shopcar` [ RunTime:0.0050s ]
INFO: [ app_end ] --START--
INFO: Run Behavior\ShowPageTraceBehavior [ RunTime:0.001000s ]
INFO: [ app_end ] --END-- [ RunTime:0.001000s ]

[ 2017-10-04T18:37:26+08:00 ] ::1 /shengu/Home/addCar
INFO: [ app_init ] --START--
INFO: Run Behavior\BuildLiteBehavior [ RunTime:0.000000s ]
INFO: [ app_init ] --END-- [ RunTime:0.000000s ]
INFO: [ app_begin ] --START--
INFO: Run Behavior\ReadHtmlCacheBehavior [ RunTime:0.001000s ]
INFO: [ app_begin ] --END-- [ RunTime:0.001000s ]
SQL: SHOW COLUMNS FROM `shopcar` [ RunTime:0.0060s ]
SQL: INSERT INTO `shopcar` (`user`,`goods`,`time`,`status`,`type`) VALUES ('root','娱乐_小猪','1507113446','1','weibo') [ RunTime:0.0120s ]
INFO: [ app_end ] --START--
INFO: Run Behavior\ShowPageTraceBehavior [ RunTime:0.001000s ]
INFO: [ app_end ] --END-- [ RunTime:0.001000s ]

[ 2017-10-04T18:48:31+08:00 ] ::1 /shengu/Home/addCar
INFO: [ app_init ] --START--
INFO: Run Behavior\BuildLiteBehavior [ RunTime:0.000000s ]
INFO: [ app_init ] --END-- [ RunTime:0.000000s ]
INFO: [ app_begin ] --START--
INFO: Run Behavior\ReadHtmlCacheBehavior [ RunTime:0.002000s ]
INFO: [ app_begin ] --END-- [ RunTime:0.002000s ]
SQL: SHOW COLUMNS FROM `shopcar` [ RunTime:0.0040s ]
NOTIC: [8] Undefined variable: data F:\wamp\www\shengu\Application\Home\Controller\AddCarController.class.php 第 40 行.
INFO: [ app_end ] --START--
INFO: Run Behavior\ShowPageTraceBehavior [ RunTime:0.001000s ]
INFO: [ app_end ] --END-- [ RunTime:0.001000s ]

[ 2017-10-04T18:48:51+08:00 ] ::1 /shengu/Home/addCar
INFO: [ app_init ] --START--
INFO: Run Behavior\BuildLiteBehavior [ RunTime:0.000000s ]
INFO: [ app_init ] --END-- [ RunTime:0.001000s ]
INFO: [ app_begin ] --START--
INFO: Run Behavior\ReadHtmlCacheBehavior [ RunTime:0.001000s ]
INFO: [ app_begin ] --END-- [ RunTime:0.001000s ]
SQL: SHOW COLUMNS FROM `shopcar` [ RunTime:0.0060s ]
NOTIC: [8] Undefined variable: data F:\wamp\www\shengu\Application\Home\Controller\AddCarController.class.php 第 40 行.
INFO: [ app_end ] --START--
INFO: Run Behavior\ShowPageTraceBehavior [ RunTime:0.001000s ]
INFO: [ app_end ] --END-- [ RunTime:0.002000s ]

[ 2017-10-04T18:49:33+08:00 ] ::1 /shengu/Home/addCar
INFO: [ app_init ] --START--
INFO: Run Behavior\BuildLiteBehavior [ RunTime:0.000000s ]
INFO: [ app_init ] --END-- [ RunTime:0.001000s ]
INFO: [ app_begin ] --START--
INFO: Run Behavior\ReadHtmlCacheBehavior [ RunTime:0.001000s ]
INFO: [ app_begin ] --END-- [ RunTime:0.001000s ]
SQL: SHOW COLUMNS FROM `shopcar` [ RunTime:0.0030s ]
NOTIC: [8] Undefined variable: data F:\wamp\www\shengu\Application\Home\Controller\AddCarController.class.php 第 40 行.
INFO: [ app_end ] --START--
INFO: Run Behavior\ShowPageTraceBehavior [ RunTime:0.001000s ]
INFO: [ app_end ] --END-- [ RunTime:0.001000s ]

[ 2017-10-04T18:53:25+08:00 ] ::1 /shengu/Home/addCar
INFO: [ app_init ] --START--
INFO: Run Behavior\BuildLiteBehavior [ RunTime:0.000000s ]
INFO: [ app_init ] --END-- [ RunTime:0.000000s ]
INFO: [ app_begin ] --START--
INFO: Run Behavior\ReadHtmlCacheBehavior [ RunTime:0.001000s ]
INFO: [ app_begin ] --END-- [ RunTime:0.001000s ]
SQL: SHOW COLUMNS FROM `shopcar` [ RunTime:0.0030s ]
NOTIC: [8] Undefined index: list F:\wamp\www\shengu\Application\Home\Controller\AddCarController.class.php 第 14 行.
NOTIC: [8] Undefined variable: result F:\wamp\www\shengu\Application\Home\Controller\AddCarController.class.php 第 36 行.
INFO: [ app_end ] --START--
INFO: Run Behavior\ShowPageTraceBehavior [ RunTime:0.001000s ]
INFO: [ app_end ] --END-- [ RunTime:0.001000s ]

[ 2017-10-04T18:53:26+08:00 ] ::1 /shengu/Home/addCar
INFO: [ app_init ] --START--
INFO: Run Behavior\BuildLiteBehavior [ RunTime:0.000000s ]
INFO: [ app_init ] --END-- [ RunTime:0.001000s ]
INFO: [ app_begin ] --START--
INFO: Run Behavior\ReadHtmlCacheBehavior [ RunTime:0.001000s ]
INFO: [ app_begin ] --END-- [ RunTime:0.001000s ]
SQL: SHOW COLUMNS FROM `shopcar` [ RunTime:0.0000s ]
NOTIC: [8] Undefined index: list F:\wamp\www\shengu\Application\Home\Controller\AddCarController.class.php 第 14 行.
NOTIC: [8] Undefined variable: result F:\wamp\www\shengu\Application\Home\Controller\AddCarController.class.php 第 36 行.
INFO: [ app_end ] --START--
INFO: Run Behavior\ShowPageTraceBehavior [ RunTime:0.001000s ]
INFO: [ app_end ] --END-- [ RunTime:0.001000s ]

[ 2017-10-04T18:53:29+08:00 ] ::1 /shengu/Home/addCar
INFO: [ app_init ] --START--
INFO: Run Behavior\BuildLiteBehavior [ RunTime:0.000000s ]
INFO: [ app_init ] --END-- [ RunTime:0.001000s ]
INFO: [ app_begin ] --START--
INFO: Run Behavior\ReadHtmlCacheBehavior [ RunTime:0.001001s ]
INFO: [ app_begin ] --END-- [ RunTime:0.002001s ]
SQL: SHOW COLUMNS FROM `shopcar` [ RunTime:0.0010s ]
NOTIC: [8] Undefined index: list F:\wamp\www\shengu\Application\Home\Controller\AddCarController.class.php 第 14 行.
NOTIC: [8] Undefined variable: result F:\wamp\www\shengu\Application\Home\Controller\AddCarController.class.php 第 36 行.
INFO: [ app_end ] --START--
INFO: Run Behavior\ShowPageTraceBehavior [ RunTime:0.001000s ]
INFO: [ app_end ] --END-- [ RunTime:0.002000s ]

[ 2017-10-04T18:53:49+08:00 ] ::1 /shengu/Home/addCar
INFO: [ app_init ] --START--
INFO: Run Behavior\BuildLiteBehavior [ RunTime:0.000000s ]
INFO: [ app_init ] --END-- [ RunTime:0.001000s ]
INFO: [ app_begin ] --START--
INFO: Run Behavior\ReadHtmlCacheBehavior [ RunTime:0.001000s ]
INFO: [ app_begin ] --END-- [ RunTime:0.001000s ]
SQL: SHOW COLUMNS FROM `shopcar` [ RunTime:0.0010s ]
NOTIC: [8] Undefined index: list F:\wamp\www\shengu\Application\Home\Controller\AddCarController.class.php 第 14 行.
NOTIC: [8] Undefined variable: result F:\wamp\www\shengu\Application\Home\Controller\AddCarController.class.php 第 36 行.
INFO: [ app_end ] --START--
INFO: Run Behavior\ShowPageTraceBehavior [ RunTime:0.001000s ]
INFO: [ app_end ] --END-- [ RunTime:0.001000s ]

[ 2017-10-04T18:53:52+08:00 ] ::1 /shengu/Home/addCar
INFO: [ app_init ] --START--
INFO: Run Behavior\BuildLiteBehavior [ RunTime:0.000000s ]
INFO: [ app_init ] --END-- [ RunTime:0.001000s ]
INFO: [ app_begin ] --START--
INFO: Run Behavior\ReadHtmlCacheBehavior [ RunTime:0.001000s ]
INFO: [ app_begin ] --END-- [ RunTime:0.001000s ]
SQL: SHOW COLUMNS FROM `shopcar` [ RunTime:0.0010s ]
NOTIC: [8] Undefined index: list F:\wamp\www\shengu\Application\Home\Controller\AddCarController.class.php 第 14 行.
NOTIC: [8] Undefined variable: result F:\wamp\www\shengu\Application\Home\Controller\AddCarController.class.php 第 36 行.
INFO: [ app_end ] --START--
INFO: Run Behavior\ShowPageTraceBehavior [ RunTime:0.001000s ]
INFO: [ app_end ] --END-- [ RunTime:0.001000s ]

[ 2017-10-04T18:54:29+08:00 ] ::1 /shengu/Home/addCar
INFO: [ app_init ] --START--
INFO: Run Behavior\BuildLiteBehavior [ RunTime:0.000000s ]
INFO: [ app_init ] --END-- [ RunTime:0.000000s ]
INFO: [ app_begin ] --START--
INFO: Run Behavior\ReadHtmlCacheBehavior [ RunTime:0.001000s ]
INFO: [ app_begin ] --END-- [ RunTime:0.001000s ]
SQL: SHOW COLUMNS FROM `shopcar` [ RunTime:0.0010s ]
NOTIC: [8] Undefined index: list F:\wamp\www\shengu\Application\Home\Controller\AddCarController.class.php 第 14 行.

[ 2017-10-04T18:55:33+08:00 ] ::1 /shengu/Home/addCar
INFO: [ app_init ] --START--
INFO: Run Behavior\BuildLiteBehavior [ RunTime:0.000000s ]
INFO: [ app_init ] --END-- [ RunTime:0.001000s ]
INFO: [ app_begin ] --START--
INFO: Run Behavior\ReadHtmlCacheBehavior [ RunTime:0.001000s ]
INFO: [ app_begin ] --END-- [ RunTime:0.001000s ]
SQL: SHOW COLUMNS FROM `shopcar` [ RunTime:0.0010s ]
NOTIC: [8] Undefined index: list F:\wamp\www\shengu\Application\Home\Controller\AddCarController.class.php 第 14 行.

[ 2017-10-04T19:08:30+08:00 ] ::1 /shengu/Home/carList
INFO: [ app_init ] --START--
INFO: Run Behavior\BuildLiteBehavior [ RunTime:0.000000s ]
INFO: [ app_init ] --END-- [ RunTime:0.001000s ]
INFO: [ app_begin ] --START--
INFO: Run Behavior\ReadHtmlCacheBehavior [ RunTime:0.000000s ]
INFO: [ app_begin ] --END-- [ RunTime:0.000000s ]
SQL: SHOW COLUMNS FROM `shopcar` [ RunTime:0.0010s ]
SQL: SELECT * FROM `shopcar` WHERE `user` = 'root'  [ RunTime:0.0000s ]
NOTIC: [8] Undefined index: page F:\wamp\www\shengu\Application\Home\Controller\CarListController.class.php 第 33 行.
INFO: [ app_end ] --START--
INFO: Run Behavior\ShowPageTraceBehavior [ RunTime:0.001000s ]
INFO: [ app_end ] --END-- [ RunTime:0.001000s ]

[ 2017-10-04T19:11:34+08:00 ] ::1 /shengu/Home/carList
INFO: [ app_init ] --START--
INFO: Run Behavior\BuildLiteBehavior [ RunTime:0.000000s ]
INFO: [ app_init ] --END-- [ RunTime:0.002000s ]
INFO: [ app_begin ] --START--
INFO: Run Behavior\ReadHtmlCacheBehavior [ RunTime:0.001000s ]
INFO: [ app_begin ] --END-- [ RunTime:0.003000s ]
SQL: SHOW COLUMNS FROM `shopcar` [ RunTime:0.0010s ]
SQL: SELECT * FROM `shopcar` WHERE `user` = 'root' LIMIT 0,1   [ RunTime:0.0010s ]
NOTIC: [8] Undefined variable: page F:\wamp\www\shengu\Application\Home\Controller\CarListController.class.php 第 34 行.
INFO: [ app_end ] --START--
INFO: Run Behavior\ShowPageTraceBehavior [ RunTime:0.001000s ]
INFO: [ app_end ] --END-- [ RunTime:0.001000s ]

[ 2017-10-04T19:11:44+08:00 ] ::1 /shengu/Home/carList
INFO: [ app_init ] --START--
INFO: Run Behavior\BuildLiteBehavior [ RunTime:0.000000s ]
INFO: [ app_init ] --END-- [ RunTime:0.000000s ]
INFO: [ app_begin ] --START--
INFO: Run Behavior\ReadHtmlCacheBehavior [ RunTime:0.001000s ]
INFO: [ app_begin ] --END-- [ RunTime:0.002000s ]
SQL: SHOW COLUMNS FROM `shopcar` [ RunTime:0.0010s ]
SQL: SELECT * FROM `shopcar` WHERE `user` = 'root' LIMIT 0,2   [ RunTime:0.0010s ]
NOTIC: [8] Undefined variable: page F:\wamp\www\shengu\Application\Home\Controller\CarListController.class.php 第 34 行.
INFO: [ app_end ] --START--
INFO: Run Behavior\ShowPageTraceBehavior [ RunTime:0.001000s ]
INFO: [ app_end ] --END-- [ RunTime:0.002000s ]

[ 2017-10-04T19:22:54+08:00 ] ::1 /shengu/Home/addCar
INFO: [ app_init ] --START--
INFO: Run Behavior\BuildLiteBehavior [ RunTime:0.000000s ]
INFO: [ app_init ] --END-- [ RunTime:0.000000s ]
INFO: [ app_begin ] --START--
INFO: Run Behavior\ReadHtmlCacheBehavior [ RunTime:0.000000s ]
INFO: [ app_begin ] --END-- [ RunTime:0.000000s ]
SQL: SHOW COLUMNS FROM `shopcar` [ RunTime:0.0000s ]
NOTIC: [8] Undefined index: list F:\wamp\www\shengu\Application\Home\Controller\AddCarController.class.php 第 14 行.

[ 2017-10-04T19:23:07+08:00 ] ::1 /shengu/Home/carList
INFO: [ app_init ] --START--
INFO: Run Behavior\BuildLiteBehavior [ RunTime:0.000000s ]
INFO: [ app_init ] --END-- [ RunTime:0.001000s ]
INFO: [ app_begin ] --START--
INFO: Run Behavior\ReadHtmlCacheBehavior [ RunTime:0.001000s ]
INFO: [ app_begin ] --END-- [ RunTime:0.001000s ]
SQL: SHOW COLUMNS FROM `shopcar` [ RunTime:0.0170s ]
SQL: SELECT * FROM `shopcar` WHERE `user` = 'root' ORDER BY id desc  [ RunTime:0.0060s ]
NOTIC: [8] Undefined variable: page F:\wamp\www\shengu\Application\Home\Controller\CarListController.class.php 第 34 行.
INFO: [ app_end ] --START--
INFO: Run Behavior\ShowPageTraceBehavior [ RunTime:0.001001s ]
INFO: [ app_end ] --END-- [ RunTime:0.001001s ]

[ 2017-10-04T19:23:39+08:00 ] ::1 /shengu/Home/carList
INFO: [ app_init ] --START--
INFO: Run Behavior\BuildLiteBehavior [ RunTime:0.000000s ]
INFO: [ app_init ] --END-- [ RunTime:0.001000s ]
INFO: [ app_begin ] --START--
INFO: Run Behavior\ReadHtmlCacheBehavior [ RunTime:0.001000s ]
INFO: [ app_begin ] --END-- [ RunTime:0.001000s ]
SQL: SHOW COLUMNS FROM `shopcar` [ RunTime:0.0010s ]
SQL: SELECT * FROM `shopcar` WHERE `user` = 'root' ORDER BY id desc  [ RunTime:0.0010s ]
NOTIC: [8] Undefined variable: page F:\wamp\www\shengu\Application\Home\Controller\CarListController.class.php 第 34 行.

[ 2017-10-04T19:23:40+08:00 ] ::1 /shengu/Home/carList
INFO: [ app_init ] --START--
INFO: Run Behavior\BuildLiteBehavior [ RunTime:0.000000s ]
INFO: [ app_init ] --END-- [ RunTime:0.001000s ]
INFO: [ app_begin ] --START--
INFO: Run Behavior\ReadHtmlCacheBehavior [ RunTime:0.001000s ]
INFO: [ app_begin ] --END-- [ RunTime:0.001000s ]
SQL: SHOW COLUMNS FROM `shopcar` [ RunTime:0.0000s ]
SQL: SELECT * FROM `shopcar` WHERE `user` = 'root' ORDER BY id desc  [ RunTime:0.0010s ]
NOTIC: [8] Undefined variable: page F:\wamp\www\shengu\Application\Home\Controller\CarListController.class.php 第 34 行.

