[ 2017-10-05T11:28:44+08:00 ] ::1 /shengu/Home/upload
INFO: [ app_init ] --START--
INFO: Run Behavior\BuildLiteBehavior [ RunTime:0.000000s ]
INFO: [ app_init ] --END-- [ RunTime:0.000000s ]
INFO: [ app_begin ] --START--
INFO: Run Behavior\ReadHtmlCacheBehavior [ RunTime:0.000000s ]
INFO: [ app_begin ] --END-- [ RunTime:0.000000s ]
NOTIC: [8] Undefined index: file F:\wamp\www\shengu\Application\Home\Controller\UploadController.class.php 第 15 行.
INFO: [ app_end ] --START--
INFO: Run Behavior\ShowPageTraceBehavior [ RunTime:0.001000s ]
INFO: [ app_end ] --END-- [ RunTime:0.001000s ]

[ 2017-10-05T11:28:53+08:00 ] ::1 /shengu/Home/upload
INFO: [ app_init ] --START--
INFO: Run Behavior\BuildLiteBehavior [ RunTime:0.000000s ]
INFO: [ app_init ] --END-- [ RunTime:0.001000s ]
INFO: [ app_begin ] --START--
INFO: Run Behavior\ReadHtmlCacheBehavior [ RunTime:0.001000s ]
INFO: [ app_begin ] --END-- [ RunTime:0.001000s ]
NOTIC: [8] Undefined index: file F:\wamp\www\shengu\Application\Home\Controller\UploadController.class.php 第 15 行.
INFO: [ app_end ] --START--
INFO: Run Behavior\ShowPageTraceBehavior [ RunTime:0.001000s ]
INFO: [ app_end ] --END-- [ RunTime:0.001000s ]

[ 2017-10-05T11:29:11+08:00 ] ::1 /shengu/Home/delMedis
INFO: [ app_init ] --START--
INFO: Run Behavior\BuildLiteBehavior [ RunTime:0.000000s ]
INFO: [ app_init ] --END-- [ RunTime:0.000000s ]
INFO: [ app_begin ] --START--
INFO: Run Behavior\ReadHtmlCacheBehavior [ RunTime:0.001000s ]
INFO: [ app_begin ] --END-- [ RunTime:0.001000s ]
ERR: 无法加载控制器:DelMedis

[ 2017-10-05T11:29:21+08:00 ] ::1 /shengu/Home/delMedi
INFO: [ app_init ] --START--
INFO: Run Behavior\BuildLiteBehavior [ RunTime:0.000000s ]
INFO: [ app_init ] --END-- [ RunTime:0.000000s ]
INFO: [ app_begin ] --START--
INFO: Run Behavior\ReadHtmlCacheBehavior [ RunTime:0.000000s ]
INFO: [ app_begin ] --END-- [ RunTime:0.000000s ]
ERR: 无法加载控制器:DelMedi

[ 2017-10-05T11:29:37+08:00 ] ::1 /shengu/Home/delMedia
INFO: [ app_init ] --START--
INFO: Run Behavior\BuildLiteBehavior [ RunTime:0.000000s ]
INFO: [ app_init ] --END-- [ RunTime:0.000000s ]
INFO: [ app_begin ] --START--
INFO: Run Behavior\ReadHtmlCacheBehavior [ RunTime:0.000000s ]
INFO: [ app_begin ] --END-- [ RunTime:0.001000s ]
NOTIC: [8] Undefined index: plat F:\wamp\www\shengu\Application\Home\Controller\DelMediaController.class.php 第 13 行.

[ 2017-10-05T11:30:29+08:00 ] ::1 /shengu/Home/delMedia
INFO: [ app_init ] --START--
INFO: Run Behavior\BuildLiteBehavior [ RunTime:0.000000s ]
INFO: [ app_init ] --END-- [ RunTime:0.001000s ]
INFO: [ app_begin ] --START--
INFO: Run Behavior\ReadHtmlCacheBehavior [ RunTime:0.001000s ]
INFO: [ app_begin ] --END-- [ RunTime:0.001000s ]
NOTIC: [8] Undefined index: plat F:\wamp\www\shengu\Application\Home\Controller\DelMediaController.class.php 第 15 行.
NOTIC: [8] Undefined index: name F:\wamp\www\shengu\Application\Home\Controller\DelMediaController.class.php 第 16 行.
SQL: SHOW COLUMNS FROM `blog` [ RunTime:0.0030s ]
SQL: SHOW COLUMNS FROM `blogproviders` [ RunTime:0.0450s ]
NOTIC: [8] Undefined variable: blog F:\wamp\www\shengu\Application\Home\Controller\DelMediaController.class.php 第 39 行.

[ 2017-10-05T11:30:39+08:00 ] ::1 /shengu/Home/delMedia
INFO: [ app_init ] --START--
INFO: Run Behavior\BuildLiteBehavior [ RunTime:0.000000s ]
INFO: [ app_init ] --END-- [ RunTime:0.002000s ]
INFO: [ app_begin ] --START--
INFO: Run Behavior\ReadHtmlCacheBehavior [ RunTime:0.001000s ]
INFO: [ app_begin ] --END-- [ RunTime:0.001000s ]
NOTIC: [8] Undefined index: plat F:\wamp\www\shengu\Application\Home\Controller\DelMediaController.class.php 第 15 行.
NOTIC: [8] Undefined index: name F:\wamp\www\shengu\Application\Home\Controller\DelMediaController.class.php 第 16 行.
SQL: SHOW COLUMNS FROM `blog` [ RunTime:0.0030s ]
SQL: SHOW COLUMNS FROM `blogproviders` [ RunTime:0.0030s ]
INFO: [ app_end ] --START--
INFO: Run Behavior\ShowPageTraceBehavior [ RunTime:0.000000s ]
INFO: [ app_end ] --END-- [ RunTime:0.001000s ]

[ 2017-10-05T11:31:22+08:00 ] ::1 /shengu/Home/delMedia
INFO: [ app_init ] --START--
INFO: Run Behavior\BuildLiteBehavior [ RunTime:0.000000s ]
INFO: [ app_init ] --END-- [ RunTime:0.000000s ]
INFO: [ app_begin ] --START--
INFO: Run Behavior\ReadHtmlCacheBehavior [ RunTime:0.000000s ]
INFO: [ app_begin ] --END-- [ RunTime:0.000000s ]
NOTIC: [8] Undefined index: plat F:\wamp\www\shengu\Application\Home\Controller\DelMediaController.class.php 第 15 行.
NOTIC: [8] Undefined index: name F:\wamp\www\shengu\Application\Home\Controller\DelMediaController.class.php 第 16 行.
SQL: SHOW COLUMNS FROM `blog` [ RunTime:0.0030s ]
SQL: SHOW COLUMNS FROM `blogproviders` [ RunTime:0.0030s ]
INFO: [ app_end ] --START--
INFO: Run Behavior\ShowPageTraceBehavior [ RunTime:0.001000s ]
INFO: [ app_end ] --END-- [ RunTime:0.001000s ]

[ 2017-10-05T11:31:40+08:00 ] ::1 /shengu/Home/delMedia
INFO: [ app_init ] --START--
INFO: Run Behavior\BuildLiteBehavior [ RunTime:0.000000s ]
INFO: [ app_init ] --END-- [ RunTime:0.000000s ]
INFO: [ app_begin ] --START--
INFO: Run Behavior\ReadHtmlCacheBehavior [ RunTime:0.001000s ]
INFO: [ app_begin ] --END-- [ RunTime:0.001000s ]
NOTIC: [8] Undefined index: plat F:\wamp\www\shengu\Application\Home\Controller\DelMediaController.class.php 第 15 行.
NOTIC: [8] Undefined index: name F:\wamp\www\shengu\Application\Home\Controller\DelMediaController.class.php 第 16 行.
SQL: SHOW COLUMNS FROM `blog` [ RunTime:0.0040s ]
SQL: SHOW COLUMNS FROM `blogproviders` [ RunTime:0.0030s ]
SQL: DELETE FROM `blog` WHERE `name` = '娱乐小主' [ RunTime:0.0430s ]
SQL: DELETE FROM `blogproviders` WHERE ( pid like concat('%','娱乐小主','%') ) [ RunTime:0.0000s ]
INFO: [ app_end ] --START--
INFO: Run Behavior\ShowPageTraceBehavior [ RunTime:0.001000s ]
INFO: [ app_end ] --END-- [ RunTime:0.001000s ]

[ 2017-10-05T11:48:05+08:00 ] ::1 /shengu/Home/delMedia
INFO: [ app_init ] --START--
INFO: Run Behavior\BuildLiteBehavior [ RunTime:0.000000s ]
INFO: [ app_init ] --END-- [ RunTime:0.001001s ]
INFO: [ app_begin ] --START--
INFO: Run Behavior\ReadHtmlCacheBehavior [ RunTime:0.001000s ]
INFO: [ app_begin ] --END-- [ RunTime:0.001000s ]
NOTIC: [8] Undefined index: plat F:\wamp\www\shengu\Application\Home\Controller\DelMediaController.class.php 第 14 行.
NOTIC: [8] Undefined index: pid F:\wamp\www\shengu\Application\Home\Controller\DelMediaController.class.php 第 15 行.
NOTIC: [8] Undefined index: name F:\wamp\www\shengu\Application\Home\Controller\DelMediaController.class.php 第 18 行.
INFO: [ app_end ] --START--
INFO: Run Behavior\ShowPageTraceBehavior [ RunTime:0.001000s ]
INFO: [ app_end ] --END-- [ RunTime:0.001000s ]

[ 2017-10-05T11:49:17+08:00 ] ::1 /shengu/Home/delMedia
INFO: [ app_init ] --START--
INFO: Run Behavior\BuildLiteBehavior [ RunTime:0.000000s ]
INFO: [ app_init ] --END-- [ RunTime:0.000000s ]
INFO: [ app_begin ] --START--
INFO: Run Behavior\ReadHtmlCacheBehavior [ RunTime:0.001001s ]
INFO: [ app_begin ] --END-- [ RunTime:0.001001s ]
NOTIC: [8] Undefined index: plat F:\wamp\www\shengu\Application\Home\Controller\DelMediaController.class.php 第 14 行.
NOTIC: [8] Undefined index: pid F:\wamp\www\shengu\Application\Home\Controller\DelMediaController.class.php 第 15 行.
NOTIC: [8] Undefined index: name F:\wamp\www\shengu\Application\Home\Controller\DelMediaController.class.php 第 18 行.
INFO: [ app_end ] --START--
INFO: Run Behavior\ShowPageTraceBehavior [ RunTime:0.001000s ]
INFO: [ app_end ] --END-- [ RunTime:0.001000s ]

[ 2017-10-05T11:49:36+08:00 ] ::1 /shengu/Home/delMedia
INFO: [ app_init ] --START--
INFO: Run Behavior\BuildLiteBehavior [ RunTime:0.000000s ]
INFO: [ app_init ] --END-- [ RunTime:0.000000s ]
INFO: [ app_begin ] --START--
INFO: Run Behavior\ReadHtmlCacheBehavior [ RunTime:0.000000s ]
INFO: [ app_begin ] --END-- [ RunTime:0.001000s ]
NOTIC: [8] Undefined index: plat F:\wamp\www\shengu\Application\Home\Controller\DelMediaController.class.php 第 14 行.
NOTIC: [8] Undefined index: pid F:\wamp\www\shengu\Application\Home\Controller\DelMediaController.class.php 第 15 行.
NOTIC: [8] Undefined index: name F:\wamp\www\shengu\Application\Home\Controller\DelMediaController.class.php 第 18 行.
INFO: [ app_end ] --START--
INFO: Run Behavior\ShowPageTraceBehavior [ RunTime:0.000000s ]
INFO: [ app_end ] --END-- [ RunTime:0.001000s ]

[ 2017-10-05T11:49:37+08:00 ] ::1 /shengu/Home/delMedia
INFO: [ app_init ] --START--
INFO: Run Behavior\BuildLiteBehavior [ RunTime:0.000000s ]
INFO: [ app_init ] --END-- [ RunTime:0.001000s ]
INFO: [ app_begin ] --START--
INFO: Run Behavior\ReadHtmlCacheBehavior [ RunTime:0.001000s ]
INFO: [ app_begin ] --END-- [ RunTime:0.001000s ]
NOTIC: [8] Undefined index: plat F:\wamp\www\shengu\Application\Home\Controller\DelMediaController.class.php 第 14 行.
NOTIC: [8] Undefined index: pid F:\wamp\www\shengu\Application\Home\Controller\DelMediaController.class.php 第 15 行.
NOTIC: [8] Undefined index: name F:\wamp\www\shengu\Application\Home\Controller\DelMediaController.class.php 第 18 行.
INFO: [ app_end ] --START--
INFO: Run Behavior\ShowPageTraceBehavior [ RunTime:0.001000s ]
INFO: [ app_end ] --END-- [ RunTime:0.001000s ]

[ 2017-10-05T11:50:11+08:00 ] ::1 /shengu/Home/delMedia
INFO: [ app_init ] --START--
INFO: Run Behavior\BuildLiteBehavior [ RunTime:0.001000s ]
INFO: [ app_init ] --END-- [ RunTime:0.001000s ]
INFO: [ app_begin ] --START--
INFO: Run Behavior\ReadHtmlCacheBehavior [ RunTime:0.001000s ]
INFO: [ app_begin ] --END-- [ RunTime:0.001000s ]
NOTIC: [8] Undefined index: pid F:\wamp\www\shengu\Application\Home\Controller\DelMediaController.class.php 第 15 行.
NOTIC: [8] Undefined index: name F:\wamp\www\shengu\Application\Home\Controller\DelMediaController.class.php 第 18 行.
INFO: [ app_end ] --START--
INFO: Run Behavior\ShowPageTraceBehavior [ RunTime:0.000000s ]
INFO: [ app_end ] --END-- [ RunTime:0.001001s ]

[ 2017-10-05T11:50:31+08:00 ] ::1 /shengu/Home/delMedia
INFO: [ app_init ] --START--
INFO: Run Behavior\BuildLiteBehavior [ RunTime:0.000000s ]
INFO: [ app_init ] --END-- [ RunTime:0.001000s ]
INFO: [ app_begin ] --START--
INFO: Run Behavior\ReadHtmlCacheBehavior [ RunTime:0.001000s ]
INFO: [ app_begin ] --END-- [ RunTime:0.001000s ]
NOTIC: [8] Undefined index: pid F:\wamp\www\shengu\Application\Home\Controller\DelMediaController.class.php 第 16 行.
NOTIC: [8] Undefined index: name F:\wamp\www\shengu\Application\Home\Controller\DelMediaController.class.php 第 19 行.
INFO: [ app_end ] --START--
INFO: Run Behavior\ShowPageTraceBehavior [ RunTime:0.001000s ]
INFO: [ app_end ] --END-- [ RunTime:0.001000s ]

[ 2017-10-05T11:50:56+08:00 ] ::1 /shengu/Home/delMedia
INFO: [ app_init ] --START--
INFO: Run Behavior\BuildLiteBehavior [ RunTime:0.000000s ]
INFO: [ app_init ] --END-- [ RunTime:0.001000s ]
INFO: [ app_begin ] --START--
INFO: Run Behavior\ReadHtmlCacheBehavior [ RunTime:0.000000s ]
INFO: [ app_begin ] --END-- [ RunTime:0.001000s ]
NOTIC: [8] Undefined index: pid F:\wamp\www\shengu\Application\Home\Controller\DelMediaController.class.php 第 15 行.
SQL: SHOW COLUMNS FROM `blogproviders` [ RunTime:0.0040s ]
SQL: DELETE FROM `blogproviders` WHERE `pid` = '王小呆_鼓山' [ RunTime:0.0510s ]
INFO: [ app_end ] --START--
INFO: Run Behavior\ShowPageTraceBehavior [ RunTime:0.001000s ]
INFO: [ app_end ] --END-- [ RunTime:0.001000s ]

[ 2017-10-05T11:52:15+08:00 ] ::1 /shengu/Home/delMedia
INFO: [ app_init ] --START--
INFO: Run Behavior\BuildLiteBehavior [ RunTime:0.000000s ]
INFO: [ app_init ] --END-- [ RunTime:0.000000s ]
INFO: [ app_begin ] --START--
INFO: Run Behavior\ReadHtmlCacheBehavior [ RunTime:0.001000s ]
INFO: [ app_begin ] --END-- [ RunTime:0.001000s ]
NOTIC: [8] Undefined index: plat F:\wamp\www\shengu\Application\Home\Controller\DelMediaController.class.php 第 12 行.

[ 2017-10-05T11:52:42+08:00 ] ::1 /shengu/Home/delMedia
INFO: [ app_init ] --START--
INFO: Run Behavior\BuildLiteBehavior [ RunTime:0.000000s ]
INFO: [ app_init ] --END-- [ RunTime:0.000000s ]
INFO: [ app_begin ] --START--
INFO: Run Behavior\ReadHtmlCacheBehavior [ RunTime:0.000000s ]
INFO: [ app_begin ] --END-- [ RunTime:0.001000s ]
NOTIC: [8] Undefined index: pid F:\wamp\www\shengu\Application\Home\Controller\DelMediaController.class.php 第 15 行.

[ 2017-10-05T11:52:44+08:00 ] ::1 /shengu/Home/delMedia
INFO: [ app_init ] --START--
INFO: Run Behavior\BuildLiteBehavior [ RunTime:0.000000s ]
INFO: [ app_init ] --END-- [ RunTime:0.001000s ]
INFO: [ app_begin ] --START--
INFO: Run Behavior\ReadHtmlCacheBehavior [ RunTime:0.000000s ]
INFO: [ app_begin ] --END-- [ RunTime:0.001000s ]
NOTIC: [8] Undefined index: pid F:\wamp\www\shengu\Application\Home\Controller\DelMediaController.class.php 第 15 行.

[ 2017-10-05T11:53:12+08:00 ] ::1 /shengu/Home/delMedia
INFO: [ app_init ] --START--
INFO: Run Behavior\BuildLiteBehavior [ RunTime:0.000000s ]
INFO: [ app_init ] --END-- [ RunTime:0.001000s ]
INFO: [ app_begin ] --START--
INFO: Run Behavior\ReadHtmlCacheBehavior [ RunTime:0.000000s ]
INFO: [ app_begin ] --END-- [ RunTime:0.000000s ]
NOTIC: [8] Undefined index: plat F:\wamp\www\shengu\Application\Home\Controller\DelMediaController.class.php 第 12 行.

