[ 2017-08-30T17:51:04+08:00 ] ::1 /TP/static/css/app.260fd38757c8d00ad9ef739ca97bb2c9.css
INFO: [ app_init ] --START--
INFO: Run Behavior\BuildLiteBehavior [ RunTime:0.000000s ]
INFO: [ app_init ] --END-- [ RunTime:0.001000s ]
ERR: 无法加载模块:Static

[ 2017-08-30T17:51:04+08:00 ] ::1 /TP/static/js/manifest.87847c6afd3495eb5cd5.js
INFO: [ app_init ] --START--
INFO: Run Behavior\BuildLiteBehavior [ RunTime:0.000000s ]
INFO: [ app_init ] --END-- [ RunTime:0.000000s ]
ERR: 无法加载模块:Static

[ 2017-08-30T17:51:04+08:00 ] ::1 /TP/static/js/vendor.2de1ff6d90aee2253c48.js
INFO: [ app_init ] --START--
INFO: Run Behavior\BuildLiteBehavior [ RunTime:0.000000s ]
INFO: [ app_init ] --END-- [ RunTime:0.000000s ]
ERR: 无法加载模块:Static

[ 2017-08-30T17:51:04+08:00 ] ::1 /TP/static/js/app.d75d6e54e9cf0c2d7c7f.js
INFO: [ app_init ] --START--
INFO: Run Behavior\BuildLiteBehavior [ RunTime:0.001000s ]
INFO: [ app_init ] --END-- [ RunTime:0.001000s ]
ERR: 无法加载模块:Static

[ 2017-08-30T17:51:04+08:00 ] ::1 /TP/static/js/manifest.87847c6afd3495eb5cd5.js
INFO: [ app_init ] --START--
INFO: Run Behavior\BuildLiteBehavior [ RunTime:0.000000s ]
INFO: [ app_init ] --END-- [ RunTime:0.001000s ]
ERR: 无法加载模块:Static

[ 2017-08-30T17:51:05+08:00 ] ::1 /TP/static/js/vendor.2de1ff6d90aee2253c48.js
INFO: [ app_init ] --START--
INFO: Run Behavior\BuildLiteBehavior [ RunTime:0.000000s ]
INFO: [ app_init ] --END-- [ RunTime:0.000000s ]
ERR: 无法加载模块:Static

[ 2017-08-30T17:51:05+08:00 ] ::1 /TP/static/js/app.d75d6e54e9cf0c2d7c7f.js
INFO: [ app_init ] --START--
INFO: Run Behavior\BuildLiteBehavior [ RunTime:0.000000s ]
INFO: [ app_init ] --END-- [ RunTime:0.001000s ]
ERR: 无法加载模块:Static

[ 2017-08-30T17:52:52+08:00 ] ::1 /TP/static/css/app.260fd38757c8d00ad9ef739ca97bb2c9.css
INFO: [ app_init ] --START--
INFO: Run Behavior\BuildLiteBehavior [ RunTime:0.000000s ]
INFO: [ app_init ] --END-- [ RunTime:0.000000s ]
ERR: 无法加载模块:Static

[ 2017-08-30T17:52:52+08:00 ] ::1 /TP/static/js/manifest.87847c6afd3495eb5cd5.js
INFO: [ app_init ] --START--
INFO: Run Behavior\BuildLiteBehavior [ RunTime:0.000000s ]
INFO: [ app_init ] --END-- [ RunTime:0.001000s ]
ERR: 无法加载模块:Static

[ 2017-08-30T17:52:52+08:00 ] ::1 /TP/static/js/vendor.2de1ff6d90aee2253c48.js
INFO: [ app_init ] --START--
INFO: Run Behavior\BuildLiteBehavior [ RunTime:0.000000s ]
INFO: [ app_init ] --END-- [ RunTime:0.001000s ]
ERR: 无法加载模块:Static

[ 2017-08-30T17:52:52+08:00 ] ::1 /TP/static/js/app.d75d6e54e9cf0c2d7c7f.js
INFO: [ app_init ] --START--
INFO: Run Behavior\BuildLiteBehavior [ RunTime:0.000000s ]
INFO: [ app_init ] --END-- [ RunTime:0.001000s ]
ERR: 无法加载模块:Static

[ 2017-08-30T17:52:52+08:00 ] ::1 /TP/static/js/manifest.87847c6afd3495eb5cd5.js
INFO: [ app_init ] --START--
INFO: Run Behavior\BuildLiteBehavior [ RunTime:0.000000s ]
INFO: [ app_init ] --END-- [ RunTime:0.000000s ]
ERR: 无法加载模块:Static

[ 2017-08-30T17:52:52+08:00 ] ::1 /TP/static/js/vendor.2de1ff6d90aee2253c48.js
INFO: [ app_init ] --START--
INFO: Run Behavior\BuildLiteBehavior [ RunTime:0.000000s ]
INFO: [ app_init ] --END-- [ RunTime:0.001000s ]
ERR: 无法加载模块:Static

[ 2017-08-30T17:52:52+08:00 ] ::1 /TP/static/js/app.d75d6e54e9cf0c2d7c7f.js
INFO: [ app_init ] --START--
INFO: Run Behavior\BuildLiteBehavior [ RunTime:0.000000s ]
INFO: [ app_init ] --END-- [ RunTime:0.001000s ]
ERR: 无法加载模块:Static

[ 2017-08-30T17:53:01+08:00 ] ::1 /TP/static/css/app.260fd38757c8d00ad9ef739ca97bb2c9.css
INFO: [ app_init ] --START--
INFO: Run Behavior\BuildLiteBehavior [ RunTime:0.000000s ]
INFO: [ app_init ] --END-- [ RunTime:0.001000s ]
ERR: 无法加载模块:Static

[ 2017-08-30T17:53:21+08:00 ] ::1 /TP/static/css/app.260fd38757c8d00ad9ef739ca97bb2c9.css
INFO: [ app_init ] --START--
INFO: Run Behavior\BuildLiteBehavior [ RunTime:0.000000s ]
INFO: [ app_init ] --END-- [ RunTime:0.000000s ]
ERR: 无法加载模块:Static

[ 2017-08-30T17:53:21+08:00 ] ::1 /TP/static/js/manifest.87847c6afd3495eb5cd5.js
INFO: [ app_init ] --START--
INFO: Run Behavior\BuildLiteBehavior [ RunTime:0.000000s ]
INFO: [ app_init ] --END-- [ RunTime:0.001000s ]
ERR: 无法加载模块:Static

[ 2017-08-30T17:53:21+08:00 ] ::1 /TP/static/js/app.d75d6e54e9cf0c2d7c7f.js
INFO: [ app_init ] --START--
INFO: Run Behavior\BuildLiteBehavior [ RunTime:0.000000s ]
INFO: [ app_init ] --END-- [ RunTime:0.001000s ]
ERR: 无法加载模块:Static

[ 2017-08-30T17:53:21+08:00 ] ::1 /TP/static/js/vendor.2de1ff6d90aee2253c48.js
INFO: [ app_init ] --START--
INFO: Run Behavior\BuildLiteBehavior [ RunTime:0.000000s ]
INFO: [ app_init ] --END-- [ RunTime:0.007000s ]
ERR: 无法加载模块:Static

[ 2017-08-30T17:53:21+08:00 ] ::1 /TP/static/js/manifest.87847c6afd3495eb5cd5.js
INFO: [ app_init ] --START--
INFO: Run Behavior\BuildLiteBehavior [ RunTime:0.000000s ]
INFO: [ app_init ] --END-- [ RunTime:0.001000s ]
ERR: 无法加载模块:Static

[ 2017-08-30T17:53:21+08:00 ] ::1 /TP/static/js/vendor.2de1ff6d90aee2253c48.js
INFO: [ app_init ] --START--
INFO: Run Behavior\BuildLiteBehavior [ RunTime:0.001000s ]
INFO: [ app_init ] --END-- [ RunTime:0.001000s ]
ERR: 无法加载模块:Static

[ 2017-08-30T17:53:22+08:00 ] ::1 /TP/static/js/app.d75d6e54e9cf0c2d7c7f.js
INFO: [ app_init ] --START--
INFO: Run Behavior\BuildLiteBehavior [ RunTime:0.000000s ]
INFO: [ app_init ] --END-- [ RunTime:0.000000s ]
ERR: 无法加载模块:Static

[ 2017-08-30T17:53:22+08:00 ] ::1 /TP/static/js/vendor.2de1ff6d90aee2253c48.js
INFO: [ app_init ] --START--
INFO: Run Behavior\BuildLiteBehavior [ RunTime:0.000000s ]
INFO: [ app_init ] --END-- [ RunTime:0.000000s ]
ERR: 无法加载模块:Static

[ 2017-08-30T17:53:22+08:00 ] ::1 /TP/static/css/app.260fd38757c8d00ad9ef739ca97bb2c9.css
INFO: [ app_init ] --START--
INFO: Run Behavior\BuildLiteBehavior [ RunTime:0.000000s ]
INFO: [ app_init ] --END-- [ RunTime:0.001001s ]
ERR: 无法加载模块:Static

[ 2017-08-30T17:53:22+08:00 ] ::1 /TP/static/js/app.d75d6e54e9cf0c2d7c7f.js
INFO: [ app_init ] --START--
INFO: Run Behavior\BuildLiteBehavior [ RunTime:0.000000s ]
INFO: [ app_init ] --END-- [ RunTime:0.001000s ]
ERR: 无法加载模块:Static

[ 2017-08-30T17:53:22+08:00 ] ::1 /TP/static/js/manifest.87847c6afd3495eb5cd5.js
INFO: [ app_init ] --START--
INFO: Run Behavior\BuildLiteBehavior [ RunTime:0.000000s ]
INFO: [ app_init ] --END-- [ RunTime:0.000000s ]
ERR: 无法加载模块:Static

[ 2017-08-30T17:53:22+08:00 ] ::1 /TP/static/js/manifest.87847c6afd3495eb5cd5.js
INFO: [ app_init ] --START--
INFO: Run Behavior\BuildLiteBehavior [ RunTime:0.000000s ]
INFO: [ app_init ] --END-- [ RunTime:0.001000s ]
ERR: 无法加载模块:Static

[ 2017-08-30T17:53:23+08:00 ] ::1 /TP/static/js/vendor.2de1ff6d90aee2253c48.js
INFO: [ app_init ] --START--
INFO: Run Behavior\BuildLiteBehavior [ RunTime:0.000000s ]
INFO: [ app_init ] --END-- [ RunTime:0.001000s ]
ERR: 无法加载模块:Static

[ 2017-08-30T17:53:23+08:00 ] ::1 /TP/static/js/app.d75d6e54e9cf0c2d7c7f.js
INFO: [ app_init ] --START--
INFO: Run Behavior\BuildLiteBehavior [ RunTime:0.000000s ]
INFO: [ app_init ] --END-- [ RunTime:0.000000s ]
ERR: 无法加载模块:Static

[ 2017-08-30T17:55:52+08:00 ] ::1 /TP/static/css/app.260fd38757c8d00ad9ef739ca97bb2c9.css
INFO: [ app_init ] --START--
INFO: Run Behavior\BuildLiteBehavior [ RunTime:0.000000s ]
INFO: [ app_init ] --END-- [ RunTime:0.001000s ]
ERR: 无法加载模块:Static

[ 2017-08-30T17:55:52+08:00 ] ::1 /TP/static/js/manifest.87847c6afd3495eb5cd5.js
INFO: [ app_init ] --START--
INFO: Run Behavior\BuildLiteBehavior [ RunTime:0.000000s ]
INFO: [ app_init ] --END-- [ RunTime:0.001000s ]
ERR: 无法加载模块:Static

[ 2017-08-30T17:55:52+08:00 ] ::1 /TP/static/js/app.d75d6e54e9cf0c2d7c7f.js
INFO: [ app_init ] --START--
INFO: Run Behavior\BuildLiteBehavior [ RunTime:0.000000s ]
INFO: [ app_init ] --END-- [ RunTime:0.001000s ]
ERR: 无法加载模块:Static

[ 2017-08-30T17:55:52+08:00 ] ::1 /TP/static/js/vendor.2de1ff6d90aee2253c48.js
INFO: [ app_init ] --START--
INFO: Run Behavior\BuildLiteBehavior [ RunTime:0.001000s ]
INFO: [ app_init ] --END-- [ RunTime:0.001000s ]
ERR: 无法加载模块:Static

[ 2017-08-30T17:55:52+08:00 ] ::1 /TP/static/js/manifest.87847c6afd3495eb5cd5.js
INFO: [ app_init ] --START--
INFO: Run Behavior\BuildLiteBehavior [ RunTime:0.000000s ]
INFO: [ app_init ] --END-- [ RunTime:0.001000s ]
ERR: 无法加载模块:Static

[ 2017-08-30T17:55:52+08:00 ] ::1 /TP/static/js/vendor.2de1ff6d90aee2253c48.js
INFO: [ app_init ] --START--
INFO: Run Behavior\BuildLiteBehavior [ RunTime:0.000000s ]
INFO: [ app_init ] --END-- [ RunTime:0.001000s ]
ERR: 无法加载模块:Static

[ 2017-08-30T17:55:52+08:00 ] ::1 /TP/static/js/app.d75d6e54e9cf0c2d7c7f.js
INFO: [ app_init ] --START--
INFO: Run Behavior\BuildLiteBehavior [ RunTime:0.000000s ]
INFO: [ app_init ] --END-- [ RunTime:0.000000s ]
ERR: 无法加载模块:Static

[ 2017-08-30T17:55:54+08:00 ] ::1 /TP/static/js/manifest.87847c6afd3495eb5cd5.js
INFO: [ app_init ] --START--
INFO: Run Behavior\BuildLiteBehavior [ RunTime:0.000000s ]
INFO: [ app_init ] --END-- [ RunTime:0.001000s ]
ERR: 无法加载模块:Static

[ 2017-08-30T17:55:54+08:00 ] ::1 /TP/static/js/app.d75d6e54e9cf0c2d7c7f.js
INFO: [ app_init ] --START--
INFO: Run Behavior\BuildLiteBehavior [ RunTime:0.000000s ]
INFO: [ app_init ] --END-- [ RunTime:0.001000s ]
ERR: 无法加载模块:Static

[ 2017-08-30T17:55:54+08:00 ] ::1 /TP/static/css/app.260fd38757c8d00ad9ef739ca97bb2c9.css
INFO: [ app_init ] --START--
INFO: Run Behavior\BuildLiteBehavior [ RunTime:0.000000s ]
INFO: [ app_init ] --END-- [ RunTime:0.006001s ]
ERR: 无法加载模块:Static

[ 2017-08-30T17:55:54+08:00 ] ::1 /TP/static/js/vendor.2de1ff6d90aee2253c48.js
INFO: [ app_init ] --START--
INFO: Run Behavior\BuildLiteBehavior [ RunTime:0.000000s ]
INFO: [ app_init ] --END-- [ RunTime:0.001000s ]
ERR: 无法加载模块:Static

[ 2017-08-30T17:55:54+08:00 ] ::1 /TP/static/js/manifest.87847c6afd3495eb5cd5.js
INFO: [ app_init ] --START--
INFO: Run Behavior\BuildLiteBehavior [ RunTime:0.000000s ]
INFO: [ app_init ] --END-- [ RunTime:0.001000s ]
ERR: 无法加载模块:Static

[ 2017-08-30T17:55:54+08:00 ] ::1 /TP/static/js/vendor.2de1ff6d90aee2253c48.js
INFO: [ app_init ] --START--
INFO: Run Behavior\BuildLiteBehavior [ RunTime:0.000000s ]
INFO: [ app_init ] --END-- [ RunTime:0.001001s ]
ERR: 无法加载模块:Static

[ 2017-08-30T17:55:55+08:00 ] ::1 /TP/static/js/app.d75d6e54e9cf0c2d7c7f.js
INFO: [ app_init ] --START--
INFO: Run Behavior\BuildLiteBehavior [ RunTime:0.000000s ]
INFO: [ app_init ] --END-- [ RunTime:0.001000s ]
ERR: 无法加载模块:Static

[ 2017-08-30T17:56:16+08:00 ] ::1 /TP/static/js/manifest.87847c6afd3495eb5cd5.js
INFO: [ app_init ] --START--
INFO: Run Behavior\BuildLiteBehavior [ RunTime:0.000000s ]
INFO: [ app_init ] --END-- [ RunTime:0.001000s ]
ERR: 无法加载模块:Static

[ 2017-08-30T17:56:16+08:00 ] ::1 /TP/static/js/app.d75d6e54e9cf0c2d7c7f.js
INFO: [ app_init ] --START--
INFO: Run Behavior\BuildLiteBehavior [ RunTime:0.000000s ]
INFO: [ app_init ] --END-- [ RunTime:0.001000s ]
ERR: 无法加载模块:Static

[ 2017-08-30T17:56:16+08:00 ] ::1 /TP/static/css/app.260fd38757c8d00ad9ef739ca97bb2c9.css
INFO: [ app_init ] --START--
INFO: Run Behavior\BuildLiteBehavior [ RunTime:0.000000s ]
INFO: [ app_init ] --END-- [ RunTime:0.001000s ]
ERR: 无法加载模块:Static

[ 2017-08-30T17:56:16+08:00 ] ::1 /TP/static/js/vendor.2de1ff6d90aee2253c48.js
INFO: [ app_init ] --START--
INFO: Run Behavior\BuildLiteBehavior [ RunTime:0.000000s ]
INFO: [ app_init ] --END-- [ RunTime:0.001000s ]
ERR: 无法加载模块:Static

[ 2017-08-30T17:56:16+08:00 ] ::1 /TP/static/js/manifest.87847c6afd3495eb5cd5.js
INFO: [ app_init ] --START--
INFO: Run Behavior\BuildLiteBehavior [ RunTime:0.000000s ]
INFO: [ app_init ] --END-- [ RunTime:0.001000s ]
ERR: 无法加载模块:Static

[ 2017-08-30T17:56:16+08:00 ] ::1 /TP/static/js/vendor.2de1ff6d90aee2253c48.js
INFO: [ app_init ] --START--
INFO: Run Behavior\BuildLiteBehavior [ RunTime:0.000000s ]
INFO: [ app_init ] --END-- [ RunTime:0.001000s ]
ERR: 无法加载模块:Static

[ 2017-08-30T17:56:17+08:00 ] ::1 /TP/static/js/app.d75d6e54e9cf0c2d7c7f.js
INFO: [ app_init ] --START--
INFO: Run Behavior\BuildLiteBehavior [ RunTime:0.001000s ]
INFO: [ app_init ] --END-- [ RunTime:0.001000s ]
ERR: 无法加载模块:Static

[ 2017-08-30T17:57:07+08:00 ] ::1 /TP/static/js/vendor.2de1ff6d90aee2253c48.js
INFO: [ app_init ] --START--
INFO: Run Behavior\BuildLiteBehavior [ RunTime:0.000000s ]
INFO: [ app_init ] --END-- [ RunTime:0.001000s ]
ERR: 无法加载模块:Static

[ 2017-08-30T17:57:07+08:00 ] ::1 /TP/static/css/app.260fd38757c8d00ad9ef739ca97bb2c9.css
INFO: [ app_init ] --START--
INFO: Run Behavior\BuildLiteBehavior [ RunTime:0.000000s ]
INFO: [ app_init ] --END-- [ RunTime:0.001000s ]
ERR: 无法加载模块:Static

[ 2017-08-30T17:57:07+08:00 ] ::1 /TP/static/js/manifest.87847c6afd3495eb5cd5.js
INFO: [ app_init ] --START--
INFO: Run Behavior\BuildLiteBehavior [ RunTime:0.000000s ]
INFO: [ app_init ] --END-- [ RunTime:0.001000s ]
ERR: 无法加载模块:Static

[ 2017-08-30T17:57:07+08:00 ] ::1 /TP/static/js/app.d75d6e54e9cf0c2d7c7f.js
INFO: [ app_init ] --START--
INFO: Run Behavior\BuildLiteBehavior [ RunTime:0.000000s ]
INFO: [ app_init ] --END-- [ RunTime:0.000000s ]
ERR: 无法加载模块:Static

[ 2017-08-30T17:57:07+08:00 ] ::1 /TP/static/js/vendor.2de1ff6d90aee2253c48.js
INFO: [ app_init ] --START--
INFO: Run Behavior\BuildLiteBehavior [ RunTime:0.000000s ]
INFO: [ app_init ] --END-- [ RunTime:0.000000s ]
ERR: 无法加载模块:Static

[ 2017-08-30T17:57:07+08:00 ] ::1 /TP/static/js/app.d75d6e54e9cf0c2d7c7f.js
INFO: [ app_init ] --START--
INFO: Run Behavior\BuildLiteBehavior [ RunTime:0.000000s ]
INFO: [ app_init ] --END-- [ RunTime:0.001000s ]
ERR: 无法加载模块:Static

[ 2017-08-30T17:57:11+08:00 ] ::1 /TP/static/css/app.260fd38757c8d00ad9ef739ca97bb2c9.css
INFO: [ app_init ] --START--
INFO: Run Behavior\BuildLiteBehavior [ RunTime:0.000000s ]
INFO: [ app_init ] --END-- [ RunTime:0.000000s ]
ERR: 无法加载模块:Static

[ 2017-08-30T17:57:23+08:00 ] ::1 /TP/static/js/vendor.2de1ff6d90aee2253c48.js
INFO: [ app_init ] --START--
INFO: Run Behavior\BuildLiteBehavior [ RunTime:0.000000s ]
INFO: [ app_init ] --END-- [ RunTime:0.002000s ]
ERR: 无法加载模块:Static

[ 2017-08-30T17:57:23+08:00 ] ::1 /TP/static/js/manifest.87847c6afd3495eb5cd5.js
INFO: [ app_init ] --START--
INFO: Run Behavior\BuildLiteBehavior [ RunTime:0.001000s ]
INFO: [ app_init ] --END-- [ RunTime:0.001000s ]
ERR: 无法加载模块:Static

[ 2017-08-30T17:57:23+08:00 ] ::1 /TP/static/js/app.d75d6e54e9cf0c2d7c7f.js
INFO: [ app_init ] --START--
INFO: Run Behavior\BuildLiteBehavior [ RunTime:0.000000s ]
INFO: [ app_init ] --END-- [ RunTime:0.002000s ]
ERR: 无法加载模块:Static

[ 2017-08-30T17:57:23+08:00 ] ::1 /TP/static/css/app.260fd38757c8d00ad9ef739ca97bb2c9.css
INFO: [ app_init ] --START--
INFO: Run Behavior\BuildLiteBehavior [ RunTime:0.000000s ]
INFO: [ app_init ] --END-- [ RunTime:0.000000s ]
ERR: 无法加载模块:Static

[ 2017-08-30T17:57:23+08:00 ] ::1 /TP/static/js/manifest.87847c6afd3495eb5cd5.js
INFO: [ app_init ] --START--
INFO: Run Behavior\BuildLiteBehavior [ RunTime:0.000000s ]
INFO: [ app_init ] --END-- [ RunTime:0.001000s ]
ERR: 无法加载模块:Static

[ 2017-08-30T17:57:23+08:00 ] ::1 /TP/static/js/vendor.2de1ff6d90aee2253c48.js
INFO: [ app_init ] --START--
INFO: Run Behavior\BuildLiteBehavior [ RunTime:0.000000s ]
INFO: [ app_init ] --END-- [ RunTime:0.001000s ]
ERR: 无法加载模块:Static

[ 2017-08-30T17:57:23+08:00 ] ::1 /TP/static/js/app.d75d6e54e9cf0c2d7c7f.js
INFO: [ app_init ] --START--
INFO: Run Behavior\BuildLiteBehavior [ RunTime:0.000000s ]
INFO: [ app_init ] --END-- [ RunTime:0.001000s ]
ERR: 无法加载模块:Static

[ 2017-08-30T17:58:13+08:00 ] ::1 /TP/static/js/manifest.87847c6afd3495eb5cd5.js
INFO: [ app_init ] --START--
INFO: Run Behavior\BuildLiteBehavior [ RunTime:0.000000s ]
INFO: [ app_init ] --END-- [ RunTime:0.000000s ]
ERR: 无法加载模块:Static

[ 2017-08-30T17:58:13+08:00 ] ::1 /TP/static/css/app.260fd38757c8d00ad9ef739ca97bb2c9.css
INFO: [ app_init ] --START--
INFO: Run Behavior\BuildLiteBehavior [ RunTime:0.000000s ]
INFO: [ app_init ] --END-- [ RunTime:0.001000s ]
ERR: 无法加载模块:Static

[ 2017-08-30T17:58:13+08:00 ] ::1 /TP/static/js/vendor.2de1ff6d90aee2253c48.js
INFO: [ app_init ] --START--
INFO: Run Behavior\BuildLiteBehavior [ RunTime:0.000000s ]
INFO: [ app_init ] --END-- [ RunTime:0.001000s ]
ERR: 无法加载模块:Static

[ 2017-08-30T17:58:13+08:00 ] ::1 /TP/static/js/app.d75d6e54e9cf0c2d7c7f.js
INFO: [ app_init ] --START--
INFO: Run Behavior\BuildLiteBehavior [ RunTime:0.000000s ]
INFO: [ app_init ] --END-- [ RunTime:0.001000s ]
ERR: 无法加载模块:Static

[ 2017-08-30T17:58:13+08:00 ] ::1 /TP/static/js/manifest.87847c6afd3495eb5cd5.js
INFO: [ app_init ] --START--
INFO: Run Behavior\BuildLiteBehavior [ RunTime:0.000000s ]
INFO: [ app_init ] --END-- [ RunTime:0.001000s ]
ERR: 无法加载模块:Static

[ 2017-08-30T17:58:13+08:00 ] ::1 /TP/static/js/vendor.2de1ff6d90aee2253c48.js
INFO: [ app_init ] --START--
INFO: Run Behavior\BuildLiteBehavior [ RunTime:0.000000s ]
INFO: [ app_init ] --END-- [ RunTime:0.001000s ]
ERR: 无法加载模块:Static

[ 2017-08-30T17:58:13+08:00 ] ::1 /TP/static/js/app.d75d6e54e9cf0c2d7c7f.js
INFO: [ app_init ] --START--
INFO: Run Behavior\BuildLiteBehavior [ RunTime:0.000000s ]
INFO: [ app_init ] --END-- [ RunTime:0.000000s ]
ERR: 无法加载模块:Static

[ 2017-08-30T17:58:14+08:00 ] ::1 /TP/static/css/app.260fd38757c8d00ad9ef739ca97bb2c9.css
INFO: [ app_init ] --START--
INFO: Run Behavior\BuildLiteBehavior [ RunTime:0.000000s ]
INFO: [ app_init ] --END-- [ RunTime:0.001000s ]
ERR: 无法加载模块:Static

[ 2017-08-30T17:58:14+08:00 ] ::1 /TP/static/js/vendor.2de1ff6d90aee2253c48.js
INFO: [ app_init ] --START--
INFO: Run Behavior\BuildLiteBehavior [ RunTime:0.000000s ]
INFO: [ app_init ] --END-- [ RunTime:0.000000s ]
ERR: 无法加载模块:Static

[ 2017-08-30T17:58:14+08:00 ] ::1 /TP/static/js/manifest.87847c6afd3495eb5cd5.js
INFO: [ app_init ] --START--
INFO: Run Behavior\BuildLiteBehavior [ RunTime:0.000000s ]
INFO: [ app_init ] --END-- [ RunTime:0.000000s ]
ERR: 无法加载模块:Static

[ 2017-08-30T17:58:14+08:00 ] ::1 /TP/static/js/app.d75d6e54e9cf0c2d7c7f.js
INFO: [ app_init ] --START--
INFO: Run Behavior\BuildLiteBehavior [ RunTime:0.000000s ]
INFO: [ app_init ] --END-- [ RunTime:0.000000s ]
ERR: 无法加载模块:Static

[ 2017-08-30T17:58:14+08:00 ] ::1 /TP/static/js/manifest.87847c6afd3495eb5cd5.js
INFO: [ app_init ] --START--
INFO: Run Behavior\BuildLiteBehavior [ RunTime:0.000000s ]
INFO: [ app_init ] --END-- [ RunTime:0.001000s ]
ERR: 无法加载模块:Static

[ 2017-08-30T17:58:14+08:00 ] ::1 /TP/static/js/vendor.2de1ff6d90aee2253c48.js
INFO: [ app_init ] --START--
INFO: Run Behavior\BuildLiteBehavior [ RunTime:0.001000s ]
INFO: [ app_init ] --END-- [ RunTime:0.001000s ]
ERR: 无法加载模块:Static

[ 2017-08-30T17:58:14+08:00 ] ::1 /TP/static/js/app.d75d6e54e9cf0c2d7c7f.js
INFO: [ app_init ] --START--
INFO: Run Behavior\BuildLiteBehavior [ RunTime:0.000000s ]
INFO: [ app_init ] --END-- [ RunTime:0.001000s ]
ERR: 无法加载模块:Static

[ 2017-08-30T17:58:15+08:00 ] ::1 /TP/static/css/app.260fd38757c8d00ad9ef739ca97bb2c9.css
INFO: [ app_init ] --START--
INFO: Run Behavior\BuildLiteBehavior [ RunTime:0.000000s ]
INFO: [ app_init ] --END-- [ RunTime:0.001000s ]
ERR: 无法加载模块:Static

[ 2017-08-30T17:58:15+08:00 ] ::1 /TP/static/js/app.d75d6e54e9cf0c2d7c7f.js
INFO: [ app_init ] --START--
INFO: Run Behavior\BuildLiteBehavior [ RunTime:0.000000s ]
INFO: [ app_init ] --END-- [ RunTime:0.001000s ]
ERR: 无法加载模块:Static

[ 2017-08-30T17:58:15+08:00 ] ::1 /TP/static/js/manifest.87847c6afd3495eb5cd5.js
INFO: [ app_init ] --START--
INFO: Run Behavior\BuildLiteBehavior [ RunTime:0.000000s ]
INFO: [ app_init ] --END-- [ RunTime:0.001000s ]
ERR: 无法加载模块:Static

[ 2017-08-30T17:58:15+08:00 ] ::1 /TP/static/js/vendor.2de1ff6d90aee2253c48.js
INFO: [ app_init ] --START--
INFO: Run Behavior\BuildLiteBehavior [ RunTime:0.000000s ]
INFO: [ app_init ] --END-- [ RunTime:0.001000s ]
ERR: 无法加载模块:Static

[ 2017-08-30T17:58:16+08:00 ] ::1 /TP/static/js/manifest.87847c6afd3495eb5cd5.js
INFO: [ app_init ] --START--
INFO: Run Behavior\BuildLiteBehavior [ RunTime:0.000000s ]
INFO: [ app_init ] --END-- [ RunTime:0.000000s ]
ERR: 无法加载模块:Static

[ 2017-08-30T17:58:16+08:00 ] ::1 /TP/static/js/vendor.2de1ff6d90aee2253c48.js
INFO: [ app_init ] --START--
INFO: Run Behavior\BuildLiteBehavior [ RunTime:0.000000s ]
INFO: [ app_init ] --END-- [ RunTime:0.001000s ]
ERR: 无法加载模块:Static

[ 2017-08-30T17:58:16+08:00 ] ::1 /TP/static/js/app.d75d6e54e9cf0c2d7c7f.js
INFO: [ app_init ] --START--
INFO: Run Behavior\BuildLiteBehavior [ RunTime:0.000000s ]
INFO: [ app_init ] --END-- [ RunTime:0.001000s ]
ERR: 无法加载模块:Static

[ 2017-08-30T18:05:15+08:00 ] ::1 /TP/static/js/7.7a82df367b1663d912b5.js
INFO: [ app_init ] --START--
INFO: Run Behavior\BuildLiteBehavior [ RunTime:0.000000s ]
INFO: [ app_init ] --END-- [ RunTime:0.000000s ]
ERR: 无法加载模块:Static

[ 2017-08-30T18:06:18+08:00 ] ::1 /TP/static/js/7.7a82df367b1663d912b5.js
INFO: [ app_init ] --START--
INFO: Run Behavior\BuildLiteBehavior [ RunTime:0.000000s ]
INFO: [ app_init ] --END-- [ RunTime:0.001000s ]
ERR: 无法加载模块:Static

[ 2017-08-30T18:06:20+08:00 ] ::1 /TP/static/js/7.7a82df367b1663d912b5.js
INFO: [ app_init ] --START--
INFO: Run Behavior\BuildLiteBehavior [ RunTime:0.000000s ]
INFO: [ app_init ] --END-- [ RunTime:0.001000s ]
ERR: 无法加载模块:Static

[ 2017-08-30T18:06:21+08:00 ] ::1 /TP/static/js/7.7a82df367b1663d912b5.js
INFO: [ app_init ] --START--
INFO: Run Behavior\BuildLiteBehavior [ RunTime:0.000000s ]
INFO: [ app_init ] --END-- [ RunTime:0.001000s ]
ERR: 无法加载模块:Static

[ 2017-08-30T18:17:42+08:00 ] ::1 /TP/static/js/app.d75d6e54e9cf0c2d7c7f.js
INFO: [ app_init ] --START--
INFO: Run Behavior\BuildLiteBehavior [ RunTime:0.000000s ]
INFO: [ app_init ] --END-- [ RunTime:0.000000s ]
ERR: 无法加载模块:Static

[ 2017-08-30T18:17:42+08:00 ] ::1 /TP/static/js/manifest.87847c6afd3495eb5cd5.js
INFO: [ app_init ] --START--
INFO: Run Behavior\BuildLiteBehavior [ RunTime:0.000000s ]
INFO: [ app_init ] --END-- [ RunTime:0.002000s ]
ERR: 无法加载模块:Static

[ 2017-08-30T18:17:42+08:00 ] ::1 /TP/static/css/app.260fd38757c8d00ad9ef739ca97bb2c9.css
INFO: [ app_init ] --START--
INFO: Run Behavior\BuildLiteBehavior [ RunTime:0.000000s ]
INFO: [ app_init ] --END-- [ RunTime:0.002000s ]
ERR: 无法加载模块:Static

[ 2017-08-30T18:17:42+08:00 ] ::1 /TP/static/js/vendor.2de1ff6d90aee2253c48.js
INFO: [ app_init ] --START--
INFO: Run Behavior\BuildLiteBehavior [ RunTime:0.000000s ]
INFO: [ app_init ] --END-- [ RunTime:0.001000s ]
ERR: 无法加载模块:Static

[ 2017-08-30T18:17:42+08:00 ] ::1 /TP/static/js/manifest.87847c6afd3495eb5cd5.js
INFO: [ app_init ] --START--
INFO: Run Behavior\BuildLiteBehavior [ RunTime:0.000000s ]
INFO: [ app_init ] --END-- [ RunTime:0.000000s ]
ERR: 无法加载模块:Static

[ 2017-08-30T18:17:42+08:00 ] ::1 /TP/static/js/vendor.2de1ff6d90aee2253c48.js
INFO: [ app_init ] --START--
INFO: Run Behavior\BuildLiteBehavior [ RunTime:0.000000s ]
INFO: [ app_init ] --END-- [ RunTime:0.001000s ]
ERR: 无法加载模块:Static

[ 2017-08-30T18:17:42+08:00 ] ::1 /TP/static/js/app.d75d6e54e9cf0c2d7c7f.js
INFO: [ app_init ] --START--
INFO: Run Behavior\BuildLiteBehavior [ RunTime:0.000000s ]
INFO: [ app_init ] --END-- [ RunTime:0.000000s ]
ERR: 无法加载模块:Static

[ 2017-08-30T18:17:43+08:00 ] ::1 /TP/static/css/app.260fd38757c8d00ad9ef739ca97bb2c9.css
INFO: [ app_init ] --START--
INFO: Run Behavior\BuildLiteBehavior [ RunTime:0.000000s ]
INFO: [ app_init ] --END-- [ RunTime:0.000000s ]
ERR: 无法加载模块:Static

[ 2017-08-30T18:17:43+08:00 ] ::1 /TP/static/js/manifest.87847c6afd3495eb5cd5.js
INFO: [ app_init ] --START--
INFO: Run Behavior\BuildLiteBehavior [ RunTime:0.000000s ]
INFO: [ app_init ] --END-- [ RunTime:0.001000s ]
ERR: 无法加载模块:Static

[ 2017-08-30T18:17:43+08:00 ] ::1 /TP/static/js/vendor.2de1ff6d90aee2253c48.js
INFO: [ app_init ] --START--
INFO: Run Behavior\BuildLiteBehavior [ RunTime:0.000000s ]
INFO: [ app_init ] --END-- [ RunTime:0.001000s ]
ERR: 无法加载模块:Static

[ 2017-08-30T18:17:43+08:00 ] ::1 /TP/static/js/app.d75d6e54e9cf0c2d7c7f.js
INFO: [ app_init ] --START--
INFO: Run Behavior\BuildLiteBehavior [ RunTime:0.000000s ]
INFO: [ app_init ] --END-- [ RunTime:0.000000s ]
ERR: 无法加载模块:Static

[ 2017-08-30T18:17:43+08:00 ] ::1 /TP/static/js/manifest.87847c6afd3495eb5cd5.js
INFO: [ app_init ] --START--
INFO: Run Behavior\BuildLiteBehavior [ RunTime:0.000000s ]
INFO: [ app_init ] --END-- [ RunTime:0.000000s ]
ERR: 无法加载模块:Static

[ 2017-08-30T18:17:43+08:00 ] ::1 /TP/static/js/vendor.2de1ff6d90aee2253c48.js
INFO: [ app_init ] --START--
INFO: Run Behavior\BuildLiteBehavior [ RunTime:0.000000s ]
INFO: [ app_init ] --END-- [ RunTime:0.000000s ]
ERR: 无法加载模块:Static

[ 2017-08-30T18:17:43+08:00 ] ::1 /TP/static/js/app.d75d6e54e9cf0c2d7c7f.js
INFO: [ app_init ] --START--
INFO: Run Behavior\BuildLiteBehavior [ RunTime:0.000000s ]
INFO: [ app_init ] --END-- [ RunTime:0.000000s ]
ERR: 无法加载模块:Static

